{"tipo_e":"inv","op":"get","clave":"pruebas","valor":null,"n":1,"id":"C1","t":501845879}
{"tipo_e":"res","op":"get","clave":"pruebas","valor":null,"n":1,"id":"C1","t":588798496}
{"tipo_e":"inv","op":"put","clave":"pruebas","valor":"C1_2","n":2,"id":"C1","t":637972136}
{"tipo_e":"res","op":"put","clave":"pruebas","valor":"C1_2","n":2,"id":"C1","t":641219524}
{"tipo_e":"inv","op":"get","clave":"pruebas","valor":null,"n":3,"id":"C1","t":649182181}
{"tipo_e":"res","op":"get","clave":"pruebas","valor":"C1_2","n":3,"id":"C1","t":651338438}
{"tipo_e":"inv","op":"get","clave":"pruebas","valor":null,"n":4,"id":"C1","t":659302753}
{"tipo_e":"inv","op":"get","clave":"pruebas","valor":null,"n":1,"id":"C2","t":660904892}
{"tipo_e":"res","op":"get","clave":"pruebas","valor":"C1_2","n":4,"id":"C1","t":661178324}
{"tipo_e":"res","op":"get","clave":"pruebas","valor":"C1_2","n":1,"id":"C2","t":662858138}
{"tipo_e":"inv","op":"get","clave":"pruebas","valor":null,"n":5,"id":"C1","t":669180891}
{"tipo_e":"res","op":"get","clave":"pruebas","valor":"C1_2","n":5,"id":"C1","t":671195691}
{"tipo_e":"inv","op":"put","clave":"pruebas","valor":"C2_2","n":2,"id":"C2","t":671877750}
{"tipo_e":"res","op":"put","clave":"pruebas","valor":"C2_2","n":2,"id":"C2","t":673817578}
{"tipo_e":"inv","op":"get","clave":"pruebas","valor":null,"n":6,"id":"C1","t":679012973}
{"tipo_e":"res","op":"get","clave":"pruebas","valor":"C2_2","n":6,"id":"C1","t":680619095}
{"tipo_e":"inv","op":"get","clave":"pruebas","valor":null,"n":3,"id":"C2","t":682479319}
{"tipo_e":"res","op":"get","clave":"pruebas","valor":"C2_2","n":3,"id":"C2","t":684412977}
{"tipo_e":"inv","op":"get","clave":"pruebas","valor":null,"n":7,"id":"C1","t":689332405}
{"tipo_e":"res","op":"get","clave":"pruebas","valor":"C2_2","n":7,"id":"C1","t":691139258}
{"tipo_e":"inv","op":"put","clave":"pruebas","valor":"C2_4","n":4,"id":"C2","t":692193144}
{"tipo_e":"res","op":"put","clave":"pruebas","valor":"C2_4","n":4,"id":"C2","t":693901680}
{"tipo_e":"inv","op":"put","clave":"pruebas","valor":"C1_8","n":8,"id":"C1","t":699012587}
{"tipo_e":"res","op":"put","clave":"pruebas","valor":"C1_8","n":8,"id":"C1","t":700810758}
{"tipo_e":"inv","op":"put","clave":"pruebas","valor":"C2_5","n":5,"id":"C2","t":701625740}
{"tipo_e":"res","op":"put","clave":"pruebas","valor":"C2_5","n":5,"id":"C2","t":704201541}
{"tipo_e":"inv","op":"get","clave":"pruebas","valor":null,"n":9,"id":"C1","t":708747904}
{"tipo_e":"res","op":"get","clave":"pruebas","valor":"C2_5","n":9,"id":"C1","t":710376521}
{"tipo_e":"inv","op":"get","clave":"pruebas","valor":null,"n":6,"id":"C2","t":712186580}
{"tipo_e":"res","op":"get","clave":"pruebas","valor":"C2_5","n":6,"id":"C2","t":713967814}
{"tipo_e":"inv","op":"put","clave":"pruebas","valor":"C1_10","n":10,"id":"C1","t":719158568}
{"tipo_e":"res","op":"put","clave":"pruebas","valor":"C1_10","n":10,"id":"C1","t":720905468}
{"tipo_e":"inv","op":"put","clave":"pruebas","valor":"C2_7","n":7,"id":"C2","t":721735097}
{"tipo_e":"res","op":"put","clave":"pruebas","valor":"C2_7","n":7,"id":"C2","t":723769463}
{"tipo_e":"inv","op":"put","clave":"pruebas","valor":"C1_11","n":11,"id":"C1","t":728790835}
{"tipo_e":"res","op":"put","clave":"pruebas","valor":"C1_11","n":11,"id":"C1","t":730441227}
{"tipo_e":"inv","op":"get","clave":"pruebas","valor":null,"n":8,"id":"C2","t":732497650}
{"tipo_e":"res","op":"get","clave":"pruebas","valor":"C1_11","n":8,"id":"C2","t":734233856}
{"tipo_e":"inv","op":"put","clave":"pruebas","valor":"C1_12","n":12,"id":"C1","t":739480139}
{"tipo_e":"res","op":"put","clave":"pruebas","valor":"C1_12","n":12,"id":"C1","t":742151431}
{"tipo_e":"inv","op":"get","clave":"pruebas","valor":null,"n":9,"id":"C2","t":743121058}
{"tipo_e":"res","op":"get","clave":"pruebas","valor":"C1_12","n":9,"id":"C2","t":744799079}
{"tipo_e":"inv","op":"put","clave":"pruebas","valor":"C1_13","n":13,"id":"C1","t":748901454}
{"tipo_e":"res","op":"put","clave":"pruebas","valor":"C1_13","n":13,"id":"C1","t":750378866}
{"tipo_e":"inv","op":"get","clave":"pruebas","valor":null,"n":10,"id":"C2","t":752603827}
{"tipo_e":"res","op":"get","clave":"pruebas","valor":"C1_13","n":10,"id":"C2","t":754328266}
{"tipo_e":"inv","op":"put","clave":"pruebas","valor":"C1_14","n":14,"id":"C1","t":758920271}
{"tipo_e":"res","op":"put","clave":"pruebas","valor":"C1_14","n":14,"id":"C1","t":760513930}
{"tipo_e":"inv","op":"get","clave":"pruebas","valor":null,"n":11,"id":"C2","t":763394308}
{"tipo_e":"res","op":"get","clave":"pruebas","valor":"C1_14","n":11,"id":"C2","t":764963677}
{"tipo_e":"inv","op":"put","clave":"pruebas","valor":"C1_15","n":15,"id":"C1","t":769281657}
{"tipo_e":"res","op":"put","clave":"pruebas","valor":"C1_15","n":15,"id":"C1","t":770862183}
{"tipo_e":"inv","op":"get","clave":"pruebas","valor":null,"n":12,"id":"C2","t":772808160}
{"tipo_e":"res","op":"get","clave":"pruebas","valor":"C1_15","n":12,"id":"C2","t":774200644}
{"tipo_e":"inv","op":"get","clave":"pruebas","valor":null,"n":16,"id":"C1","t":779577268}
{"tipo_e":"res","op":"get","clave":"pruebas","valor":"C1_15","n":16,"id":"C1","t":780977704}
{"tipo_e":"inv","op":"put","clave":"pruebas","valor":"C2_13","n":13,"id":"C2","t":782967267}
{"tipo_e":"res","op":"put","clave":"pruebas","valor":"C2_13","n":13,"id":"C2","t":784824733}
{"tipo_e":"inv","op":"put","clave":"pruebas","valor":"C1_17","n":17,"id":"C1","t":789606000}
{"tipo_e":"res","op":"put","clave":"pruebas","valor":"C1_17","n":17,"id":"C1","t":791687422}
{"tipo_e":"inv","op":"put","clave":"pruebas","valor":"C2_14","n":14,"id":"C2","t":793408741}
{"tipo_e":"res","op":"put","clave":"pruebas","valor":"C2_14","n":14,"id":"C2","t":794906040}
{"tipo_e":"inv","op":"get","clave":"pruebas","valor":null,"n":18,"id":"C1","t":800506998}
{"tipo_e":"res","op":"get","clave":"pruebas","valor":"C2_14","n":18,"id":"C1","t":802222714}
{"tipo_e":"inv","op":"put","clave":"pruebas","valor":"C2_15","n":15,"id":"C2","t":803464215}
{"tipo_e":"res","op":"put","clave":"pruebas","valor":"C2_15","n":15,"id":"C2","t":804917213}
{"tipo_e":"inv","op":"get","clave":"pruebas","valor":null,"n":19,"id":"C1","t":809989645}
{"tipo_e":"res","op":"get","clave":"pruebas","valor":"C2_15","n":19,"id":"C1","t":811962005}
{"tipo_e":"inv","op":"get","clave":"pruebas","valor":null,"n":16,"id":"C2","t":814659895}
{"tipo_e":"res","op":"get","clave":"pruebas","valor":"C2_15","n":16,"id":"C2","t":816431309}
{"tipo_e":"inv","op":"put","clave":"pruebas","valor":"C1_20","n":20,"id":"C1","t":819870676}
{"tipo_e":"res","op":"put","clave":"pruebas","valor":"C1_20","n":20,"id":"C1","t":821275886}
{"tipo_e":"inv","op":"put","clave":"pruebas","valor":"C2_17","n":17,"id":"C2","t":825439495}
{"tipo_e":"res","op":"put","clave":"pruebas","valor":"C2_17","n":17,"id":"C2","t":827292655}
{"tipo_e":"inv","op":"get","clave":"pruebas","valor":null,"n":21,"id":"C1","t":829999199}
{"tipo_e":"res","op":"get","clave":"pruebas","valor":"C2_17","n":21,"id":"C1","t":831669795}
{"tipo_e":"inv","op":"get","clave":"pruebas","valor":null,"n":18,"id":"C2","t":834973439}
{"tipo_e":"res","op":"get","clave":"pruebas","valor":"C2_17","n":18,"id":"C2","t":836471163}
{"tipo_e":"inv","op":"get","clave":"pruebas","valor":null,"n":22,"id":"C1","t":840448988}
{"tipo_e":"res","op":"get","clave":"pruebas","valor":"C2_17","n":22,"id":"C1","t":842135696}
{"tipo_e":"inv","op":"put","clave":"pruebas","valor":"C2_19","n":19,"id":"C2","t":845173526}
{"tipo_e":"res","op":"put","clave":"pruebas","valor":"C2_19","n":19,"id":"C2","t":846745854}
{"tipo_e":"inv","op":"put","clave":"pruebas","valor":"C1_23","n":23,"id":"C1","t":849825765}
{"tipo_e":"res","op":"put","clave":"pruebas","valor":"C1_23","n":23,"id":"C1","t":851522454}
{"tipo_e":"inv","op":"get","clave":"pruebas","valor":null,"n":20,"id":"C2","t":855478066}
{"tipo_e":"res","op":"get","clave":"pruebas","valor":"C1_23","n":20,"id":"C2","t":857204481}
{"tipo_e":"inv","op":"put","clave":"pruebas","valor":"C1_24","n":24,"id":"C1","t":860223276}
{"tipo_e":"res","op":"put","clave":"pruebas","valor":"C1_24","n":24,"id":"C1","t":861821942}
{"tipo_e":"inv","op":"get","clave":"pruebas","valor":null,"n":21,"id":"C2","t":864875593}
{"tipo_e":"res","op":"get","clave":"pruebas","valor":"C1_24","n":21,"id":"C2","t":866721169}
{"tipo_e":"inv","op":"get","clave":"pruebas","valor":null,"n":25,"id":"C1","t":870466396}
{"tipo_e":"res","op":"get","clave":"pruebas","valor":"C1_24","n":25,"id":"C1","t":872304458}
{"tipo_e":"inv","op":"put","clave":"pruebas","valor":"C2_22","n":22,"id":"C2","t":875374570}
{"tipo_e":"res","op":"put","clave":"pruebas","valor":"C2_22","n":22,"id":"C2","t":877071273}
{"tipo_e":"inv","op":"put","clave":"pruebas","valor":"C1_26","n":26,"id":"C1","t":880037310}
{"tipo_e":"res","op":"put","clave":"pruebas","valor":"C1_26","n":26,"id":"C1","t":882037187}
{"tipo_e":"inv","op":"put","clave":"pruebas","valor":"C2_23","n":23,"id":"C2","t":884835474}
{"tipo_e":"res","op":"put","clave":"pruebas","valor":"C2_23","n":23,"id":"C2","t":886599112}
{"tipo_e":"inv","op":"put","clave":"pruebas","valor":"C1_27","n":27,"id":"C1","t":889784961}
{"tipo_e":"res","op":"put","clave":"pruebas","valor":"C1_27","n":27,"id":"C1","t":891545344}
{"tipo_e":"inv","op":"get","clave":"pruebas","valor":null,"n":24,"id":"C2","t":895497885}
{"tipo_e":"res","op":"get","clave":"pruebas","valor":"C1_27","n":24,"id":"C2","t":897199834}
{"tipo_e":"inv","op":"put","clave":"pruebas","valor":"C1_28","n":28,"id":"C1","t":900431218}
{"tipo_e":"res","op":"put","clave":"pruebas","valor":"C1_28","n":28,"id":"C1","t":903170116}
{"tipo_e":"inv","op":"put","clave":"pruebas","valor":"C2_25","n":25,"id":"C2","t":905055987}
{"tipo_e":"res","op":"put","clave":"pruebas","valor":"C2_25","n":25,"id":"C2","t":906958621}
{"tipo_e":"inv","op":"get","clave":"pruebas","valor":null,"n":29,"id":"C1","t":910093793}
{"tipo_e":"res","op":"get","clave":"pruebas","valor":"C2_25","n":29,"id":"C1","t":912141566}
{"tipo_e":"inv","op":"get","clave":"pruebas","valor":null,"n":26,"id":"C2","t":914911430}
{"tipo_e":"res","op":"get","clave":"pruebas","valor":"C2_25","n":26,"id":"C2","t":916820633}
{"tipo_e":"inv","op":"put","clave":"pruebas","valor":"C1_30","n":30,"id":"C1","t":920138373}
{"tipo_e":"res","op":"put","clave":"pruebas","valor":"C1_30","n":30,"id":"C1","t":922468255}
{"tipo_e":"inv","op":"get","clave":"pruebas","valor":null,"n":27,"id":"C2","t":924677306}
{"tipo_e":"res","op":"get","clave":"pruebas","valor":"C1_30","n":27,"id":"C2","t":926961198}
{"tipo_e":"inv","op":"get","clave":"pruebas","valor":null,"n":31,"id":"C1","t":930490935}
{"tipo_e":"res","op":"get","clave":"pruebas","valor":"C1_30","n":31,"id":"C1","t":932667608}
{"tipo_e":"inv","op":"put","clave":"pruebas","valor":"C2_28","n":28,"id":"C2","t":934859514}
{"tipo_e":"res","op":"put","clave":"pruebas","valor":"C2_28","n":28,"id":"C2","t":937429315}
{"tipo_e":"inv","op":"get","clave":"pruebas","valor":null,"n":32,"id":"C1","t":940497781}
{"tipo_e":"res","op":"get","clave":"pruebas","valor":"C2_28","n":32,"id":"C1","t":942892034}
{"tipo_e":"inv","op":"get","clave":"pruebas","valor":null,"n":29,"id":"C2","t":945438578}
{"tipo_e":"res","op":"get","clave":"pruebas","valor":"C2_28","n":29,"id":"C2","t":946925955}
{"tipo_e":"inv","op":"get","clave":"pruebas","valor":null,"n":33,"id":"C1","t":949711293}
{"tipo_e":"res","op":"get","clave":"pruebas","valor":"C2_28","n":33,"id":"C1","t":951984450}
{"tipo_e":"inv","op":"put","clave":"pruebas","valor":"C2_30","n":30,"id":"C2","t":954590306}
{"tipo_e":"res","op":"put","clave":"pruebas","valor":"C2_30","n":30,"id":"C2","t":956206548}
{"tipo_e":"inv","op":"put","clave":"pruebas","valor":"C1_34","n":34,"id":"C1","t":959631036}
{"tipo_e":"res","op":"put","clave":"pruebas","valor":"C1_34","n":34,"id":"C1","t":961223362}
{"tipo_e":"inv","op":"put","clave":"pruebas","valor":"C2_31","n":31,"id":"C2","t":964942697}
{"tipo_e":"res","op":"put","clave":"pruebas","valor":"C2_31","n":31,"id":"C2","t":967293392}
{"tipo_e":"inv","op":"get","clave":"pruebas","valor":null,"n":35,"id":"C1","t":969904377}
{"tipo_e":"res","op":"get","clave":"pruebas","valor":"C2_31","n":35,"id":"C1","t":971559141}
{"tipo_e":"inv","op":"put","clave":"pruebas","valor":"C2_32","n":32,"id":"C2","t":975128675}
{"tipo_e":"res","op":"put","clave":"pruebas","valor":"C2_32","n":32,"id":"C2","t":976937197}
{"tipo_e":"inv","op":"put","clave":"pruebas","valor":"C1_36","n":36,"id":"C1","t":980266593}
{"tipo_e":"res","op":"put","clave":"pruebas","valor":"C1_36","n":36,"id":"C1","t":982530992}
{"tipo_e":"inv","op":"get","clave":"pruebas","valor":null,"n":33,"id":"C2","t":984596184}
{"tipo_e":"res","op":"get","clave":"pruebas","valor":"C1_36","n":33,"id":"C2","t":986624112}
{"tipo_e":"inv","op":"put","clave":"pruebas","valor":"C1_37","n":37,"id":"C1","t":990313480}
{"tipo_e":"res","op":"put","clave":"pruebas","valor":"C1_37","n":37,"id":"C1","t":992023316}
{"tipo_e":"inv","op":"get","clave":"pruebas","valor":null,"n":34,"id":"C2","t":995224819}
{"tipo_e":"res","op":"get","clave":"pruebas","valor":"C1_37","n":34,"id":"C2","t":996841048}
{"tipo_e":"inv","op":"put","clave":"pruebas","valor":"C1_38","n":38,"id":"C1","t":999868759}
{"tipo_e":"res","op":"put","clave":"pruebas","valor":"C1_38","n":38,"id":"C1","t":1001523894}
{"tipo_e":"inv","op":"put","clave":"pruebas","valor":"C2_35","n":35,"id":"C2","t":1005450813}
{"tipo_e":"res","op":"put","clave":"pruebas","valor":"C2_35","n":35,"id":"C2","t":1007095173}
{"tipo_e":"inv","op":"get","clave":"pruebas","valor":null,"n":39,"id":"C1","t":1010122375}
{"tipo_e":"res","op":"get","clave":"pruebas","valor":"C2_35","n":39,"id":"C1","t":1011914967}
{"tipo_e":"inv","op":"get","clave":"pruebas","valor":null,"n":36,"id":"C2","t":1014731973}
{"tipo_e":"res","op":"get","clave":"pruebas","valor":"C2_35","n":36,"id":"C2","t":1016148683}
{"tipo_e":"inv","op":"put","clave":"pruebas","valor":"C1_40","n":40,"id":"C1","t":1020496565}
{"tipo_e":"res","op":"put","clave":"pruebas","valor":"C1_40","n":40,"id":"C1","t":1022340912}
{"tipo_e":"inv","op":"put","clave":"pruebas","valor":"C2_37","n":37,"id":"C2","t":1024791582}
{"tipo_e":"res","op":"put","clave":"pruebas","valor":"C2_37","n":37,"id":"C2","t":1026411381}
{"tipo_e":"inv","op":"put","clave":"pruebas","valor":"C1_41","n":41,"id":"C1","t":1031125594}
{"tipo_e":"res","op":"put","clave":"pruebas","valor":"C1_41","n":41,"id":"C1","t":1033024647}
{"tipo_e":"inv","op":"put","clave":"pruebas","valor":"C2_38","n":38,"id":"C2","t":1035157904}
{"tipo_e":"res","op":"put","clave":"pruebas","valor":"C2_38","n":38,"id":"C2","t":1036724363}
{"tipo_e":"inv","op":"get","clave":"pruebas","valor":null,"n":42,"id":"C1","t":1040730373}
{"tipo_e":"res","op":"get","clave":"pruebas","valor":"C2_38","n":42,"id":"C1","t":1043016151}
{"tipo_e":"inv","op":"put","clave":"pruebas","valor":"C2_39","n":39,"id":"C2","t":1045373781}
{"tipo_e":"res","op":"put","clave":"pruebas","valor":"C2_39","n":39,"id":"C2","t":1047526868}
{"tipo_e":"inv","op":"put","clave":"pruebas","valor":"C1_43","n":43,"id":"C1","t":1050754703}
{"tipo_e":"res","op":"put","clave":"pruebas","valor":"C1_43","n":43,"id":"C1","t":1052505673}
{"tipo_e":"inv","op":"get","clave":"pruebas","valor":null,"n":40,"id":"C2","t":1055164669}
{"tipo_e":"res","op":"get","clave":"pruebas","valor":"C1_43","n":40,"id":"C2","t":1056736239}
{"tipo_e":"inv","op":"put","clave":"pruebas","valor":"C1_44","n":44,"id":"C1","t":1061357427}
{"tipo_e":"res","op":"put","clave":"pruebas","valor":"C1_44","n":44,"id":"C1","t":1063233554}
{"tipo_e":"inv","op":"put","clave":"pruebas","valor":"C2_41","n":41,"id":"C2","t":1065336514}
{"tipo_e":"res","op":"put","clave":"pruebas","valor":"C2_41","n":41,"id":"C2","t":1067225229}
{"tipo_e":"inv","op":"put","clave":"pruebas","valor":"C1_45","n":45,"id":"C1","t":1070867030}
{"tipo_e":"res","op":"put","clave":"pruebas","valor":"C1_45","n":45,"id":"C1","t":1072664109}
{"tipo_e":"inv","op":"put","clave":"pruebas","valor":"C2_42","n":42,"id":"C2","t":1074812475}
{"tipo_e":"res","op":"put","clave":"pruebas","valor":"C2_42","n":42,"id":"C2","t":1076316236}
{"tipo_e":"inv","op":"put","clave":"pruebas","valor":"C1_46","n":46,"id":"C1","t":1081437523}
{"tipo_e":"res","op":"put","clave":"pruebas","valor":"C1_46","n":46,"id":"C1","t":1083115593}
{"tipo_e":"inv","op":"put","clave":"pruebas","valor":"C2_43","n":43,"id":"C2","t":1085033271}
{"tipo_e":"res","op":"put","clave":"pruebas","valor":"C2_43","n":43,"id":"C2","t":1086384537}
{"tipo_e":"inv","op":"put","clave":"pruebas","valor":"C1_47","n":47,"id":"C1","t":1090752786}
{"tipo_e":"res","op":"put","clave":"pruebas","valor":"C1_47","n":47,"id":"C1","t":1092623059}
{"tipo_e":"inv","op":"get","clave":"pruebas","valor":null,"n":44,"id":"C2","t":1095101993}
{"tipo_e":"res","op":"get","clave":"pruebas","valor":"C1_47","n":44,"id":"C2","t":1096555677}
{"tipo_e":"inv","op":"put","clave":"pruebas","valor":"C1_48","n":48,"id":"C1","t":1101224942}
{"tipo_e":"res","op":"put","clave":"pruebas","valor":"C1_48","n":48,"id":"C1","t":1103084415}
{"tipo_e":"inv","op":"get","clave":"pruebas","valor":null,"n":45,"id":"C2","t":1105131006}
{"tipo_e":"res","op":"get","clave":"pruebas","valor":"C1_48","n":45,"id":"C2","t":1106686916}
{"tipo_e":"inv","op":"put","clave":"pruebas","valor":"C1_49","n":49,"id":"C1","t":1110720377}
{"tipo_e":"res","op":"put","clave":"pruebas","valor":"C1_49","n":49,"id":"C1","t":1112359442}
{"tipo_e":"inv","op":"get","clave":"pruebas","valor":null,"n":46,"id":"C2","t":1115230533}
{"tipo_e":"res","op":"get","clave":"pruebas","valor":"C1_49","n":46,"id":"C2","t":1117004394}
{"tipo_e":"inv","op":"put","clave":"pruebas","valor":"C1_50","n":50,"id":"C1","t":1121035768}
{"tipo_e":"res","op":"put","clave":"pruebas","valor":"C1_50","n":50,"id":"C1","t":1122793909}
{"tipo_e":"inv","op":"get","clave":"pruebas","valor":null,"n":47,"id":"C2","t":1124670027}
{"tipo_e":"res","op":"get","clave":"pruebas","valor":"C1_50","n":47,"id":"C2","t":1126271667}
{"tipo_e":"inv","op":"get","clave":"pruebas","valor":null,"n":51,"id":"C1","t":1131471644}
{"tipo_e":"res","op":"get","clave":"pruebas","valor":"C1_50","n":51,"id":"C1","t":1133284348}
{"tipo_e":"inv","op":"get","clave":"pruebas","valor":null,"n":48,"id":"C2","t":1134928427}
{"tipo_e":"res","op":"get","clave":"pruebas","valor":"C1_50","n":48,"id":"C2","t":1136445747}
{"tipo_e":"inv","op":"get","clave":"pruebas","valor":null,"n":52,"id":"C1","t":1140955446}
{"tipo_e":"res","op":"get","clave":"pruebas","valor":"C1_50","n":52,"id":"C1","t":1142744611}
{"tipo_e":"inv","op":"put","clave":"pruebas","valor":"C2_49","n":49,"id":"C2","t":1145237685}
{"tipo_e":"res","op":"put","clave":"pruebas","valor":"C2_49","n":49,"id":"C2","t":1146800751}
{"tipo_e":"inv","op":"get","clave":"pruebas","valor":null,"n":53,"id":"C1","t":1151328719}
{"tipo_e":"res","op":"get","clave":"pruebas","valor":"C2_49","n":53,"id":"C1","t":1152916243}
{"tipo_e":"inv","op":"put","clave":"pruebas","valor":"C2_50","n":50,"id":"C2","t":1155427537}
{"tipo_e":"res","op":"put","clave":"pruebas","valor":"C2_50","n":50,"id":"C2","t":1157023413}
{"tipo_e":"inv","op":"put","clave":"pruebas","valor":"C1_54","n":54,"id":"C1","t":1161493120}
{"tipo_e":"res","op":"put","clave":"pruebas","valor":"C1_54","n":54,"id":"C1","t":1163187184}
{"tipo_e":"inv","op":"put","clave":"pruebas","valor":"C2_51","n":51,"id":"C2","t":1164569959}
{"tipo_e":"res","op":"put","clave":"pruebas","valor":"C2_51","n":51,"id":"C2","t":1166009810}
{"tipo_e":"inv","op":"put","clave":"pruebas","valor":"C1_55","n":55,"id":"C1","t":1171868899}
{"tipo_e":"res","op":"put","clave":"pruebas","valor":"C1_55","n":55,"id":"C1","t":1173501735}
{"tipo_e":"inv","op":"put","clave":"pruebas","valor":"C2_52","n":52,"id":"C2","t":1174584471}
{"tipo_e":"res","op":"put","clave":"pruebas","valor":"C2_52","n":52,"id":"C2","t":1179730151}
{"tipo_e":"inv","op":"put","clave":"pruebas","valor":"C1_56","n":56,"id":"C1","t":1182343208}
{"tipo_e":"res","op":"put","clave":"pruebas","valor":"C1_56","n":56,"id":"C1","t":1184901542}
{"tipo_e":"inv","op":"get","clave":"pruebas","valor":null,"n":53,"id":"C2","t":1184989182}
{"tipo_e":"res","op":"get","clave":"pruebas","valor":"C1_56","n":53,"id":"C2","t":1186903451}
{"tipo_e":"inv","op":"get","clave":"pruebas","valor":null,"n":57,"id":"C1","t":1192512557}
{"tipo_e":"res","op":"get","clave":"pruebas","valor":"C1_56","n":57,"id":"C1","t":1194188063}
{"tipo_e":"inv","op":"get","clave":"pruebas","valor":null,"n":54,"id":"C2","t":1195435058}
{"tipo_e":"res","op":"get","clave":"pruebas","valor":"C1_56","n":54,"id":"C2","t":1197683125}
{"tipo_e":"inv","op":"get","clave":"pruebas","valor":null,"n":58,"id":"C1","t":1202865107}
{"tipo_e":"res","op":"get","clave":"pruebas","valor":"C1_56","n":58,"id":"C1","t":1204945132}
{"tipo_e":"inv","op":"get","clave":"pruebas","valor":null,"n":55,"id":"C2","t":1206183072}
{"tipo_e":"res","op":"get","clave":"pruebas","valor":"C1_56","n":55,"id":"C2","t":1207783333}
{"tipo_e":"inv","op":"get","clave":"pruebas","valor":null,"n":59,"id":"C1","t":1213470579}
{"tipo_e":"res","op":"get","clave":"pruebas","valor":"C1_56","n":59,"id":"C1","t":1214945021}
{"tipo_e":"inv","op":"get","clave":"pruebas","valor":null,"n":56,"id":"C2","t":1216300597}
{"tipo_e":"res","op":"get","clave":"pruebas","valor":"C1_56","n":56,"id":"C2","t":1217843791}
{"tipo_e":"inv","op":"get","clave":"pruebas","valor":null,"n":60,"id":"C1","t":1224486541}
{"tipo_e":"res","op":"get","clave":"pruebas","valor":"C1_56","n":60,"id":"C1","t":1225994967}
{"tipo_e":"inv","op":"get","clave":"pruebas","valor":null,"n":57,"id":"C2","t":1226348841}
{"tipo_e":"res","op":"get","clave":"pruebas","valor":"C1_56","n":57,"id":"C2","t":1227825888}
{"tipo_e":"inv","op":"put","clave":"pruebas","valor":"C1_61","n":61,"id":"C1","t":1234622481}
{"tipo_e":"res","op":"put","clave":"pruebas","valor":"C1_61","n":61,"id":"C1","t":1236270578}
{"tipo_e":"inv","op":"get","clave":"pruebas","valor":null,"n":58,"id":"C2","t":1236368098}
{"tipo_e":"res","op":"get","clave":"pruebas","valor":"C1_61","n":58,"id":"C2","t":1237741960}
{"tipo_e":"inv","op":"get","clave":"pruebas","valor":null,"n":62,"id":"C1","t":1244981827}
{"tipo_e":"inv","op":"get","clave":"pruebas","valor":null,"n":59,"id":"C2","t":1246298347}
{"tipo_e":"res","op":"get","clave":"pruebas","valor":"C1_61","n":62,"id":"C1","t":1246530431}
{"tipo_e":"res","op":"get","clave":"pruebas","valor":"C1_61","n":59,"id":"C2","t":1248092383}
{"tipo_e":"inv","op":"put","clave":"pruebas","valor":"C1_63","n":63,"id":"C1","t":1255148268}
{"tipo_e":"inv","op":"put","clave":"pruebas","valor":"C2_60","n":60,"id":"C2","t":1255703687}
{"tipo_e":"res","op":"put","clave":"pruebas","valor":"C1_63","n":63,"id":"C1","t":1257037138}
{"tipo_e":"res","op":"put","clave":"pruebas","valor":"C2_60","n":60,"id":"C2","t":1257418642}
{"tipo_e":"inv","op":"put","clave":"pruebas","valor":"C1_64","n":64,"id":"C1","t":1264690038}
{"tipo_e":"inv","op":"put","clave":"pruebas","valor":"C2_61","n":61,"id":"C2","t":1266059543}
{"tipo_e":"res","op":"put","clave":"pruebas","valor":"C1_64","n":64,"id":"C1","t":1266336501}
{"tipo_e":"res","op":"put","clave":"pruebas","valor":"C2_61","n":61,"id":"C2","t":1268025223}
{"tipo_e":"inv","op":"put","clave":"pruebas","valor":"C1_65","n":65,"id":"C1","t":1274810463}
{"tipo_e":"inv","op":"get","clave":"pruebas","valor":null,"n":62,"id":"C2","t":1275643423}
{"tipo_e":"res","op":"put","clave":"pruebas","valor":"C1_65","n":65,"id":"C1","t":1276735921}
{"tipo_e":"res","op":"get","clave":"pruebas","valor":"C1_65","n":62,"id":"C2","t":1277355584}
{"tipo_e":"inv","op":"put","clave":"pruebas","valor":"C1_66","n":66,"id":"C1","t":1285473687}
{"tipo_e":"inv","op":"put","clave":"pruebas","valor":"C2_63","n":63,"id":"C2","t":1285935666}
{"tipo_e":"res","op":"put","clave":"pruebas","valor":"C1_66","n":66,"id":"C1","t":1287693291}
{"tipo_e":"res","op":"put","clave":"pruebas","valor":"C2_63","n":63,"id":"C2","t":1287976773}
{"tipo_e":"inv","op":"get","clave":"pruebas","valor":null,"n":67,"id":"C1","t":1295397190}
{"tipo_e":"inv","op":"put","clave":"pruebas","valor":"C2_64","n":64,"id":"C2","t":1295472125}
{"tipo_e":"res","op":"get","clave":"pruebas","valor":"C2_63","n":67,"id":"C1","t":1297525753}
{"tipo_e":"res","op":"put","clave":"pruebas","valor":"C2_64","n":64,"id":"C2","t":1297790085}
{"tipo_e":"inv","op":"get","clave":"pruebas","valor":null,"n":68,"id":"C1","t":1305286251}
{"tipo_e":"inv","op":"get","clave":"pruebas","valor":null,"n":65,"id":"C2","t":1306387912}
{"tipo_e":"res","op":"get","clave":"pruebas","valor":"C2_64","n":68,"id":"C1","t":1307040921}
{"tipo_e":"res","op":"get","clave":"pruebas","valor":"C2_64","n":65,"id":"C2","t":1308399940}
{"tipo_e":"inv","op":"put","clave":"pruebas","valor":"C1_69","n":69,"id":"C1","t":1314759942}
{"tipo_e":"inv","op":"get","clave":"pruebas","valor":null,"n":66,"id":"C2","t":1316024118}
{"tipo_e":"res","op":"put","clave":"pruebas","valor":"C1_69","n":69,"id":"C1","t":1316469768}
{"tipo_e":"res","op":"get","clave":"pruebas","valor":"C1_69","n":66,"id":"C2","t":1317555572}
{"tipo_e":"inv","op":"get","clave":"pruebas","valor":null,"n":70,"id":"C1","t":1325148597}
{"tipo_e":"inv","op":"get","clave":"pruebas","valor":null,"n":67,"id":"C2","t":1326518375}
{"tipo_e":"res","op":"get","clave":"pruebas","valor":"C1_69","n":70,"id":"C1","t":1326853151}
{"tipo_e":"res","op":"get","clave":"pruebas","valor":"C1_69","n":67,"id":"C2","t":1328185141}
{"tipo_e":"inv","op":"get","clave":"pruebas","valor":null,"n":71,"id":"C1","t":1335566385}
{"tipo_e":"inv","op":"put","clave":"pruebas","valor":"C2_68","n":68,"id":"C2","t":1335841005}
{"tipo_e":"res","op":"get","clave":"pruebas","valor":"C1_69","n":71,"id":"C1","t":1337836909}
{"tipo_e":"res","op":"put","clave":"pruebas","valor":"C2_68","n":68,"id":"C2","t":1338179687}
{"tipo_e":"inv","op":"get","clave":"pruebas","valor":null,"n":69,"id":"C2","t":1345868250}
{"tipo_e":"inv","op":"get","clave":"pruebas","valor":null,"n":72,"id":"C1","t":1346414305}
{"tipo_e":"res","op":"get","clave":"pruebas","valor":"C2_68","n":69,"id":"C2","t":1347476343}
{"tipo_e":"res","op":"get","clave":"pruebas","valor":"C2_68","n":72,"id":"C1","t":1348161957}
{"tipo_e":"inv","op":"put","clave":"pruebas","valor":"C1_73","n":73,"id":"C1","t":1355856306}
{"tipo_e":"res","op":"put","clave":"pruebas","valor":"C1_73","n":73,"id":"C1","t":1357958221}
{"tipo_e":"inv","op":"get","clave":"pruebas","valor":null,"n":70,"id":"C2","t":1395838200}
{"tipo_e":"res","op":"get","clave":"pruebas","valor":"C1_73","n":70,"id":"C2","t":1397374779}
{"tipo_e":"inv","op":"put","clave":"pruebas","valor":"C2_71","n":71,"id":"C2","t":1406066874}
{"tipo_e":"res","op":"put","clave":"pruebas","valor":"C2_71","n":71,"id":"C2","t":1408088009}
{"tipo_e":"inv","op":"get","clave":"pruebas","valor":null,"n":74,"id":"C1","t":1446192925}
{"tipo_e":"res","op":"get","clave":"pruebas","valor":"C2_71","n":74,"id":"C1","t":1448331894}
{"tipo_e":"inv","op":"put","clave":"pruebas","valor":"C2_72","n":72,"id":"C2","t":1456472173}
{"tipo_e":"inv","op":"get","clave":"pruebas","valor":null,"n":75,"id":"C1","t":1457085905}
{"tipo_e":"res","op":"put","clave":"pruebas","valor":"C2_72","n":72,"id":"C2","t":1458250411}
{"tipo_e":"res","op":"get","clave":"pruebas","valor":"C2_72","n":75,"id":"C1","t":1459672584}
{"tipo_e":"inv","op":"put","clave":"pruebas","valor":"C2_73","n":73,"id":"C2","t":1466995236}
{"tipo_e":"res","op":"put","clave":"pruebas","valor":"C2_73","n":73,"id":"C2","t":1468924730}
{"tipo_e":"inv","op":"get","clave":"pruebas","valor":null,"n":74,"id":"C2","t":1477490914}
{"tipo_e":"res","op":"get","clave":"pruebas","valor":"C2_73","n":74,"id":"C2","t":1479290727}
{"tipo_e":"inv","op":"put","clave":"pruebas","valor":"C2_75","n":75,"id":"C2","t":1488028961}
{"tipo_e":"res","op":"put","clave":"pruebas","valor":"C2_75","n":75,"id":"C2","t":1490215006}
{"tipo_e":"inv","op":"get","clave":"pruebas","valor":null,"n":76,"id":"C2","t":1497843671}
{"tipo_e":"res","op":"get","clave":"pruebas","valor":"C2_75","n":76,"id":"C2","t":1499475469}
{"tipo_e":"inv","op":"get","clave":"pruebas","valor":null,"n":76,"id":"C1","t":1506857646}
{"tipo_e":"inv","op":"put","clave":"pruebas","valor":"C2_77","n":77,"id":"C2","t":1508054930}
{"tipo_e":"res","op":"get","clave":"pruebas","valor":"C2_75","n":76,"id":"C1","t":1508819695}
{"tipo_e":"res","op":"put","clave":"pruebas","valor":"C2_77","n":77,"id":"C2","t":1509831213}
{"tipo_e":"inv","op":"get","clave":"pruebas","valor":null,"n":77,"id":"C1","t":1518532325}
{"tipo_e":"res","op":"get","clave":"pruebas","valor":"C2_78","n":77,"id":"C1","t":1520694144}
{"tipo_e":"inv","op":"get","clave":"pruebas","valor":null,"n":78,"id":"C1","t":1528313461}
{"tipo_e":"res","op":"get","clave":"pruebas","valor":"C2_78","n":78,"id":"C1","t":1529940061}
{"tipo_e":"inv","op":"put","clave":"pruebas","valor":"C1_79","n":79,"id":"C1","t":1538644043}
{"tipo_e":"res","op":"put","clave":"pruebas","valor":"C1_79","n":79,"id":"C1","t":1540204351}
{"tipo_e":"inv","op":"put","clave":"pruebas","valor":"C1_80","n":80,"id":"C1","t":1548808079}
{"tipo_e":"res","op":"put","clave":"pruebas","valor":"C1_80","n":80,"id":"C1","t":1550471984}
{"tipo_e":"inv","op":"put","clave":"pruebas","valor":"C2_78","n":78,"id":"C2","t":1557995614}
{"tipo_e":"inv","op":"get","clave":"pruebas","valor":null,"n":81,"id":"C1","t":1559022111}
{"tipo_e":"res","op":"put","clave":"pruebas","valor":"C2_78","n":78,"id":"C2","t":1559570680}
{"tipo_e":"res","op":"get","clave":"pruebas","valor":"C2_78","n":81,"id":"C1","t":1560834386}
{"tipo_e":"inv","op":"put","clave":"pruebas","valor":"C2_79","n":79,"id":"C2","t":1568326362}
{"tipo_e":"inv","op":"get","clave":"pruebas","valor":null,"n":82,"id":"C1","t":1569397191}
{"tipo_e":"res","op":"put","clave":"pruebas","valor":"C2_79","n":79,"id":"C2","t":1570434641}
{"tipo_e":"res","op":"get","clave":"pruebas","valor":"C2_79","n":82,"id":"C1","t":1571971640}
{"tipo_e":"inv","op":"get","clave":"pruebas","valor":null,"n":80,"id":"C2","t":1578199656}
{"tipo_e":"inv","op":"put","clave":"pruebas","valor":"C1_83","n":83,"id":"C1","t":1578563493}
{"tipo_e":"res","op":"get","clave":"pruebas","valor":"C2_79","n":80,"id":"C2","t":1579918947}
{"tipo_e":"res","op":"put","clave":"pruebas","valor":"C1_83","n":83,"id":"C1","t":1580362370}
{"tipo_e":"inv","op":"put","clave":"pruebas","valor":"C2_81","n":81,"id":"C2","t":1588532907}
{"tipo_e":"inv","op":"put","clave":"pruebas","valor":"C1_84","n":84,"id":"C1","t":1588946859}
{"tipo_e":"res","op":"put","clave":"pruebas","valor":"C2_81","n":81,"id":"C2","t":1590506566}
{"tipo_e":"res","op":"put","clave":"pruebas","valor":"C1_84","n":84,"id":"C1","t":1590959174}
{"tipo_e":"inv","op":"put","clave":"pruebas","valor":"C2_82","n":82,"id":"C2","t":1599153673}
{"tipo_e":"inv","op":"get","clave":"pruebas","valor":null,"n":85,"id":"C1","t":1599469353}
{"tipo_e":"res","op":"put","clave":"pruebas","valor":"C2_82","n":82,"id":"C2","t":1601105291}
{"tipo_e":"res","op":"get","clave":"pruebas","valor":"C2_82","n":85,"id":"C1","t":1601555142}
{"tipo_e":"inv","op":"get","clave":"pruebas","valor":null,"n":83,"id":"C2","t":1608808923}
{"tipo_e":"inv","op":"get","clave":"pruebas","valor":null,"n":86,"id":"C1","t":1610109488}
{"tipo_e":"res","op":"get","clave":"pruebas","valor":"C2_82","n":83,"id":"C2","t":1610383605}
{"tipo_e":"res","op":"get","clave":"pruebas","valor":"C2_82","n":86,"id":"C1","t":1612052771}
{"tipo_e":"inv","op":"put","clave":"pruebas","valor":"C2_84","n":84,"id":"C2","t":1619066983}
{"tipo_e":"inv","op":"put","clave":"pruebas","valor":"C1_87","n":87,"id":"C1","t":1619744730}
{"tipo_e":"res","op":"put","clave":"pruebas","valor":"C2_84","n":84,"id":"C2","t":1620865793}
{"tipo_e":"res","op":"put","clave":"pruebas","valor":"C1_87","n":87,"id":"C1","t":1621584963}
{"tipo_e":"inv","op":"put","clave":"pruebas","valor":"C2_85","n":85,"id":"C2","t":1628534146}
{"tipo_e":"inv","op":"get","clave":"pruebas","valor":null,"n":88,"id":"C1","t":1630076112}
{"tipo_e":"res","op":"put","clave":"pruebas","valor":"C2_85","n":85,"id":"C2","t":1630168258}
{"tipo_e":"res","op":"get","clave":"pruebas","valor":"C2_85","n":88,"id":"C1","t":1631907507}
{"tipo_e":"inv","op":"get","clave":"pruebas","valor":null,"n":86,"id":"C2","t":1638782584}
{"tipo_e":"inv","op":"get","clave":"pruebas","valor":null,"n":89,"id":"C1","t":1640533871}
{"tipo_e":"res","op":"get","clave":"pruebas","valor":"C2_85","n":86,"id":"C2","t":1640748162}
{"tipo_e":"res","op":"get","clave":"pruebas","valor":"C2_85","n":89,"id":"C1","t":1642143162}
{"tipo_e":"inv","op":"get","clave":"pruebas","valor":null,"n":87,"id":"C2","t":1649370909}
{"tipo_e":"inv","op":"put","clave":"pruebas","valor":"C1_90","n":90,"id":"C1","t":1650727213}
{"tipo_e":"res","op":"get","clave":"pruebas","valor":"C2_85","n":87,"id":"C2","t":1650866361}
{"tipo_e":"res","op":"put","clave":"pruebas","valor":"C1_90","n":90,"id":"C1","t":1653132394}
{"tipo_e":"inv","op":"put","clave":"pruebas","valor":"C2_88","n":88,"id":"C2","t":1659524940}
{"tipo_e":"inv","op":"get","clave":"pruebas","valor":null,"n":91,"id":"C1","t":1660898595}
{"tipo_e":"res","op":"put","clave":"pruebas","valor":"C2_88","n":88,"id":"C2","t":1661731173}
{"tipo_e":"res","op":"get","clave":"pruebas","valor":"C2_88","n":91,"id":"C1","t":1662981602}
{"tipo_e":"inv","op":"put","clave":"pruebas","valor":"C2_89","n":89,"id":"C2","t":1669370139}
{"tipo_e":"inv","op":"put","clave":"pruebas","valor":"C1_92","n":92,"id":"C1","t":1670683358}
{"tipo_e":"res","op":"put","clave":"pruebas","valor":"C2_89","n":89,"id":"C2","t":1671203062}
{"tipo_e":"res","op":"put","clave":"pruebas","valor":"C1_92","n":92,"id":"C1","t":1672433775}
{"tipo_e":"inv","op":"put","clave":"pruebas","valor":"C2_90","n":90,"id":"C2","t":1678884368}
{"tipo_e":"res","op":"put","clave":"pruebas","valor":"C2_90","n":90,"id":"C2","t":1680640144}
{"tipo_e":"inv","op":"put","clave":"pruebas","valor":"C1_93","n":93,"id":"C1","t":1681014064}
{"tipo_e":"res","op":"put","clave":"pruebas","valor":"C1_93","n":93,"id":"C1","t":1682873328}
{"tipo_e":"inv","op":"get","clave":"pruebas","valor":null,"n":91,"id":"C2","t":1689398421}
{"tipo_e":"res","op":"get","clave":"pruebas","valor":"C1_93","n":91,"id":"C2","t":1691108491}
{"tipo_e":"inv","op":"get","clave":"pruebas","valor":null,"n":94,"id":"C1","t":1691430648}
{"tipo_e":"res","op":"get","clave":"pruebas","valor":"C1_93","n":94,"id":"C1","t":1692978799}
{"tipo_e":"inv","op":"get","clave":"pruebas","valor":null,"n":92,"id":"C2","t":1698842839}
{"tipo_e":"res","op":"get","clave":"pruebas","valor":"C1_93","n":92,"id":"C2","t":1700339603}
{"tipo_e":"inv","op":"put","clave":"pruebas","valor":"C1_95","n":95,"id":"C1","t":1701453682}
{"tipo_e":"res","op":"put","clave":"pruebas","valor":"C1_95","n":95,"id":"C1","t":1703652472}
{"tipo_e":"inv","op":"get","clave":"pruebas","valor":null,"n":93,"id":"C2","t":1708984404}
{"tipo_e":"res","op":"get","clave":"pruebas","valor":"C1_95","n":93,"id":"C2","t":1710600875}
{"tipo_e":"inv","op":"get","clave":"pruebas","valor":null,"n":96,"id":"C1","t":1712151740}
{"tipo_e":"res","op":"get","clave":"pruebas","valor":"C1_95","n":96,"id":"C1","t":1713841735}
{"tipo_e":"inv","op":"put","clave":"pruebas","valor":"C2_94","n":94,"id":"C2","t":1719127456}
{"tipo_e":"res","op":"put","clave":"pruebas","valor":"C2_94","n":94,"id":"C2","t":1720723321}
{"tipo_e":"inv","op":"get","clave":"pruebas","valor":null,"n":97,"id":"C1","t":1722354815}
{"tipo_e":"res","op":"get","clave":"pruebas","valor":"C2_94","n":97,"id":"C1","t":1723785472}
{"tipo_e":"inv","op":"put","clave":"pruebas","valor":"C2_95","n":95,"id":"C2","t":1729333858}
{"tipo_e":"res","op":"put","clave":"pruebas","valor":"C2_95","n":95,"id":"C2","t":1731006461}
{"tipo_e":"inv","op":"put","clave":"pruebas","valor":"C1_98","n":98,"id":"C1","t":1732334521}
{"tipo_e":"res","op":"put","clave":"pruebas","valor":"C1_98","n":98,"id":"C1","t":1733725596}
{"tipo_e":"inv","op":"get","clave":"pruebas","valor":null,"n":96,"id":"C2","t":1738683949}
{"tipo_e":"res","op":"get","clave":"pruebas","valor":"C1_98","n":96,"id":"C2","t":1740023417}
{"tipo_e":"inv","op":"put","clave":"pruebas","valor":"C1_99","n":99,"id":"C1","t":1742378728}
{"tipo_e":"res","op":"put","clave":"pruebas","valor":"C1_99","n":99,"id":"C1","t":1744684467}
{"tipo_e":"inv","op":"get","clave":"pruebas","valor":null,"n":97,"id":"C2","t":1748717577}
{"tipo_e":"res","op":"get","clave":"pruebas","valor":"C1_99","n":97,"id":"C2","t":1750172723}
{"tipo_e":"inv","op":"put","clave":"pruebas","valor":"C1_100","n":100,"id":"C1","t":1752290224}
{"tipo_e":"res","op":"put","clave":"pruebas","valor":"C1_100","n":100,"id":"C1","t":1753776871}
{"tipo_e":"inv","op":"put","clave":"pruebas","valor":"C2_98","n":98,"id":"C2","t":1758812801}
{"tipo_e":"res","op":"put","clave":"pruebas","valor":"C2_98","n":98,"id":"C2","t":1760624071}
{"tipo_e":"inv","op":"put","clave":"pruebas","valor":"C1_101","n":101,"id":"C1","t":1762545097}
{"tipo_e":"res","op":"put","clave":"pruebas","valor":"C1_101","n":101,"id":"C1","t":1764618769}
{"tipo_e":"inv","op":"put","clave":"pruebas","valor":"C2_99","n":99,"id":"C2","t":1769210059}
{"tipo_e":"res","op":"put","clave":"pruebas","valor":"C2_99","n":99,"id":"C2","t":1770947966}
{"tipo_e":"inv","op":"put","clave":"pruebas","valor":"C1_102","n":102,"id":"C1","t":1772155210}
{"tipo_e":"res","op":"put","clave":"pruebas","valor":"C1_102","n":102,"id":"C1","t":1773630507}
{"tipo_e":"inv","op":"put","clave":"pruebas","valor":"C2_100","n":100,"id":"C2","t":1779557978}
{"tipo_e":"res","op":"put","clave":"pruebas","valor":"C2_100","n":100,"id":"C2","t":1780953569}
{"tipo_e":"inv","op":"get","clave":"pruebas","valor":null,"n":103,"id":"C1","t":1782302653}
{"tipo_e":"res","op":"get","clave":"pruebas","valor":"C2_100","n":103,"id":"C1","t":1783975381}
{"tipo_e":"inv","op":"get","clave":"pruebas","valor":null,"n":101,"id":"C2","t":1790633123}
{"tipo_e":"inv","op":"get","clave":"pruebas","valor":null,"n":104,"id":"C1","t":1791595277}
{"tipo_e":"res","op":"get","clave":"pruebas","valor":"C2_100","n":101,"id":"C2","t":1791992870}
{"tipo_e":"res","op":"get","clave":"pruebas","valor":"C2_100","n":104,"id":"C1","t":1793050605}
{"tipo_e":"inv","op":"put","clave":"pruebas","valor":"C2_102","n":102,"id":"C2","t":1800567878}
{"tipo_e":"inv","op":"get","clave":"pruebas","valor":null,"n":105,"id":"C1","t":1801669535}
{"tipo_e":"res","op":"put","clave":"pruebas","valor":"C2_102","n":102,"id":"C2","t":1802703151}
{"tipo_e":"res","op":"get","clave":"pruebas","valor":"C2_102","n":105,"id":"C1","t":1804296006}
{"tipo_e":"inv","op":"get","clave":"pruebas","valor":null,"n":103,"id":"C2","t":1811034929}
{"tipo_e":"inv","op":"get","clave":"pruebas","valor":null,"n":106,"id":"C1","t":1812083111}
{"tipo_e":"res","op":"get","clave":"pruebas","valor":"C2_102","n":103,"id":"C2","t":1813468210}
{"tipo_e":"res","op":"get","clave":"pruebas","valor":"C2_102","n":106,"id":"C1","t":1814340738}
{"tipo_e":"inv","op":"put","clave":"pruebas","valor":"C2_104","n":104,"id":"C2","t":1821139085}
{"tipo_e":"inv","op":"get","clave":"pruebas","valor":null,"n":107,"id":"C1","t":1821903625}
{"tipo_e":"res","op":"put","clave":"pruebas","valor":"C2_104","n":104,"id":"C2","t":1823675495}
{"tipo_e":"res","op":"get","clave":"pruebas","valor":"C2_104","n":107,"id":"C1","t":1824517606}
{"tipo_e":"inv","op":"get","clave":"pruebas","valor":null,"n":105,"id":"C2","t":1831393198}
{"tipo_e":"inv","op":"put","clave":"pruebas","valor":"C1_108","n":108,"id":"C1","t":1832092302}
{"tipo_e":"res","op":"get","clave":"pruebas","valor":"C2_104","n":105,"id":"C2","t":1833276558}
{"tipo_e":"res","op":"put","clave":"pruebas","valor":"C1_108","n":108,"id":"C1","t":1834132308}
{"tipo_e":"inv","op":"get","clave":"pruebas","valor":null,"n":106,"id":"C2","t":1841042068}
{"tipo_e":"inv","op":"put","clave":"pruebas","valor":"C1_109","n":109,"id":"C1","t":1841777634}
{"tipo_e":"res","op":"get","clave":"pruebas","valor":"C1_108","n":106,"id":"C2","t":1843519841}
{"tipo_e":"res","op":"put","clave":"pruebas","valor":"C1_109","n":109,"id":"C1","t":1844873330}
{"tipo_e":"inv","op":"put","clave":"pruebas","valor":"C2_107","n":107,"id":"C2","t":1850725616}
{"tipo_e":"res","op":"put","clave":"pruebas","valor":"C2_107","n":107,"id":"C2","t":1852224918}
{"tipo_e":"inv","op":"get","clave":"pruebas","valor":null,"n":110,"id":"C1","t":1852379040}
{"tipo_e":"res","op":"get","clave":"pruebas","valor":"C2_107","n":110,"id":"C1","t":1854648600}
{"tipo_e":"inv","op":"put","clave":"pruebas","valor":"C2_108","n":108,"id":"C2","t":1860852398}
{"tipo_e":"inv","op":"get","clave":"pruebas","valor":null,"n":111,"id":"C1","t":1862139546}
{"tipo_e":"res","op":"put","clave":"pruebas","valor":"C2_108","n":108,"id":"C2","t":1863360971}
{"tipo_e":"res","op":"get","clave":"pruebas","valor":"C2_108","n":111,"id":"C1","t":1864499149}
{"tipo_e":"inv","op":"get","clave":"pruebas","valor":null,"n":109,"id":"C2","t":1871111670}
{"tipo_e":"inv","op":"get","clave":"pruebas","valor":null,"n":112,"id":"C1","t":1872084945}
{"tipo_e":"res","op":"get","clave":"pruebas","valor":"C2_108","n":109,"id":"C2","t":1873479044}
{"tipo_e":"res","op":"get","clave":"pruebas","valor":"C2_108","n":112,"id":"C1","t":1874043186}
{"tipo_e":"inv","op":"get","clave":"pruebas","valor":null,"n":110,"id":"C2","t":1881157816}
{"tipo_e":"inv","op":"put","clave":"pruebas","valor":"C1_113","n":113,"id":"C1","t":1881842767}
{"tipo_e":"res","op":"get","clave":"pruebas","valor":"C2_108","n":110,"id":"C2","t":1884023655}
{"tipo_e":"res","op":"put","clave":"pruebas","valor":"C1_113","n":113,"id":"C1","t":1884091298}
{"tipo_e":"inv","op":"put","clave":"pruebas","valor":"C2_111","n":111,"id":"C2","t":1890771149}
{"tipo_e":"inv","op":"get","clave":"pruebas","valor":null,"n":114,"id":"C1","t":1891908470}
{"tipo_e":"res","op":"put","clave":"pruebas","valor":"C2_111","n":111,"id":"C2","t":1892369368}
{"tipo_e":"res","op":"get","clave":"pruebas","valor":"C2_111","n":114,"id":"C1","t":1893466750}
{"tipo_e":"inv","op":"put","clave":"pruebas","valor":"C2_112","n":112,"id":"C2","t":1900920170}
{"tipo_e":"inv","op":"get","clave":"pruebas","valor":null,"n":115,"id":"C1","t":1902031615}
{"tipo_e":"res","op":"put","clave":"pruebas","valor":"C2_112","n":112,"id":"C2","t":1903033071}
{"tipo_e":"res","op":"get","clave":"pruebas","valor":"C2_112","n":115,"id":"C1","t":1904206743}
{"tipo_e":"inv","op":"put","clave":"pruebas","valor":"C2_113","n":113,"id":"C2","t":1910925204}
{"tipo_e":"inv","op":"get","clave":"pruebas","valor":null,"n":116,"id":"C1","t":1911749117}
{"tipo_e":"res","op":"put","clave":"pruebas","valor":"C2_113","n":113,"id":"C2","t":1912909956}
{"tipo_e":"res","op":"get","clave":"pruebas","valor":"C2_113","n":116,"id":"C1","t":1913631515}
{"tipo_e":"inv","op":"put","clave":"pruebas","valor":"C2_114","n":114,"id":"C2","t":1920748139}
{"tipo_e":"inv","op":"put","clave":"pruebas","valor":"C1_117","n":117,"id":"C1","t":1922482951}
{"tipo_e":"res","op":"put","clave":"pruebas","valor":"C2_114","n":114,"id":"C2","t":1923049463}
{"tipo_e":"res","op":"put","clave":"pruebas","valor":"C1_117","n":117,"id":"C1","t":1924251804}
{"tipo_e":"inv","op":"put","clave":"pruebas","valor":"C2_115","n":115,"id":"C2","t":1930803523}
{"tipo_e":"inv","op":"put","clave":"pruebas","valor":"C1_118","n":118,"id":"C1","t":1931868478}
{"tipo_e":"res","op":"put","clave":"pruebas","valor":"C2_115","n":115,"id":"C2","t":1932465805}
{"tipo_e":"res","op":"put","clave":"pruebas","valor":"C1_118","n":118,"id":"C1","t":1933726332}
{"tipo_e":"inv","op":"get","clave":"pruebas","valor":null,"n":116,"id":"C2","t":1941168935}
{"tipo_e":"inv","op":"put","clave":"pruebas","valor":"C1_119","n":119,"id":"C1","t":1942304769}
{"tipo_e":"res","op":"get","clave":"pruebas","valor":"C1_118","n":116,"id":"C2","t":1943837658}
{"tipo_e":"res","op":"put","clave":"pruebas","valor":"C1_119","n":119,"id":"C1","t":1944862897}
{"tipo_e":"inv","op":"put","clave":"pruebas","valor":"C2_117","n":117,"id":"C2","t":1951456961}
{"tipo_e":"inv","op":"put","clave":"pruebas","valor":"C1_120","n":120,"id":"C1","t":1952387688}
{"tipo_e":"res","op":"put","clave":"pruebas","valor":"C2_117","n":117,"id":"C2","t":1953340080}
{"tipo_e":"res","op":"put","clave":"pruebas","valor":"C1_120","n":120,"id":"C1","t":1954427454}
{"tipo_e":"inv","op":"put","clave":"pruebas","valor":"C2_118","n":118,"id":"C2","t":1960951751}
{"tipo_e":"inv","op":"put","clave":"pruebas","valor":"C1_121","n":121,"id":"C1","t":1962057810}
{"tipo_e":"res","op":"put","clave":"pruebas","valor":"C2_118","n":118,"id":"C2","t":1963299208}
{"tipo_e":"res","op":"put","clave":"pruebas","valor":"C1_121","n":121,"id":"C1","t":1964115794}
{"tipo_e":"inv","op":"get","clave":"pruebas","valor":null,"n":119,"id":"C2","t":1971106678}
{"tipo_e":"inv","op":"get","clave":"pruebas","valor":null,"n":122,"id":"C1","t":1971681364}
{"tipo_e":"res","op":"get","clave":"pruebas","valor":"C1_121","n":119,"id":"C2","t":1973034846}
{"tipo_e":"res","op":"get","clave":"pruebas","valor":"C1_121","n":122,"id":"C1","t":1973276691}
{"tipo_e":"inv","op":"put","clave":"pruebas","valor":"C2_120","n":120,"id":"C2","t":1980699738}
{"tipo_e":"inv","op":"put","clave":"pruebas","valor":"C1_123","n":123,"id":"C1","t":1981834237}
{"tipo_e":"res","op":"put","clave":"pruebas","valor":"C2_120","n":120,"id":"C2","t":1982752149}
{"tipo_e":"res","op":"put","clave":"pruebas","valor":"C1_123","n":123,"id":"C1","t":1983856613}
{"tipo_e":"inv","op":"get","clave":"pruebas","valor":null,"n":121,"id":"C2","t":1990673560}
{"tipo_e":"res","op":"get","clave":"pruebas","valor":"C1_123","n":121,"id":"C2","t":1992286795}
{"tipo_e":"inv","op":"get","clave":"pruebas","valor":null,"n":124,"id":"C1","t":1992375818}
{"tipo_e":"res","op":"get","clave":"pruebas","valor":"C1_123","n":124,"id":"C1","t":1993768310}
{"tipo_e":"inv","op":"put","clave":"pruebas","valor":"C2_122","n":122,"id":"C2","t":2001027598}
{"tipo_e":"inv","op":"get","clave":"pruebas","valor":null,"n":125,"id":"C1","t":2002362671}
{"tipo_e":"res","op":"put","clave":"pruebas","valor":"C2_122","n":122,"id":"C2","t":2004077424}
{"tipo_e":"res","op":"get","clave":"pruebas","valor":"C2_122","n":125,"id":"C1","t":2004880379}
{"tipo_e":"inv","op":"put","clave":"pruebas","valor":"C2_123","n":123,"id":"C2","t":2010770532}
{"tipo_e":"inv","op":"put","clave":"pruebas","valor":"C1_126","n":126,"id":"C1","t":2012512169}
{"tipo_e":"res","op":"put","clave":"pruebas","valor":"C2_123","n":123,"id":"C2","t":2012634109}
{"tipo_e":"res","op":"put","clave":"pruebas","valor":"C1_126","n":126,"id":"C1","t":2014169657}
{"tipo_e":"inv","op":"get","clave":"pruebas","valor":null,"n":124,"id":"C2","t":2021164803}
{"tipo_e":"inv","op":"put","clave":"pruebas","valor":"C1_127","n":127,"id":"C1","t":2021747501}
{"tipo_e":"res","op":"get","clave":"pruebas","valor":"C1_126","n":124,"id":"C2","t":2023097052}
{"tipo_e":"res","op":"put","clave":"pruebas","valor":"C1_127","n":127,"id":"C1","t":2024086004}
{"tipo_e":"inv","op":"put","clave":"pruebas","valor":"C2_125","n":125,"id":"C2","t":2030938295}
{"tipo_e":"inv","op":"get","clave":"pruebas","valor":null,"n":128,"id":"C1","t":2031693064}
{"tipo_e":"res","op":"put","clave":"pruebas","valor":"C2_125","n":125,"id":"C2","t":2033543554}
{"tipo_e":"res","op":"get","clave":"pruebas","valor":"C2_125","n":128,"id":"C1","t":2033726721}
{"tipo_e":"inv","op":"put","clave":"pruebas","valor":"C2_126","n":126,"id":"C2","t":2041216415}
{"tipo_e":"inv","op":"put","clave":"pruebas","valor":"C1_129","n":129,"id":"C1","t":2042679429}
{"tipo_e":"res","op":"put","clave":"pruebas","valor":"C2_126","n":126,"id":"C2","t":2042947288}
{"tipo_e":"res","op":"put","clave":"pruebas","valor":"C1_129","n":129,"id":"C1","t":2044146332}
{"tipo_e":"inv","op":"get","clave":"pruebas","valor":null,"n":127,"id":"C2","t":2050646303}
{"tipo_e":"inv","op":"get","clave":"pruebas","valor":null,"n":130,"id":"C1","t":2051697583}
{"tipo_e":"res","op":"get","clave":"pruebas","valor":"C1_129","n":127,"id":"C2","t":2052893882}
{"tipo_e":"res","op":"get","clave":"pruebas","valor":"C1_129","n":130,"id":"C1","t":2053184914}
{"tipo_e":"inv","op":"put","clave":"pruebas","valor":"C2_128","n":128,"id":"C2","t":2060947153}
{"tipo_e":"inv","op":"get","clave":"pruebas","valor":null,"n":131,"id":"C1","t":2062079802}
{"tipo_e":"res","op":"put","clave":"pruebas","valor":"C2_128","n":128,"id":"C2","t":2063675103}
{"tipo_e":"res","op":"get","clave":"pruebas","valor":"C2_128","n":131,"id":"C1","t":2064218840}
{"tipo_e":"inv","op":"put","clave":"pruebas","valor":"C2_129","n":129,"id":"C2","t":2071288924}
{"tipo_e":"inv","op":"get","clave":"pruebas","valor":null,"n":132,"id":"C1","t":2071944403}
{"tipo_e":"res","op":"put","clave":"pruebas","valor":"C2_129","n":129,"id":"C2","t":2073058188}
{"tipo_e":"res","op":"get","clave":"pruebas","valor":"C2_129","n":132,"id":"C1","t":2073606485}
{"tipo_e":"inv","op":"get","clave":"pruebas","valor":null,"n":130,"id":"C2","t":2080682895}
{"tipo_e":"inv","op":"get","clave":"pruebas","valor":null,"n":133,"id":"C1","t":2082135556}
{"tipo_e":"res","op":"get","clave":"pruebas","valor":"C2_129","n":130,"id":"C2","t":2082219087}
{"tipo_e":"res","op":"get","clave":"pruebas","valor":"C2_129","n":133,"id":"C1","t":2084110227}
{"tipo_e":"inv","op":"put","clave":"pruebas","valor":"C2_131","n":131,"id":"C2","t":2091214668}
{"tipo_e":"inv","op":"get","clave":"pruebas","valor":null,"n":134,"id":"C1","t":2091694013}
{"tipo_e":"res","op":"put","clave":"pruebas","valor":"C2_131","n":131,"id":"C2","t":2092814910}
{"tipo_e":"res","op":"get","clave":"pruebas","valor":"C2_131","n":134,"id":"C1","t":2093304739}
{"tipo_e":"inv","op":"put","clave":"pruebas","valor":"C2_132","n":132,"id":"C2","t":2101504694}
{"tipo_e":"inv","op":"get","clave":"pruebas","valor":null,"n":135,"id":"C1","t":2101907325}
{"tipo_e":"res","op":"put","clave":"pruebas","valor":"C2_132","n":132,"id":"C2","t":2103749820}
{"tipo_e":"res","op":"get","clave":"pruebas","valor":"C2_132","n":135,"id":"C1","t":2103996166}
{"tipo_e":"inv","op":"put","clave":"pruebas","valor":"C1_136","n":136,"id":"C1","t":2111609665}
{"tipo_e":"inv","op":"put","clave":"pruebas","valor":"C2_133","n":133,"id":"C2","t":2112304990}
{"tipo_e":"res","op":"put","clave":"pruebas","valor":"C1_136","n":136,"id":"C1","t":2113300934}
{"tipo_e":"res","op":"put","clave":"pruebas","valor":"C2_133","n":133,"id":"C2","t":2114285465}
{"tipo_e":"inv","op":"put","clave":"pruebas","valor":"C2_134","n":134,"id":"C2","t":2121884264}
{"tipo_e":"res","op":"put","clave":"pruebas","valor":"C2_134","n":134,"id":"C2","t":2123803707}
{"tipo_e":"inv","op":"put","clave":"pruebas","valor":"C2_135","n":135,"id":"C2","t":2132419065}
{"tipo_e":"res","op":"put","clave":"pruebas","valor":"C2_135","n":135,"id":"C2","t":2133892300}
{"tipo_e":"inv","op":"put","clave":"pruebas","valor":"C2_136","n":136,"id":"C2","t":2142444458}
{"tipo_e":"res","op":"put","clave":"pruebas","valor":"C2_136","n":136,"id":"C2","t":2143897029}
{"tipo_e":"inv","op":"get","clave":"pruebas","valor":null,"n":137,"id":"C2","t":2153647168}
{"tipo_e":"res","op":"get","clave":"pruebas","valor":"C2_136","n":137,"id":"C2","t":2155573500}
{"tipo_e":"inv","op":"put","clave":"pruebas","valor":"C1_137","n":137,"id":"C1","t":2162516971}
{"tipo_e":"inv","op":"put","clave":"pruebas","valor":"C2_138","n":138,"id":"C2","t":2164288848}
{"tipo_e":"res","op":"put","clave":"pruebas","valor":"C1_137","n":137,"id":"C1","t":2164523982}
{"tipo_e":"res","op":"put","clave":"pruebas","valor":"C2_138","n":138,"id":"C2","t":2165795035}
{"tipo_e":"inv","op":"get","clave":"pruebas","valor":null,"n":138,"id":"C1","t":2173486679}
{"tipo_e":"inv","op":"put","clave":"pruebas","valor":"C2_139","n":139,"id":"C2","t":2174318299}
{"tipo_e":"res","op":"get","clave":"pruebas","valor":"C2_138","n":138,"id":"C1","t":2175462050}
{"tipo_e":"res","op":"put","clave":"pruebas","valor":"C2_139","n":139,"id":"C2","t":2176157835}
{"tipo_e":"inv","op":"put","clave":"pruebas","valor":"C1_139","n":139,"id":"C1","t":2183104271}
{"tipo_e":"inv","op":"put","clave":"pruebas","valor":"C2_140","n":140,"id":"C2","t":2183891246}
{"tipo_e":"res","op":"put","clave":"pruebas","valor":"C1_139","n":139,"id":"C1","t":2185218855}
{"tipo_e":"res","op":"put","clave":"pruebas","valor":"C2_140","n":140,"id":"C2","t":2186171100}
{"tipo_e":"inv","op":"put","clave":"pruebas","valor":"C1_140","n":140,"id":"C1","t":2192980164}
{"tipo_e":"inv","op":"get","clave":"pruebas","valor":null,"n":141,"id":"C2","t":2193725617}
{"tipo_e":"res","op":"put","clave":"pruebas","valor":"C1_140","n":140,"id":"C1","t":2194618310}
{"tipo_e":"res","op":"get","clave":"pruebas","valor":"C1_140","n":141,"id":"C2","t":2195674529}
{"tipo_e":"inv","op":"get","clave":"pruebas","valor":null,"n":141,"id":"C1","t":2203482674}
{"tipo_e":"inv","op":"put","clave":"pruebas","valor":"C2_142","n":142,"id":"C2","t":2204201571}
{"tipo_e":"res","op":"get","clave":"pruebas","valor":"C1_140","n":141,"id":"C1","t":2205517267}
{"tipo_e":"res","op":"put","clave":"pruebas","valor":"C2_142","n":142,"id":"C2","t":2206184061}
{"tipo_e":"inv","op":"put","clave":"pruebas","valor":"C1_142","n":142,"id":"C1","t":2213328862}
{"tipo_e":"inv","op":"put","clave":"pruebas","valor":"C2_143","n":143,"id":"C2","t":2213725031}
{"tipo_e":"res","op":"put","clave":"pruebas","valor":"C1_142","n":142,"id":"C1","t":2215628970}
{"tipo_e":"res","op":"put","clave":"pruebas","valor":"C2_143","n":143,"id":"C2","t":2215691046}
{"tipo_e":"inv","op":"put","clave":"pruebas","valor":"C1_143","n":143,"id":"C1","t":2223200449}
{"tipo_e":"inv","op":"get","clave":"pruebas","valor":null,"n":144,"id":"C2","t":2224193447}
{"tipo_e":"res","op":"put","clave":"pruebas","valor":"C1_143","n":143,"id":"C1","t":2225295193}
{"tipo_e":"res","op":"get","clave":"pruebas","valor":"C1_143","n":144,"id":"C2","t":2226123465}
{"tipo_e":"inv","op":"put","clave":"pruebas","valor":"C1_144","n":144,"id":"C1","t":2233077187}
{"tipo_e":"inv","op":"get","clave":"pruebas","valor":null,"n":145,"id":"C2","t":2233822898}
{"tipo_e":"res","op":"put","clave":"pruebas","valor":"C1_144","n":144,"id":"C1","t":2235173020}
{"tipo_e":"res","op":"get","clave":"pruebas","valor":"C1_144","n":145,"id":"C2","t":2235833982}
{"tipo_e":"inv","op":"get","clave":"pruebas","valor":null,"n":145,"id":"C1","t":2242789395}
{"tipo_e":"inv","op":"get","clave":"pruebas","valor":null,"n":146,"id":"C2","t":2244327615}
{"tipo_e":"res","op":"get","clave":"pruebas","valor":"C1_144","n":145,"id":"C1","t":2244414976}
{"tipo_e":"res","op":"get","clave":"pruebas","valor":"C1_144","n":146,"id":"C2","t":2245955226}
{"tipo_e":"inv","op":"put","clave":"pruebas","valor":"C1_146","n":146,"id":"C1","t":2253040746}
{"tipo_e":"inv","op":"get","clave":"pruebas","valor":null,"n":147,"id":"C2","t":2253499338}
{"tipo_e":"res","op":"put","clave":"pruebas","valor":"C1_146","n":146,"id":"C1","t":2258865123}
{"tipo_e":"res","op":"get","clave":"pruebas","valor":"C1_146","n":147,"id":"C2","t":2259159040}
{"tipo_e":"inv","op":"get","clave":"pruebas","valor":null,"n":147,"id":"C1","t":2263454049}
{"tipo_e":"res","op":"get","clave":"pruebas","valor":"C1_146","n":147,"id":"C1","t":2265383396}
{"tipo_e":"inv","op":"get","clave":"pruebas","valor":null,"n":148,"id":"C1","t":2274148164}
{"tipo_e":"res","op":"get","clave":"pruebas","valor":"C1_146","n":148,"id":"C1","t":2275680184}
{"tipo_e":"inv","op":"put","clave":"pruebas","valor":"C1_149","n":149,"id":"C1","t":2284442598}
{"tipo_e":"res","op":"put","clave":"pruebas","valor":"C1_149","n":149,"id":"C1","t":2286052030}
{"tipo_e":"inv","op":"put","clave":"pruebas","valor":"C1_150","n":150,"id":"C1","t":2293647954}
{"tipo_e":"res","op":"put","clave":"pruebas","valor":"C1_150","n":150,"id":"C1","t":2295371211}
{"tipo_e":"inv","op":"put","clave":"pruebas","valor":"C1_151","n":151,"id":"C1","t":2304089372}
{"tipo_e":"inv","op":"get","clave":"pruebas","valor":null,"n":148,"id":"C2","t":2304332832}
{"tipo_e":"res","op":"put","clave":"pruebas","valor":"C1_151","n":151,"id":"C1","t":2306084150}
{"tipo_e":"res","op":"get","clave":"pruebas","valor":"C1_151","n":148,"id":"C2","t":2306472402}
{"tipo_e":"inv","op":"put","clave":"pruebas","valor":"C1_152","n":152,"id":"C1","t":2313742740}
{"tipo_e":"inv","op":"put","clave":"pruebas","valor":"C2_149","n":149,"id":"C2","t":2314010446}
{"tipo_e":"res","op":"put","clave":"pruebas","valor":"C1_152","n":152,"id":"C1","t":2315655624}
{"tipo_e":"res","op":"put","clave":"pruebas","valor":"C2_149","n":149,"id":"C2","t":2316044119}
{"tipo_e":"inv","op":"put","clave":"pruebas","valor":"C2_150","n":150,"id":"C2","t":2323684542}
{"tipo_e":"inv","op":"get","clave":"pruebas","valor":null,"n":153,"id":"C1","t":2324179433}
{"tipo_e":"res","op":"put","clave":"pruebas","valor":"C2_150","n":150,"id":"C2","t":2325904223}
{"tipo_e":"res","op":"get","clave":"pruebas","valor":"C2_150","n":153,"id":"C1","t":2326328178}
{"tipo_e":"inv","op":"get","clave":"pruebas","valor":null,"n":154,"id":"C1","t":2334053862}
{"tipo_e":"inv","op":"get","clave":"pruebas","valor":null,"n":151,"id":"C2","t":2334452341}
{"tipo_e":"res","op":"get","clave":"pruebas","valor":"C2_150","n":154,"id":"C1","t":2336371196}
{"tipo_e":"res","op":"get","clave":"pruebas","valor":"C2_150","n":151,"id":"C2","t":2336614050}
{"tipo_e":"inv","op":"get","clave":"pruebas","valor":null,"n":155,"id":"C1","t":2343944351}
{"tipo_e":"inv","op":"put","clave":"pruebas","valor":"C2_152","n":152,"id":"C2","t":2345216591}
{"tipo_e":"res","op":"get","clave":"pruebas","valor":"C2_150","n":155,"id":"C1","t":2345586368}
{"tipo_e":"res","op":"put","clave":"pruebas","valor":"C2_152","n":152,"id":"C2","t":2346991853}
{"tipo_e":"inv","op":"put","clave":"pruebas","valor":"C1_156","n":156,"id":"C1","t":2354323638}
{"tipo_e":"inv","op":"get","clave":"pruebas","valor":null,"n":153,"id":"C2","t":2354565477}
{"tipo_e":"res","op":"put","clave":"pruebas","valor":"C1_156","n":156,"id":"C1","t":2356336383}
{"tipo_e":"res","op":"get","clave":"pruebas","valor":"C1_156","n":153,"id":"C2","t":2356659901}
{"tipo_e":"inv","op":"put","clave":"pruebas","valor":"C1_157","n":157,"id":"C1","t":2364141796}
{"tipo_e":"inv","op":"get","clave":"pruebas","valor":null,"n":154,"id":"C2","t":2365506612}
{"tipo_e":"res","op":"put","clave":"pruebas","valor":"C1_157","n":157,"id":"C1","t":2366635813}
{"tipo_e":"res","op":"get","clave":"pruebas","valor":"C1_157","n":154,"id":"C2","t":2368511931}
{"tipo_e":"inv","op":"get","clave":"pruebas","valor":null,"n":158,"id":"C1","t":2374506812}
{"tipo_e":"inv","op":"put","clave":"pruebas","valor":"C2_155","n":155,"id":"C2","t":2375311651}
{"tipo_e":"res","op":"get","clave":"pruebas","valor":"C1_157","n":158,"id":"C1","t":2377414933}
{"tipo_e":"res","op":"put","clave":"pruebas","valor":"C2_155","n":155,"id":"C2","t":2378153455}
{"tipo_e":"inv","op":"get","clave":"pruebas","valor":null,"n":156,"id":"C2","t":2384810653}
{"tipo_e":"res","op":"get","clave":"pruebas","valor":"C2_155","n":156,"id":"C2","t":2388217585}
{"tipo_e":"inv","op":"get","clave":"pruebas","valor":null,"n":157,"id":"C2","t":2395065808}
{"tipo_e":"res","op":"get","clave":"pruebas","valor":"C2_155","n":157,"id":"C2","t":2397016103}
{"tipo_e":"inv","op":"put","clave":"pruebas","valor":"C2_158","n":158,"id":"C2","t":2404743985}
{"tipo_e":"res","op":"put","clave":"pruebas","valor":"C2_158","n":158,"id":"C2","t":2406484755}
{"tipo_e":"inv","op":"put","clave":"pruebas","valor":"C2_159","n":159,"id":"C2","t":2415221201}
{"tipo_e":"res","op":"put","clave":"pruebas","valor":"C2_159","n":159,"id":"C2","t":2417461257}
{"tipo_e":"inv","op":"get","clave":"pruebas","valor":null,"n":159,"id":"C1","t":2423918260}
{"tipo_e":"inv","op":"put","clave":"pruebas","valor":"C2_160","n":160,"id":"C2","t":2425252833}
{"tipo_e":"res","op":"get","clave":"pruebas","valor":"C2_159","n":159,"id":"C1","t":2425785357}
{"tipo_e":"res","op":"put","clave":"pruebas","valor":"C2_160","n":160,"id":"C2","t":2427136695}
{"tipo_e":"inv","op":"get","clave":"pruebas","valor":null,"n":161,"id":"C2","t":2434887088}
{"tipo_e":"inv","op":"get","clave":"pruebas","valor":null,"n":160,"id":"C1","t":2435485991}
{"tipo_e":"res","op":"get","clave":"pruebas","valor":"C2_160","n":161,"id":"C2","t":2437306827}
{"tipo_e":"res","op":"get","clave":"pruebas","valor":"C2_160","n":160,"id":"C1","t":2437517972}
{"tipo_e":"inv","op":"put","clave":"pruebas","valor":"C2_162","n":162,"id":"C2","t":2445034059}
{"tipo_e":"inv","op":"put","clave":"pruebas","valor":"C1_161","n":161,"id":"C1","t":2446174233}
{"tipo_e":"res","op":"put","clave":"pruebas","valor":"C2_162","n":162,"id":"C2","t":2446680920}
{"tipo_e":"res","op":"put","clave":"pruebas","valor":"C1_161","n":161,"id":"C1","t":2447960145}
{"tipo_e":"inv","op":"put","clave":"pruebas","valor":"C2_163","n":163,"id":"C2","t":2455382831}
{"tipo_e":"inv","op":"get","clave":"pruebas","valor":null,"n":162,"id":"C1","t":2456458654}
{"tipo_e":"res","op":"put","clave":"pruebas","valor":"C2_163","n":163,"id":"C2","t":2457187490}
{"tipo_e":"res","op":"get","clave":"pruebas","valor":"C2_163","n":162,"id":"C1","t":2458109191}
{"tipo_e":"inv","op":"put","clave":"pruebas","valor":"C2_164","n":164,"id":"C2","t":2464863867}
{"tipo_e":"res","op":"put","clave":"pruebas","valor":"C2_164","n":164,"id":"C2","t":2466716482}
{"tipo_e":"inv","op":"get","clave":"pruebas","valor":null,"n":163,"id":"C1","t":2466800605}
{"tipo_e":"res","op":"get","clave":"pruebas","valor":"C2_164","n":163,"id":"C1","t":2468105577}
{"tipo_e":"inv","op":"get","clave":"pruebas","valor":null,"n":165,"id":"C2","t":2475346373}
{"tipo_e":"inv","op":"put","clave":"pruebas","valor":"C1_164","n":164,"id":"C1","t":2476666464}
{"tipo_e":"res","op":"get","clave":"pruebas","valor":"C2_164","n":165,"id":"C2","t":2477852099}
{"tipo_e":"res","op":"put","clave":"pruebas","valor":"C1_164","n":164,"id":"C1","t":2478506079}
{"tipo_e":"inv","op":"get","clave":"pruebas","valor":null,"n":166,"id":"C2","t":2485423092}
{"tipo_e":"inv","op":"get","clave":"pruebas","valor":null,"n":165,"id":"C1","t":2487016902}
{"tipo_e":"res","op":"get","clave":"pruebas","valor":"C1_164","n":166,"id":"C2","t":2487102956}
{"tipo_e":"res","op":"get","clave":"pruebas","valor":"C1_164","n":165,"id":"C1","t":2488446925}
{"tipo_e":"inv","op":"put","clave":"pruebas","valor":"C2_167","n":167,"id":"C2","t":2494809186}
{"tipo_e":"res","op":"put","clave":"pruebas","valor":"C2_167","n":167,"id":"C2","t":2496248416}
{"tipo_e":"inv","op":"get","clave":"pruebas","valor":null,"n":166,"id":"C1","t":2497056442}
{"tipo_e":"res","op":"get","clave":"pruebas","valor":"C2_167","n":166,"id":"C1","t":2498531321}
{"tipo_e":"inv","op":"put","clave":"pruebas","valor":"C2_168","n":168,"id":"C2","t":2505052529}
{"tipo_e":"res","op":"put","clave":"pruebas","valor":"C2_168","n":168,"id":"C2","t":2506761083}
{"tipo_e":"inv","op":"put","clave":"pruebas","valor":"C1_167","n":167,"id":"C1","t":2507063177}
{"tipo_e":"res","op":"put","clave":"pruebas","valor":"C1_167","n":167,"id":"C1","t":2508733035}
{"tipo_e":"inv","op":"put","clave":"pruebas","valor":"C2_169","n":169,"id":"C2","t":2515389120}
{"tipo_e":"res","op":"put","clave":"pruebas","valor":"C2_169","n":169,"id":"C2","t":2516898760}
{"tipo_e":"inv","op":"put","clave":"pruebas","valor":"C1_168","n":168,"id":"C1","t":2517209213}
{"tipo_e":"res","op":"put","clave":"pruebas","valor":"C1_168","n":168,"id":"C1","t":2518647177}
{"tipo_e":"inv","op":"put","clave":"pruebas","valor":"C2_170","n":170,"id":"C2","t":2525565772}
{"tipo_e":"inv","op":"get","clave":"pruebas","valor":null,"n":169,"id":"C1","t":2527168790}
{"tipo_e":"res","op":"put","clave":"pruebas","valor":"C2_170","n":170,"id":"C2","t":2527313948}
{"tipo_e":"res","op":"get","clave":"pruebas","valor":"C2_170","n":169,"id":"C1","t":2529975519}
{"tipo_e":"inv","op":"put","clave":"pruebas","valor":"C2_171","n":171,"id":"C2","t":2536037991}
{"tipo_e":"inv","op":"put","clave":"pruebas","valor":"C1_170","n":170,"id":"C1","t":2536585201}
{"tipo_e":"res","op":"put","clave":"pruebas","valor":"C2_171","n":171,"id":"C2","t":2537983198}
{"tipo_e":"res","op":"put","clave":"pruebas","valor":"C1_170","n":170,"id":"C1","t":2538679541}
{"tipo_e":"inv","op":"put","clave":"pruebas","valor":"C2_172","n":172,"id":"C2","t":2545784676}
{"tipo_e":"inv","op":"get","clave":"pruebas","valor":null,"n":171,"id":"C1","t":2547207191}
{"tipo_e":"res","op":"put","clave":"pruebas","valor":"C2_172","n":172,"id":"C2","t":2547332945}
{"tipo_e":"res","op":"get","clave":"pruebas","valor":"C2_172","n":171,"id":"C1","t":2548789897}
{"tipo_e":"inv","op":"get","clave":"pruebas","valor":null,"n":173,"id":"C2","t":2555939258}
{"tipo_e":"inv","op":"get","clave":"pruebas","valor":null,"n":172,"id":"C1","t":2557341728}
{"tipo_e":"res","op":"get","clave":"pruebas","valor":"C2_172","n":173,"id":"C2","t":2557439877}
{"tipo_e":"res","op":"get","clave":"pruebas","valor":"C2_172","n":172,"id":"C1","t":2558793107}
{"tipo_e":"inv","op":"put","clave":"pruebas","valor":"C2_174","n":174,"id":"C2","t":2566100109}
{"tipo_e":"inv","op":"get","clave":"pruebas","valor":null,"n":173,"id":"C1","t":2567351963}
{"tipo_e":"res","op":"put","clave":"pruebas","valor":"C2_174","n":174,"id":"C2","t":2567998300}
{"tipo_e":"res","op":"get","clave":"pruebas","valor":"C2_174","n":173,"id":"C1","t":2568861616}
{"tipo_e":"inv","op":"put","clave":"pruebas","valor":"C2_175","n":175,"id":"C2","t":2575648281}
{"tipo_e":"res","op":"put","clave":"pruebas","valor":"C2_175","n":175,"id":"C2","t":2577333208}
{"tipo_e":"inv","op":"get","clave":"pruebas","valor":null,"n":174,"id":"C1","t":2577428574}
{"tipo_e":"res","op":"get","clave":"pruebas","valor":"C2_175","n":174,"id":"C1","t":2578869380}
{"tipo_e":"inv","op":"put","clave":"pruebas","valor":"C2_176","n":176,"id":"C2","t":2586076847}
{"tipo_e":"inv","op":"get","clave":"pruebas","valor":null,"n":175,"id":"C1","t":2587455861}
{"tipo_e":"res","op":"put","clave":"pruebas","valor":"C2_176","n":176,"id":"C2","t":2587680405}
{"tipo_e":"res","op":"get","clave":"pruebas","valor":"C2_176","n":175,"id":"C1","t":2588902323}
{"tipo_e":"inv","op":"get","clave":"pruebas","valor":null,"n":177,"id":"C2","t":2596311681}
{"tipo_e":"inv","op":"put","clave":"pruebas","valor":"C1_176","n":176,"id":"C1","t":2597599789}
{"tipo_e":"res","op":"get","clave":"pruebas","valor":"C2_176","n":177,"id":"C2","t":2598012071}
{"tipo_e":"res","op":"put","clave":"pruebas","valor":"C1_176","n":176,"id":"C1","t":2599558090}
{"tipo_e":"inv","op":"get","clave":"pruebas","valor":null,"n":178,"id":"C2","t":2606056724}
{"tipo_e":"res","op":"get","clave":"pruebas","valor":"C1_176","n":178,"id":"C2","t":2607700527}
{"tipo_e":"inv","op":"get","clave":"pruebas","valor":null,"n":177,"id":"C1","t":2608051337}
{"tipo_e":"res","op":"get","clave":"pruebas","valor":"C1_176","n":177,"id":"C1","t":2609228899}
{"tipo_e":"inv","op":"put","clave":"pruebas","valor":"C2_179","n":179,"id":"C2","t":2616579182}
{"tipo_e":"inv","op":"get","clave":"pruebas","valor":null,"n":178,"id":"C1","t":2618175278}
{"tipo_e":"res","op":"put","clave":"pruebas","valor":"C2_179","n":179,"id":"C2","t":2618290599}
{"tipo_e":"res","op":"get","clave":"pruebas","valor":"C2_179","n":178,"id":"C1","t":2619390220}
{"tipo_e":"inv","op":"get","clave":"pruebas","valor":null,"n":180,"id":"C2","t":2625905704}
{"tipo_e":"res","op":"get","clave":"pruebas","valor":"C2_179","n":180,"id":"C2","t":2627286133}
{"tipo_e":"inv","op":"put","clave":"pruebas","valor":"C1_179","n":179,"id":"C1","t":2627923238}
{"tipo_e":"res","op":"put","clave":"pruebas","valor":"C1_179","n":179,"id":"C1","t":2629143630}
{"tipo_e":"inv","op":"put","clave":"pruebas","valor":"C2_181","n":181,"id":"C2","t":2635952277}
{"tipo_e":"res","op":"put","clave":"pruebas","valor":"C2_181","n":181,"id":"C2","t":2637470043}
{"tipo_e":"inv","op":"get","clave":"pruebas","valor":null,"n":180,"id":"C1","t":2637814622}
{"tipo_e":"res","op":"get","clave":"pruebas","valor":"C2_181","n":180,"id":"C1","t":2639229692}
{"tipo_e":"inv","op":"get","clave":"pruebas","valor":null,"n":182,"id":"C2","t":2646110021}
{"tipo_e":"res","op":"get","clave":"pruebas","valor":"C2_181","n":182,"id":"C2","t":2647640145}
{"tipo_e":"inv","op":"get","clave":"pruebas","valor":null,"n":181,"id":"C1","t":2647727638}
{"tipo_e":"res","op":"get","clave":"pruebas","valor":"C2_181","n":181,"id":"C1","t":2649307370}
{"tipo_e":"inv","op":"get","clave":"pruebas","valor":null,"n":183,"id":"C2","t":2656363124}
{"tipo_e":"inv","op":"get","clave":"pruebas","valor":null,"n":182,"id":"C1","t":2657948343}
{"tipo_e":"res","op":"get","clave":"pruebas","valor":"C2_181","n":183,"id":"C2","t":2658717486}
{"tipo_e":"res","op":"get","clave":"pruebas","valor":"C2_181","n":182,"id":"C1","t":2659411227}
{"tipo_e":"inv","op":"put","clave":"pruebas","valor":"C2_184","n":184,"id":"C2","t":2666361032}
{"tipo_e":"res","op":"put","clave":"pruebas","valor":"C2_184","n":184,"id":"C2","t":2667815887}
{"tipo_e":"inv","op":"put","clave":"pruebas","valor":"C1_183","n":183,"id":"C1","t":2667973344}
{"tipo_e":"res","op":"put","clave":"pruebas","valor":"C1_183","n":183,"id":"C1","t":2669596883}
{"tipo_e":"inv","op":"put","clave":"pruebas","valor":"C2_185","n":185,"id":"C2","t":2676464957}
{"tipo_e":"inv","op":"put","clave":"pruebas","valor":"C1_184","n":184,"id":"C1","t":2678131155}
{"tipo_e":"res","op":"put","clave":"pruebas","valor":"C2_185","n":185,"id":"C2","t":2678393522}
{"tipo_e":"res","op":"put","clave":"pruebas","valor":"C1_184","n":184,"id":"C1","t":2679856892}
