{"tipo_e":"inv","op":"put","clave":"pruebas","valor":"C2_1","n":1,"id":"C2","t":428826360}
{"tipo_e":"res","op":"put","clave":"pruebas","valor":"C2_1","n":1,"id":"C2","t":579882111}
{"tipo_e":"inv","op":"get","clave":"pruebas","valor":null,"n":1,"id":"C1","t":628772693}
{"tipo_e":"inv","op":"put","clave":"pruebas","valor":"C2_2","n":2,"id":"C2","t":629659750}
{"tipo_e":"res","op":"get","clave":"pruebas","valor":"C2_1","n":1,"id":"C1","t":631650105}
{"tipo_e":"res","op":"put","clave":"pruebas","valor":"C2_2","n":2,"id":"C2","t":631984982}
{"tipo_e":"inv","op":"get","clave":"pruebas","valor":null,"n":3,"id":"C2","t":639831133}
{"tipo_e":"inv","op":"put","clave":"pruebas","valor":"C1_2","n":2,"id":"C1","t":640775807}
{"tipo_e":"res","op":"get","clave":"pruebas","valor":"C2_2","n":3,"id":"C2","t":642114113}
{"tipo_e":"res","op":"put","clave":"pruebas","valor":"C1_2","n":2,"id":"C1","t":642863546}
{"tipo_e":"inv","op":"put","clave":"pruebas","valor":"C2_4","n":4,"id":"C2","t":650336986}
{"tipo_e":"inv","op":"get","clave":"pruebas","valor":null,"n":3,"id":"C1","t":650650369}
{"tipo_e":"res","op":"put","clave":"pruebas","valor":"C2_4","n":4,"id":"C2","t":652808102}
{"tipo_e":"res","op":"get","clave":"pruebas","valor":"C2_4","n":3,"id":"C1","t":652904156}
{"tipo_e":"inv","op":"get","clave":"pruebas","valor":null,"n":5,"id":"C2","t":660650778}
{"tipo_e":"inv","op":"put","clave":"pruebas","valor":"C1_4","n":4,"id":"C1","t":661523416}
{"tipo_e":"res","op":"get","clave":"pruebas","valor":"C2_4","n":5,"id":"C2","t":662866976}
{"tipo_e":"res","op":"put","clave":"pruebas","valor":"C1_4","n":4,"id":"C1","t":663784725}
{"tipo_e":"inv","op":"get","clave":"pruebas","valor":null,"n":6,"id":"C2","t":670902719}
{"tipo_e":"inv","op":"get","clave":"pruebas","valor":null,"n":5,"id":"C1","t":672507368}
{"tipo_e":"res","op":"get","clave":"pruebas","valor":"C1_4","n":6,"id":"C2","t":672993776}
{"tipo_e":"res","op":"get","clave":"pruebas","valor":"C1_4","n":5,"id":"C1","t":674463821}
{"tipo_e":"inv","op":"put","clave":"pruebas","valor":"C2_7","n":7,"id":"C2","t":681021437}
{"tipo_e":"res","op":"put","clave":"pruebas","valor":"C2_7","n":7,"id":"C2","t":682942333}
{"tipo_e":"inv","op":"put","clave":"pruebas","valor":"C1_6","n":6,"id":"C1","t":843006174}
{"tipo_e":"res","op":"put","clave":"pruebas","valor":"C1_6","n":6,"id":"C1","t":845179304}
{"tipo_e":"inv","op":"get","clave":"pruebas","valor":null,"n":7,"id":"C1","t":845943706}
{"tipo_e":"res","op":"get","clave":"pruebas","valor":"C1_6","n":7,"id":"C1","t":847528018}
{"tipo_e":"inv","op":"get","clave":"pruebas","valor":null,"n":8,"id":"C2","t":850799877}
{"tipo_e":"res","op":"get","clave":"pruebas","valor":"C1_6","n":8,"id":"C2","t":852411641}
{"tipo_e":"inv","op":"put","clave":"pruebas","valor":"C1_8","n":8,"id":"C1","t":856437069}
{"tipo_e":"res","op":"put","clave":"pruebas","valor":"C1_8","n":8,"id":"C1","t":858085912}
{"tipo_e":"inv","op":"get","clave":"pruebas","valor":null,"n":9,"id":"C2","t":862391829}
{"tipo_e":"res","op":"get","clave":"pruebas","valor":"C1_8","n":9,"id":"C2","t":865284106}
{"tipo_e":"inv","op":"get","clave":"pruebas","valor":null,"n":9,"id":"C1","t":866123732}
{"tipo_e":"res","op":"get","clave":"pruebas","valor":"C1_8","n":9,"id":"C1","t":867757664}
{"tipo_e":"inv","op":"put","clave":"pruebas","valor":"C2_10","n":10,"id":"C2","t":872162673}
{"tipo_e":"res","op":"put","clave":"pruebas","valor":"C2_10","n":10,"id":"C2","t":873748039}
{"tipo_e":"inv","op":"get","clave":"pruebas","valor":null,"n":10,"id":"C1","t":876725022}
{"tipo_e":"res","op":"get","clave":"pruebas","valor":"C2_10","n":10,"id":"C1","t":878399030}
{"tipo_e":"inv","op":"put","clave":"pruebas","valor":"C2_11","n":11,"id":"C2","t":881683214}
{"tipo_e":"res","op":"put","clave":"pruebas","valor":"C2_11","n":11,"id":"C2","t":883070140}
{"tipo_e":"inv","op":"put","clave":"pruebas","valor":"C1_11","n":11,"id":"C1","t":887418688}
{"tipo_e":"res","op":"put","clave":"pruebas","valor":"C1_11","n":11,"id":"C1","t":888850654}
{"tipo_e":"inv","op":"put","clave":"pruebas","valor":"C2_12","n":12,"id":"C2","t":891789190}
{"tipo_e":"res","op":"put","clave":"pruebas","valor":"C2_12","n":12,"id":"C2","t":893311775}
{"tipo_e":"inv","op":"get","clave":"pruebas","valor":null,"n":12,"id":"C1","t":897463075}
{"tipo_e":"res","op":"get","clave":"pruebas","valor":"C2_12","n":12,"id":"C1","t":898989273}
{"tipo_e":"inv","op":"get","clave":"pruebas","valor":null,"n":13,"id":"C2","t":901973209}
{"tipo_e":"res","op":"get","clave":"pruebas","valor":"C2_12","n":13,"id":"C2","t":903378047}
{"tipo_e":"inv","op":"put","clave":"pruebas","valor":"C1_13","n":13,"id":"C1","t":906730088}
{"tipo_e":"res","op":"put","clave":"pruebas","valor":"C1_13","n":13,"id":"C1","t":908815975}
{"tipo_e":"inv","op":"put","clave":"pruebas","valor":"C2_14","n":14,"id":"C2","t":912190113}
{"tipo_e":"res","op":"put","clave":"pruebas","valor":"C2_14","n":14,"id":"C2","t":913861084}
{"tipo_e":"inv","op":"get","clave":"pruebas","valor":null,"n":14,"id":"C1","t":917538248}
{"tipo_e":"res","op":"get","clave":"pruebas","valor":"C2_14","n":14,"id":"C1","t":919336298}
{"tipo_e":"inv","op":"get","clave":"pruebas","valor":null,"n":15,"id":"C2","t":922545913}
{"tipo_e":"res","op":"get","clave":"pruebas","valor":"C2_14","n":15,"id":"C2","t":924049909}
{"tipo_e":"inv","op":"put","clave":"pruebas","valor":"C1_15","n":15,"id":"C1","t":928082306}
{"tipo_e":"res","op":"put","clave":"pruebas","valor":"C1_15","n":15,"id":"C1","t":929931205}
{"tipo_e":"inv","op":"put","clave":"pruebas","valor":"C2_16","n":16,"id":"C2","t":932796698}
{"tipo_e":"res","op":"put","clave":"pruebas","valor":"C2_16","n":16,"id":"C2","t":934470635}
{"tipo_e":"inv","op":"get","clave":"pruebas","valor":null,"n":16,"id":"C1","t":937705263}
{"tipo_e":"res","op":"get","clave":"pruebas","valor":"C2_16","n":16,"id":"C1","t":939336645}
{"tipo_e":"inv","op":"put","clave":"pruebas","valor":"C2_17","n":17,"id":"C2","t":943461246}
{"tipo_e":"res","op":"put","clave":"pruebas","valor":"C2_17","n":17,"id":"C2","t":945978647}
{"tipo_e":"inv","op":"get","clave":"pruebas","valor":null,"n":17,"id":"C1","t":948198090}
{"tipo_e":"res","op":"get","clave":"pruebas","valor":"C2_17","n":17,"id":"C1","t":950038837}
{"tipo_e":"inv","op":"put","clave":"pruebas","valor":"C2_18","n":18,"id":"C2","t":952915810}
{"tipo_e":"res","op":"put","clave":"pruebas","valor":"C2_18","n":18,"id":"C2","t":954757794}
{"tipo_e":"inv","op":"get","clave":"pruebas","valor":null,"n":18,"id":"C1","t":957845741}
{"tipo_e":"res","op":"get","clave":"pruebas","valor":"C2_18","n":18,"id":"C1","t":960113640}
{"tipo_e":"inv","op":"put","clave":"pruebas","valor":"C2_19","n":19,"id":"C2","t":962661665}
{"tipo_e":"res","op":"put","clave":"pruebas","valor":"C2_19","n":19,"id":"C2","t":964900203}
{"tipo_e":"inv","op":"get","clave":"pruebas","valor":null,"n":19,"id":"C1","t":968127792}
{"tipo_e":"res","op":"get","clave":"pruebas","valor":"C2_19","n":19,"id":"C1","t":970486702}
{"tipo_e":"inv","op":"put","clave":"pruebas","valor":"C2_20","n":20,"id":"C2","t":972866843}
{"tipo_e":"res","op":"put","clave":"pruebas","valor":"C2_20","n":20,"id":"C2","t":975126631}
{"tipo_e":"inv","op":"put","clave":"pruebas","valor":"C1_20","n":20,"id":"C1","t":978261303}
{"tipo_e":"res","op":"put","clave":"pruebas","valor":"C1_20","n":20,"id":"C1","t":980341594}
{"tipo_e":"inv","op":"put","clave":"pruebas","valor":"C2_21","n":21,"id":"C2","t":983243013}
{"tipo_e":"res","op":"put","clave":"pruebas","valor":"C2_21","n":21,"id":"C2","t":986777178}
{"tipo_e":"inv","op":"get","clave":"pruebas","valor":null,"n":21,"id":"C1","t":988166227}
{"tipo_e":"res","op":"get","clave":"pruebas","valor":"C2_21","n":21,"id":"C1","t":989791827}
{"tipo_e":"inv","op":"put","clave":"pruebas","valor":"C2_22","n":22,"id":"C2","t":992602510}
{"tipo_e":"res","op":"put","clave":"pruebas","valor":"C2_22","n":22,"id":"C2","t":994286510}
{"tipo_e":"inv","op":"put","clave":"pruebas","valor":"C1_22","n":22,"id":"C1","t":998389591}
{"tipo_e":"res","op":"put","clave":"pruebas","valor":"C1_22","n":22,"id":"C1","t":999988533}
{"tipo_e":"inv","op":"put","clave":"pruebas","valor":"C2_23","n":23,"id":"C2","t":1002967592}
{"tipo_e":"res","op":"put","clave":"pruebas","valor":"C2_23","n":23,"id":"C2","t":1004715243}
{"tipo_e":"inv","op":"get","clave":"pruebas","valor":null,"n":23,"id":"C1","t":1007631003}
{"tipo_e":"res","op":"get","clave":"pruebas","valor":"C2_23","n":23,"id":"C1","t":1009191604}
{"tipo_e":"inv","op":"put","clave":"pruebas","valor":"C2_24","n":24,"id":"C2","t":1013514624}
{"tipo_e":"res","op":"put","clave":"pruebas","valor":"C2_24","n":24,"id":"C2","t":1015108276}
{"tipo_e":"inv","op":"get","clave":"pruebas","valor":null,"n":24,"id":"C1","t":1018079602}
{"tipo_e":"res","op":"get","clave":"pruebas","valor":"C2_24","n":24,"id":"C1","t":1020159526}
{"tipo_e":"inv","op":"put","clave":"pruebas","valor":"C2_25","n":25,"id":"C2","t":1022688476}
{"tipo_e":"res","op":"put","clave":"pruebas","valor":"C2_25","n":25,"id":"C2","t":1024691212}
{"tipo_e":"inv","op":"put","clave":"pruebas","valor":"C1_25","n":25,"id":"C1","t":1027970460}
{"tipo_e":"res","op":"put","clave":"pruebas","valor":"C1_25","n":25,"id":"C1","t":1029894199}
{"tipo_e":"inv","op":"get","clave":"pruebas","valor":null,"n":26,"id":"C2","t":1033414577}
{"tipo_e":"res","op":"get","clave":"pruebas","valor":"C1_25","n":26,"id":"C2","t":1034998044}
{"tipo_e":"inv","op":"put","clave":"pruebas","valor":"C1_26","n":26,"id":"C1","t":1038532150}
{"tipo_e":"res","op":"put","clave":"pruebas","valor":"C1_26","n":26,"id":"C1","t":1040119003}
{"tipo_e":"inv","op":"put","clave":"pruebas","valor":"C2_27","n":27,"id":"C2","t":1042652330}
{"tipo_e":"res","op":"put","clave":"pruebas","valor":"C2_27","n":27,"id":"C2","t":1044207177}
{"tipo_e":"inv","op":"get","clave":"pruebas","valor":null,"n":27,"id":"C1","t":1048765328}
{"tipo_e":"res","op":"get","clave":"pruebas","valor":"C2_27","n":27,"id":"C1","t":1050136874}
{"tipo_e":"inv","op":"put","clave":"pruebas","valor":"C2_28","n":28,"id":"C2","t":1053029921}
{"tipo_e":"res","op":"put","clave":"pruebas","valor":"C2_28","n":28,"id":"C2","t":1054510327}
{"tipo_e":"inv","op":"get","clave":"pruebas","valor":null,"n":28,"id":"C1","t":1058994044}
{"tipo_e":"res","op":"get","clave":"pruebas","valor":"C2_28","n":28,"id":"C1","t":1060805706}
{"tipo_e":"inv","op":"get","clave":"pruebas","valor":null,"n":29,"id":"C2","t":1063394103}
{"tipo_e":"res","op":"get","clave":"pruebas","valor":"C2_28","n":29,"id":"C2","t":1065102369}
{"tipo_e":"inv","op":"get","clave":"pruebas","valor":null,"n":29,"id":"C1","t":1069528640}
{"tipo_e":"res","op":"get","clave":"pruebas","valor":"C2_28","n":29,"id":"C1","t":1071162185}
{"tipo_e":"inv","op":"put","clave":"pruebas","valor":"C2_30","n":30,"id":"C2","t":1072717593}
{"tipo_e":"res","op":"put","clave":"pruebas","valor":"C2_30","n":30,"id":"C2","t":1074244650}
{"tipo_e":"inv","op":"get","clave":"pruebas","valor":null,"n":30,"id":"C1","t":1078851686}
{"tipo_e":"res","op":"get","clave":"pruebas","valor":"C2_30","n":30,"id":"C1","t":1080507303}
{"tipo_e":"inv","op":"put","clave":"pruebas","valor":"C2_31","n":31,"id":"C2","t":1082910699}
{"tipo_e":"res","op":"put","clave":"pruebas","valor":"C2_31","n":31,"id":"C2","t":1085143697}
{"tipo_e":"inv","op":"put","clave":"pruebas","valor":"C1_31","n":31,"id":"C1","t":1089540335}
{"tipo_e":"res","op":"put","clave":"pruebas","valor":"C1_31","n":31,"id":"C1","t":1091379564}
{"tipo_e":"inv","op":"put","clave":"pruebas","valor":"C2_32","n":32,"id":"C2","t":1092818486}
{"tipo_e":"res","op":"put","clave":"pruebas","valor":"C2_32","n":32,"id":"C2","t":1094222874}
{"tipo_e":"inv","op":"get","clave":"pruebas","valor":null,"n":32,"id":"C1","t":1099041193}
{"tipo_e":"res","op":"get","clave":"pruebas","valor":"C2_32","n":32,"id":"C1","t":1100545235}
{"tipo_e":"inv","op":"get","clave":"pruebas","valor":null,"n":33,"id":"C2","t":1102839203}
{"tipo_e":"res","op":"get","clave":"pruebas","valor":"C2_32","n":33,"id":"C2","t":1104654653}
{"tipo_e":"inv","op":"get","clave":"pruebas","valor":null,"n":33,"id":"C1","t":1109441356}
{"tipo_e":"res","op":"get","clave":"pruebas","valor":"C2_32","n":33,"id":"C1","t":1111172598}
{"tipo_e":"inv","op":"get","clave":"pruebas","valor":null,"n":34,"id":"C2","t":1113375772}
{"tipo_e":"res","op":"get","clave":"pruebas","valor":"C2_32","n":34,"id":"C2","t":1115025382}
{"tipo_e":"inv","op":"put","clave":"pruebas","valor":"C1_34","n":34,"id":"C1","t":1119034541}
{"tipo_e":"res","op":"put","clave":"pruebas","valor":"C1_34","n":34,"id":"C1","t":1120753430}
{"tipo_e":"inv","op":"put","clave":"pruebas","valor":"C2_35","n":35,"id":"C2","t":1122721614}
{"tipo_e":"res","op":"put","clave":"pruebas","valor":"C2_35","n":35,"id":"C2","t":1124546497}
{"tipo_e":"inv","op":"get","clave":"pruebas","valor":null,"n":35,"id":"C1","t":1129521609}
{"tipo_e":"res","op":"get","clave":"pruebas","valor":"C2_35","n":35,"id":"C1","t":1131155672}
{"tipo_e":"inv","op":"get","clave":"pruebas","valor":null,"n":36,"id":"C2","t":1133339989}
{"tipo_e":"res","op":"get","clave":"pruebas","valor":"C2_35","n":36,"id":"C2","t":1134785503}
{"tipo_e":"inv","op":"get","clave":"pruebas","valor":null,"n":36,"id":"C1","t":1138915444}
{"tipo_e":"res","op":"get","clave":"pruebas","valor":"C2_35","n":36,"id":"C1","t":1141022240}
{"tipo_e":"inv","op":"put","clave":"pruebas","valor":"C2_37","n":37,"id":"C2","t":1143328639}
{"tipo_e":"res","op":"put","clave":"pruebas","valor":"C2_37","n":37,"id":"C2","t":1144953838}
{"tipo_e":"inv","op":"get","clave":"pruebas","valor":null,"n":37,"id":"C1","t":1148656486}
{"tipo_e":"res","op":"get","clave":"pruebas","valor":"C2_37","n":37,"id":"C1","t":1150003055}
{"tipo_e":"inv","op":"get","clave":"pruebas","valor":null,"n":38,"id":"C2","t":1153612057}
{"tipo_e":"res","op":"get","clave":"pruebas","valor":"C2_37","n":38,"id":"C2","t":1155403775}
{"tipo_e":"inv","op":"put","clave":"pruebas","valor":"C1_38","n":38,"id":"C1","t":1158724768}
{"tipo_e":"res","op":"put","clave":"pruebas","valor":"C1_38","n":38,"id":"C1","t":1161502803}
{"tipo_e":"inv","op":"put","clave":"pruebas","valor":"C2_39","n":39,"id":"C2","t":1163983864}
{"tipo_e":"res","op":"put","clave":"pruebas","valor":"C2_39","n":39,"id":"C2","t":1165615254}
{"tipo_e":"inv","op":"get","clave":"pruebas","valor":null,"n":39,"id":"C1","t":1169205269}
{"tipo_e":"res","op":"get","clave":"pruebas","valor":"C2_39","n":39,"id":"C1","t":1170885478}
{"tipo_e":"inv","op":"put","clave":"pruebas","valor":"C2_40","n":40,"id":"C2","t":1174442982}
{"tipo_e":"res","op":"put","clave":"pruebas","valor":"C2_40","n":40,"id":"C2","t":1176323897}
{"tipo_e":"inv","op":"put","clave":"pruebas","valor":"C1_40","n":40,"id":"C1","t":1179529309}
{"tipo_e":"res","op":"put","clave":"pruebas","valor":"C1_40","n":40,"id":"C1","t":1181116727}
{"tipo_e":"inv","op":"put","clave":"pruebas","valor":"C2_41","n":41,"id":"C2","t":1184048287}
{"tipo_e":"res","op":"put","clave":"pruebas","valor":"C2_41","n":41,"id":"C2","t":1186736280}
{"tipo_e":"inv","op":"get","clave":"pruebas","valor":null,"n":41,"id":"C1","t":1189850353}
{"tipo_e":"res","op":"get","clave":"pruebas","valor":"C2_41","n":41,"id":"C1","t":1191352233}
{"tipo_e":"inv","op":"put","clave":"pruebas","valor":"C2_42","n":42,"id":"C2","t":1194356057}
{"tipo_e":"res","op":"put","clave":"pruebas","valor":"C2_42","n":42,"id":"C2","t":1195991544}
{"tipo_e":"inv","op":"get","clave":"pruebas","valor":null,"n":42,"id":"C1","t":1200193494}
{"tipo_e":"res","op":"get","clave":"pruebas","valor":"C2_42","n":42,"id":"C1","t":1202162493}
{"tipo_e":"inv","op":"get","clave":"pruebas","valor":null,"n":43,"id":"C2","t":1203657889}
{"tipo_e":"res","op":"get","clave":"pruebas","valor":"C2_42","n":43,"id":"C2","t":1205342930}
{"tipo_e":"inv","op":"get","clave":"pruebas","valor":null,"n":43,"id":"C1","t":1210053679}
{"tipo_e":"res","op":"get","clave":"pruebas","valor":"C2_42","n":43,"id":"C1","t":1211652434}
{"tipo_e":"inv","op":"get","clave":"pruebas","valor":null,"n":44,"id":"C2","t":1214058946}
{"tipo_e":"res","op":"get","clave":"pruebas","valor":"C2_42","n":44,"id":"C2","t":1215654250}
{"tipo_e":"inv","op":"get","clave":"pruebas","valor":null,"n":44,"id":"C1","t":1220377270}
{"tipo_e":"res","op":"get","clave":"pruebas","valor":"C2_42","n":44,"id":"C1","t":1222045002}
{"tipo_e":"inv","op":"put","clave":"pruebas","valor":"C2_45","n":45,"id":"C2","t":1224396702}
{"tipo_e":"res","op":"put","clave":"pruebas","valor":"C2_45","n":45,"id":"C2","t":1226538850}
{"tipo_e":"inv","op":"put","clave":"pruebas","valor":"C1_45","n":45,"id":"C1","t":1229671342}
{"tipo_e":"res","op":"put","clave":"pruebas","valor":"C1_45","n":45,"id":"C1","t":1231168722}
{"tipo_e":"inv","op":"get","clave":"pruebas","valor":null,"n":46,"id":"C2","t":1234157457}
{"tipo_e":"res","op":"get","clave":"pruebas","valor":"C1_45","n":46,"id":"C2","t":1235749215}
{"tipo_e":"inv","op":"put","clave":"pruebas","valor":"C1_46","n":46,"id":"C1","t":1239889805}
{"tipo_e":"res","op":"put","clave":"pruebas","valor":"C1_46","n":46,"id":"C1","t":1241542112}
{"tipo_e":"inv","op":"get","clave":"pruebas","valor":null,"n":47,"id":"C2","t":1244573023}
{"tipo_e":"res","op":"get","clave":"pruebas","valor":"C1_46","n":47,"id":"C2","t":1246072392}
{"tipo_e":"inv","op":"get","clave":"pruebas","valor":null,"n":47,"id":"C1","t":1250371101}
{"tipo_e":"res","op":"get","clave":"pruebas","valor":"C1_46","n":47,"id":"C1","t":1252572550}
{"tipo_e":"inv","op":"get","clave":"pruebas","valor":null,"n":48,"id":"C2","t":1253730933}
{"tipo_e":"res","op":"get","clave":"pruebas","valor":"C1_46","n":48,"id":"C2","t":1255168805}
{"tipo_e":"inv","op":"put","clave":"pruebas","valor":"C1_48","n":48,"id":"C1","t":1260197637}
{"tipo_e":"res","op":"put","clave":"pruebas","valor":"C1_48","n":48,"id":"C1","t":1261951961}
{"tipo_e":"inv","op":"get","clave":"pruebas","valor":null,"n":49,"id":"C2","t":1263776583}
{"tipo_e":"res","op":"get","clave":"pruebas","valor":"C1_48","n":49,"id":"C2","t":1265386883}
{"tipo_e":"inv","op":"put","clave":"pruebas","valor":"C1_49","n":49,"id":"C1","t":1270581437}
{"tipo_e":"res","op":"put","clave":"pruebas","valor":"C1_49","n":49,"id":"C1","t":1272328276}
{"tipo_e":"inv","op":"get","clave":"pruebas","valor":null,"n":50,"id":"C2","t":1274054683}
{"tipo_e":"res","op":"get","clave":"pruebas","valor":"C1_49","n":50,"id":"C2","t":1275653875}
{"tipo_e":"inv","op":"put","clave":"pruebas","valor":"C1_50","n":50,"id":"C1","t":1281091821}
{"tipo_e":"res","op":"put","clave":"pruebas","valor":"C1_50","n":50,"id":"C1","t":1282679432}
{"tipo_e":"inv","op":"get","clave":"pruebas","valor":null,"n":51,"id":"C2","t":1284188254}
{"tipo_e":"res","op":"get","clave":"pruebas","valor":"C1_50","n":51,"id":"C2","t":1286302350}
{"tipo_e":"inv","op":"get","clave":"pruebas","valor":null,"n":51,"id":"C1","t":1291395140}
{"tipo_e":"res","op":"get","clave":"pruebas","valor":"C1_50","n":51,"id":"C1","t":1292871344}
{"tipo_e":"inv","op":"put","clave":"pruebas","valor":"C2_52","n":52,"id":"C2","t":1293926066}
{"tipo_e":"res","op":"put","clave":"pruebas","valor":"C2_52","n":52,"id":"C2","t":1295545496}
{"tipo_e":"inv","op":"put","clave":"pruebas","valor":"C1_52","n":52,"id":"C1","t":1301593978}
{"tipo_e":"res","op":"put","clave":"pruebas","valor":"C1_52","n":52,"id":"C1","t":1303095471}
{"tipo_e":"inv","op":"put","clave":"pruebas","valor":"C2_53","n":53,"id":"C2","t":1304351309}
{"tipo_e":"res","op":"put","clave":"pruebas","valor":"C2_53","n":53,"id":"C2","t":1306049208}
{"tipo_e":"inv","op":"put","clave":"pruebas","valor":"C1_53","n":53,"id":"C1","t":1311799701}
{"tipo_e":"res","op":"put","clave":"pruebas","valor":"C1_53","n":53,"id":"C1","t":1313349333}
{"tipo_e":"inv","op":"put","clave":"pruebas","valor":"C2_54","n":54,"id":"C2","t":1313696273}
{"tipo_e":"res","op":"put","clave":"pruebas","valor":"C2_54","n":54,"id":"C2","t":1315110647}
{"tipo_e":"inv","op":"put","clave":"pruebas","valor":"C1_54","n":54,"id":"C1","t":1322002132}
{"tipo_e":"inv","op":"get","clave":"pruebas","valor":null,"n":55,"id":"C2","t":1323676056}
{"tipo_e":"res","op":"put","clave":"pruebas","valor":"C1_54","n":54,"id":"C1","t":1323810029}
{"tipo_e":"res","op":"get","clave":"pruebas","valor":"C1_54","n":55,"id":"C2","t":1325450543}
{"tipo_e":"inv","op":"get","clave":"pruebas","valor":null,"n":55,"id":"C1","t":1332404940}
{"tipo_e":"inv","op":"put","clave":"pruebas","valor":"C2_56","n":56,"id":"C2","t":1334005596}
{"tipo_e":"res","op":"get","clave":"pruebas","valor":"C1_54","n":55,"id":"C1","t":1334104919}
{"tipo_e":"res","op":"put","clave":"pruebas","valor":"C2_56","n":56,"id":"C2","t":1335678148}
{"tipo_e":"inv","op":"put","clave":"pruebas","valor":"C1_56","n":56,"id":"C1","t":1341776485}
{"tipo_e":"res","op":"put","clave":"pruebas","valor":"C1_56","n":56,"id":"C1","t":1343646966}
{"tipo_e":"inv","op":"put","clave":"pruebas","valor":"C2_57","n":57,"id":"C2","t":1344215477}
{"tipo_e":"res","op":"put","clave":"pruebas","valor":"C2_57","n":57,"id":"C2","t":1345918234}
{"tipo_e":"inv","op":"put","clave":"pruebas","valor":"C1_57","n":57,"id":"C1","t":1352491276}
{"tipo_e":"res","op":"put","clave":"pruebas","valor":"C1_57","n":57,"id":"C1","t":1354228153}
{"tipo_e":"inv","op":"put","clave":"pruebas","valor":"C2_58","n":58,"id":"C2","t":1354464588}
{"tipo_e":"res","op":"put","clave":"pruebas","valor":"C2_58","n":58,"id":"C2","t":1355936629}
{"tipo_e":"inv","op":"put","clave":"pruebas","valor":"C1_58","n":58,"id":"C1","t":1362084241}
{"tipo_e":"inv","op":"get","clave":"pruebas","valor":null,"n":59,"id":"C2","t":1364522127}
{"tipo_e":"res","op":"put","clave":"pruebas","valor":"C1_58","n":58,"id":"C1","t":1364665784}
{"tipo_e":"res","op":"get","clave":"pruebas","valor":"C1_58","n":59,"id":"C2","t":1366346944}
{"tipo_e":"inv","op":"put","clave":"pruebas","valor":"C1_59","n":59,"id":"C1","t":1372415602}
{"tipo_e":"res","op":"put","clave":"pruebas","valor":"C1_59","n":59,"id":"C1","t":1373907393}
{"tipo_e":"inv","op":"put","clave":"pruebas","valor":"C2_60","n":60,"id":"C2","t":1375109214}
{"tipo_e":"res","op":"put","clave":"pruebas","valor":"C2_60","n":60,"id":"C2","t":1376479877}
{"tipo_e":"inv","op":"get","clave":"pruebas","valor":null,"n":60,"id":"C1","t":1382666092}
{"tipo_e":"res","op":"get","clave":"pruebas","valor":"C2_60","n":60,"id":"C1","t":1384169253}
{"tipo_e":"inv","op":"put","clave":"pruebas","valor":"C2_61","n":61,"id":"C2","t":1385039362}
{"tipo_e":"res","op":"put","clave":"pruebas","valor":"C2_61","n":61,"id":"C2","t":1386865865}
{"tipo_e":"inv","op":"get","clave":"pruebas","valor":null,"n":61,"id":"C1","t":1392813359}
{"tipo_e":"res","op":"get","clave":"pruebas","valor":"C2_61","n":61,"id":"C1","t":1394177997}
{"tipo_e":"inv","op":"get","clave":"pruebas","valor":null,"n":62,"id":"C2","t":1395468514}
{"tipo_e":"res","op":"get","clave":"pruebas","valor":"C2_61","n":62,"id":"C2","t":1396857649}
{"tipo_e":"inv","op":"get","clave":"pruebas","valor":null,"n":62,"id":"C1","t":1403047649}
{"tipo_e":"res","op":"get","clave":"pruebas","valor":"C2_61","n":62,"id":"C1","t":1405088225}
{"tipo_e":"inv","op":"get","clave":"pruebas","valor":null,"n":63,"id":"C2","t":1406287076}
{"tipo_e":"res","op":"get","clave":"pruebas","valor":"C2_61","n":63,"id":"C2","t":1407689601}
{"tipo_e":"inv","op":"get","clave":"pruebas","valor":null,"n":63,"id":"C1","t":1413518765}
{"tipo_e":"res","op":"get","clave":"pruebas","valor":"C2_61","n":63,"id":"C1","t":1414882937}
{"tipo_e":"inv","op":"get","clave":"pruebas","valor":null,"n":64,"id":"C2","t":1416196063}
{"tipo_e":"res","op":"get","clave":"pruebas","valor":"C2_61","n":64,"id":"C2","t":1417451646}
{"tipo_e":"inv","op":"put","clave":"pruebas","valor":"C1_64","n":64,"id":"C1","t":1424449306}
{"tipo_e":"res","op":"put","clave":"pruebas","valor":"C1_64","n":64,"id":"C1","t":1425809975}
{"tipo_e":"inv","op":"put","clave":"pruebas","valor":"C2_65","n":65,"id":"C2","t":1425904903}
{"tipo_e":"res","op":"put","clave":"pruebas","valor":"C2_65","n":65,"id":"C2","t":1427162029}
{"tipo_e":"inv","op":"get","clave":"pruebas","valor":null,"n":65,"id":"C1","t":1434602619}
{"tipo_e":"inv","op":"get","clave":"pruebas","valor":null,"n":66,"id":"C2","t":1435711720}
{"tipo_e":"res","op":"get","clave":"pruebas","valor":"C2_65","n":65,"id":"C1","t":1436502137}
{"tipo_e":"res","op":"get","clave":"pruebas","valor":"C2_65","n":66,"id":"C2","t":1437326364}
{"tipo_e":"inv","op":"put","clave":"pruebas","valor":"C1_66","n":66,"id":"C1","t":1444132963}
{"tipo_e":"inv","op":"put","clave":"pruebas","valor":"C2_67","n":67,"id":"C2","t":1445855535}
{"tipo_e":"res","op":"put","clave":"pruebas","valor":"C1_66","n":66,"id":"C1","t":1445944347}
{"tipo_e":"res","op":"put","clave":"pruebas","valor":"C2_67","n":67,"id":"C2","t":1447126285}
{"tipo_e":"inv","op":"get","clave":"pruebas","valor":null,"n":67,"id":"C1","t":1454555824}
{"tipo_e":"inv","op":"get","clave":"pruebas","valor":null,"n":68,"id":"C2","t":1455706852}
{"tipo_e":"res","op":"get","clave":"pruebas","valor":"C2_67","n":67,"id":"C1","t":1456091644}
{"tipo_e":"res","op":"get","clave":"pruebas","valor":"C2_67","n":68,"id":"C2","t":1456972727}
{"tipo_e":"inv","op":"get","clave":"pruebas","valor":null,"n":68,"id":"C1","t":1464903188}
{"tipo_e":"inv","op":"get","clave":"pruebas","valor":null,"n":69,"id":"C2","t":1465628601}
{"tipo_e":"res","op":"get","clave":"pruebas","valor":"C2_67","n":68,"id":"C1","t":1466790853}
{"tipo_e":"res","op":"get","clave":"pruebas","valor":"C2_67","n":69,"id":"C2","t":1467251052}
{"tipo_e":"inv","op":"put","clave":"pruebas","valor":"C1_69","n":69,"id":"C1","t":1475484616}
{"tipo_e":"inv","op":"put","clave":"pruebas","valor":"C2_70","n":70,"id":"C2","t":1475881652}
{"tipo_e":"res","op":"put","clave":"pruebas","valor":"C1_69","n":69,"id":"C1","t":1477320767}
{"tipo_e":"res","op":"put","clave":"pruebas","valor":"C2_70","n":70,"id":"C2","t":1477635678}
{"tipo_e":"inv","op":"get","clave":"pruebas","valor":null,"n":70,"id":"C1","t":1484869118}
{"tipo_e":"inv","op":"put","clave":"pruebas","valor":"C2_71","n":71,"id":"C2","t":1486085931}
{"tipo_e":"res","op":"get","clave":"pruebas","valor":"C2_70","n":70,"id":"C1","t":1486365383}
{"tipo_e":"res","op":"put","clave":"pruebas","valor":"C2_71","n":71,"id":"C2","t":1487456458}
{"tipo_e":"inv","op":"put","clave":"pruebas","valor":"C1_71","n":71,"id":"C1","t":1495227881}
{"tipo_e":"inv","op":"put","clave":"pruebas","valor":"C2_72","n":72,"id":"C2","t":1496052539}
{"tipo_e":"res","op":"put","clave":"pruebas","valor":"C1_71","n":71,"id":"C1","t":1497571470}
{"tipo_e":"res","op":"put","clave":"pruebas","valor":"C2_72","n":72,"id":"C2","t":1497683583}
{"tipo_e":"inv","op":"get","clave":"pruebas","valor":null,"n":72,"id":"C1","t":1505177161}
{"tipo_e":"inv","op":"get","clave":"pruebas","valor":null,"n":73,"id":"C2","t":1506182455}
{"tipo_e":"res","op":"get","clave":"pruebas","valor":"C2_72","n":72,"id":"C1","t":1506932735}
{"tipo_e":"res","op":"get","clave":"pruebas","valor":"C2_72","n":73,"id":"C2","t":1507933673}
{"tipo_e":"inv","op":"get","clave":"pruebas","valor":null,"n":73,"id":"C1","t":1515735552}
{"tipo_e":"inv","op":"put","clave":"pruebas","valor":"C2_74","n":74,"id":"C2","t":1516478397}
{"tipo_e":"res","op":"get","clave":"pruebas","valor":"C2_72","n":73,"id":"C1","t":1517328505}
{"tipo_e":"res","op":"put","clave":"pruebas","valor":"C2_74","n":74,"id":"C2","t":1518839229}
{"tipo_e":"inv","op":"put","clave":"pruebas","valor":"C1_74","n":74,"id":"C1","t":1526146847}
{"tipo_e":"inv","op":"get","clave":"pruebas","valor":null,"n":75,"id":"C2","t":1527397063}
{"tipo_e":"res","op":"put","clave":"pruebas","valor":"C1_74","n":74,"id":"C1","t":1527672379}
{"tipo_e":"res","op":"get","clave":"pruebas","valor":"C1_74","n":75,"id":"C2","t":1528861405}
{"tipo_e":"inv","op":"put","clave":"pruebas","valor":"C1_75","n":75,"id":"C1","t":1536348237}
{"tipo_e":"inv","op":"put","clave":"pruebas","valor":"C2_76","n":76,"id":"C2","t":1536667700}
{"tipo_e":"res","op":"put","clave":"pruebas","valor":"C1_75","n":75,"id":"C1","t":1538023933}
{"tipo_e":"res","op":"put","clave":"pruebas","valor":"C2_76","n":76,"id":"C2","t":1538248817}
{"tipo_e":"inv","op":"get","clave":"pruebas","valor":null,"n":76,"id":"C1","t":1545682710}
{"tipo_e":"inv","op":"put","clave":"pruebas","valor":"C2_77","n":77,"id":"C2","t":1546780506}
{"tipo_e":"res","op":"get","clave":"pruebas","valor":"C2_76","n":76,"id":"C1","t":1547676438}
{"tipo_e":"res","op":"put","clave":"pruebas","valor":"C2_77","n":77,"id":"C2","t":1548580395}
{"tipo_e":"inv","op":"put","clave":"pruebas","valor":"C2_78","n":78,"id":"C2","t":1557208518}
{"tipo_e":"res","op":"put","clave":"pruebas","valor":"C2_78","n":78,"id":"C2","t":1559333673}
{"tipo_e":"inv","op":"get","clave":"pruebas","valor":null,"n":79,"id":"C2","t":1567074581}
{"tipo_e":"res","op":"get","clave":"pruebas","valor":"C2_78","n":79,"id":"C2","t":1568848525}
{"tipo_e":"inv","op":"get","clave":"pruebas","valor":null,"n":80,"id":"C2","t":1577499748}
{"tipo_e":"res","op":"get","clave":"pruebas","valor":"C2_78","n":80,"id":"C2","t":1579397093}
{"tipo_e":"inv","op":"put","clave":"pruebas","valor":"C2_81","n":81,"id":"C2","t":1587147769}
{"tipo_e":"res","op":"put","clave":"pruebas","valor":"C2_81","n":81,"id":"C2","t":1588933760}
{"tipo_e":"inv","op":"get","clave":"pruebas","valor":null,"n":77,"id":"C1","t":1595949580}
{"tipo_e":"inv","op":"put","clave":"pruebas","valor":"C2_82","n":82,"id":"C2","t":1597507060}
{"tipo_e":"res","op":"get","clave":"pruebas","valor":"C2_81","n":77,"id":"C1","t":1597890695}
{"tipo_e":"res","op":"put","clave":"pruebas","valor":"C2_82","n":82,"id":"C2","t":1599545510}
{"tipo_e":"inv","op":"get","clave":"pruebas","valor":null,"n":78,"id":"C1","t":1606659833}
{"tipo_e":"inv","op":"get","clave":"pruebas","valor":null,"n":83,"id":"C2","t":1608158122}
{"tipo_e":"res","op":"get","clave":"pruebas","valor":"C2_82","n":78,"id":"C1","t":1610336390}
{"tipo_e":"res","op":"get","clave":"pruebas","valor":"C2_82","n":83,"id":"C2","t":1611368353}
{"tipo_e":"inv","op":"put","clave":"pruebas","valor":"C1_79","n":79,"id":"C1","t":1617067786}
{"tipo_e":"inv","op":"put","clave":"pruebas","valor":"C2_84","n":84,"id":"C2","t":1617948305}
{"tipo_e":"res","op":"put","clave":"pruebas","valor":"C1_79","n":79,"id":"C1","t":1618830706}
{"tipo_e":"res","op":"put","clave":"pruebas","valor":"C2_84","n":84,"id":"C2","t":1619489530}
{"tipo_e":"inv","op":"put","clave":"pruebas","valor":"C1_80","n":80,"id":"C1","t":1627401039}
{"tipo_e":"inv","op":"get","clave":"pruebas","valor":null,"n":85,"id":"C2","t":1628021493}
{"tipo_e":"res","op":"put","clave":"pruebas","valor":"C1_80","n":80,"id":"C1","t":1629857404}
{"tipo_e":"res","op":"get","clave":"pruebas","valor":"C1_80","n":85,"id":"C2","t":1630532062}
{"tipo_e":"inv","op":"get","clave":"pruebas","valor":null,"n":81,"id":"C1","t":1637518965}
{"tipo_e":"inv","op":"get","clave":"pruebas","valor":null,"n":86,"id":"C2","t":1638033719}
{"tipo_e":"res","op":"get","clave":"pruebas","valor":"C1_80","n":81,"id":"C1","t":1639389648}
{"tipo_e":"res","op":"get","clave":"pruebas","valor":"C1_80","n":86,"id":"C2","t":1639731200}
{"tipo_e":"inv","op":"put","clave":"pruebas","valor":"C1_82","n":82,"id":"C1","t":1647003550}
{"tipo_e":"inv","op":"put","clave":"pruebas","valor":"C2_87","n":87,"id":"C2","t":1648250506}
{"tipo_e":"res","op":"put","clave":"pruebas","valor":"C1_82","n":82,"id":"C1","t":1648851881}
{"tipo_e":"res","op":"put","clave":"pruebas","valor":"C2_87","n":87,"id":"C2","t":1649923720}
{"tipo_e":"inv","op":"put","clave":"pruebas","valor":"C1_83","n":83,"id":"C1","t":1657482686}
{"tipo_e":"inv","op":"get","clave":"pruebas","valor":null,"n":88,"id":"C2","t":1658463704}
{"tipo_e":"res","op":"put","clave":"pruebas","valor":"C1_83","n":83,"id":"C1","t":1659133174}
{"tipo_e":"res","op":"get","clave":"pruebas","valor":"C1_83","n":88,"id":"C2","t":1660190937}
{"tipo_e":"inv","op":"put","clave":"pruebas","valor":"C1_84","n":84,"id":"C1","t":1666868012}
{"tipo_e":"inv","op":"put","clave":"pruebas","valor":"C2_89","n":89,"id":"C2","t":1667766165}
{"tipo_e":"res","op":"put","clave":"pruebas","valor":"C1_84","n":84,"id":"C1","t":1668520177}
{"tipo_e":"res","op":"put","clave":"pruebas","valor":"C2_89","n":89,"id":"C2","t":1669156216}
{"tipo_e":"inv","op":"get","clave":"pruebas","valor":null,"n":85,"id":"C1","t":1677345165}
{"tipo_e":"inv","op":"get","clave":"pruebas","valor":null,"n":90,"id":"C2","t":1677781503}
{"tipo_e":"res","op":"get","clave":"pruebas","valor":"C2_89","n":85,"id":"C1","t":1679638971}
{"tipo_e":"res","op":"get","clave":"pruebas","valor":"C2_89","n":90,"id":"C2","t":1679850498}
{"tipo_e":"inv","op":"put","clave":"pruebas","valor":"C1_86","n":86,"id":"C1","t":1687203477}
{"tipo_e":"inv","op":"get","clave":"pruebas","valor":null,"n":91,"id":"C2","t":1688448284}
{"tipo_e":"res","op":"put","clave":"pruebas","valor":"C1_86","n":86,"id":"C1","t":1688610601}
{"tipo_e":"res","op":"get","clave":"pruebas","valor":"C1_86","n":91,"id":"C2","t":1689877298}
{"tipo_e":"inv","op":"get","clave":"pruebas","valor":null,"n":87,"id":"C1","t":1697206899}
{"tipo_e":"res","op":"get","clave":"pruebas","valor":"C1_86","n":87,"id":"C1","t":1698756665}
{"tipo_e":"inv","op":"get","clave":"pruebas","valor":null,"n":92,"id":"C2","t":1699376991}
{"tipo_e":"res","op":"get","clave":"pruebas","valor":"C1_86","n":92,"id":"C2","t":1700744739}
{"tipo_e":"inv","op":"put","clave":"pruebas","valor":"C1_88","n":88,"id":"C1","t":1707364255}
{"tipo_e":"res","op":"put","clave":"pruebas","valor":"C1_88","n":88,"id":"C1","t":1708902865}
{"tipo_e":"inv","op":"put","clave":"pruebas","valor":"C2_93","n":93,"id":"C2","t":1709247104}
{"tipo_e":"res","op":"put","clave":"pruebas","valor":"C2_93","n":93,"id":"C2","t":1710772684}
{"tipo_e":"inv","op":"get","clave":"pruebas","valor":null,"n":89,"id":"C1","t":1717551677}
{"tipo_e":"res","op":"get","clave":"pruebas","valor":"C2_93","n":89,"id":"C1","t":1718981479}
{"tipo_e":"inv","op":"get","clave":"pruebas","valor":null,"n":94,"id":"C2","t":1719262377}
{"tipo_e":"res","op":"get","clave":"pruebas","valor":"C2_93","n":94,"id":"C2","t":1720678337}
{"tipo_e":"inv","op":"put","clave":"pruebas","valor":"C1_90","n":90,"id":"C1","t":1727777944}
{"tipo_e":"inv","op":"get","clave":"pruebas","valor":null,"n":95,"id":"C2","t":1729171292}
{"tipo_e":"res","op":"put","clave":"pruebas","valor":"C1_90","n":90,"id":"C1","t":1729588497}
{"tipo_e":"res","op":"get","clave":"pruebas","valor":"C1_90","n":95,"id":"C2","t":1730658015}
{"tipo_e":"inv","op":"get","clave":"pruebas","valor":null,"n":91,"id":"C1","t":1738567858}
{"tipo_e":"inv","op":"put","clave":"pruebas","valor":"C2_96","n":96,"id":"C2","t":1739340508}
{"tipo_e":"res","op":"get","clave":"pruebas","valor":"C1_90","n":91,"id":"C1","t":1739976324}
{"tipo_e":"res","op":"put","clave":"pruebas","valor":"C2_96","n":96,"id":"C2","t":1740890769}
{"tipo_e":"inv","op":"get","clave":"pruebas","valor":null,"n":92,"id":"C1","t":1747686388}
{"tipo_e":"res","op":"get","clave":"pruebas","valor":"C2_96","n":92,"id":"C1","t":1749390335}
{"tipo_e":"inv","op":"put","clave":"pruebas","valor":"C2_97","n":97,"id":"C2","t":1749491324}
{"tipo_e":"res","op":"put","clave":"pruebas","valor":"C2_97","n":97,"id":"C2","t":1750869218}
{"tipo_e":"inv","op":"get","clave":"pruebas","valor":null,"n":93,"id":"C1","t":1758106490}
{"tipo_e":"inv","op":"put","clave":"pruebas","valor":"C2_98","n":98,"id":"C2","t":1759447080}
{"tipo_e":"res","op":"get","clave":"pruebas","valor":"C2_97","n":93,"id":"C1","t":1759556784}
{"tipo_e":"res","op":"put","clave":"pruebas","valor":"C2_98","n":98,"id":"C2","t":1760788221}
{"tipo_e":"inv","op":"put","clave":"pruebas","valor":"C1_94","n":94,"id":"C1","t":1768393673}
{"tipo_e":"inv","op":"get","clave":"pruebas","valor":null,"n":99,"id":"C2","t":1769342784}
{"tipo_e":"res","op":"put","clave":"pruebas","valor":"C1_94","n":94,"id":"C1","t":1770704029}
{"tipo_e":"res","op":"get","clave":"pruebas","valor":"C1_94","n":99,"id":"C2","t":1770940413}
{"tipo_e":"inv","op":"get","clave":"pruebas","valor":null,"n":95,"id":"C1","t":1778222725}
{"tipo_e":"inv","op":"get","clave":"pruebas","valor":null,"n":100,"id":"C2","t":1779545476}
{"tipo_e":"res","op":"get","clave":"pruebas","valor":"C1_94","n":95,"id":"C1","t":1780083156}
{"tipo_e":"res","op":"get","clave":"pruebas","valor":"C1_94","n":100,"id":"C2","t":1781085735}
{"tipo_e":"inv","op":"get","clave":"pruebas","valor":null,"n":96,"id":"C1","t":1787805369}
{"tipo_e":"res","op":"get","clave":"pruebas","valor":"C1_94","n":96,"id":"C1","t":1789222748}
{"tipo_e":"inv","op":"put","clave":"pruebas","valor":"C2_101","n":101,"id":"C2","t":1789631766}
{"tipo_e":"res","op":"put","clave":"pruebas","valor":"C2_101","n":101,"id":"C2","t":1791123764}
{"tipo_e":"inv","op":"get","clave":"pruebas","valor":null,"n":97,"id":"C1","t":1797887003}
{"tipo_e":"res","op":"get","clave":"pruebas","valor":"C2_101","n":97,"id":"C1","t":1799338796}
{"tipo_e":"inv","op":"get","clave":"pruebas","valor":null,"n":102,"id":"C2","t":1799787801}
{"tipo_e":"res","op":"get","clave":"pruebas","valor":"C2_101","n":102,"id":"C2","t":1801350588}
{"tipo_e":"inv","op":"put","clave":"pruebas","valor":"C1_98","n":98,"id":"C1","t":1807985806}
{"tipo_e":"res","op":"put","clave":"pruebas","valor":"C1_98","n":98,"id":"C1","t":1809464748}
{"tipo_e":"inv","op":"get","clave":"pruebas","valor":null,"n":103,"id":"C2","t":1810003275}
{"tipo_e":"res","op":"get","clave":"pruebas","valor":"C1_98","n":103,"id":"C2","t":1811594746}
{"tipo_e":"inv","op":"put","clave":"pruebas","valor":"C1_99","n":99,"id":"C1","t":1818100877}
{"tipo_e":"res","op":"put","clave":"pruebas","valor":"C1_99","n":99,"id":"C1","t":1819609926}
{"tipo_e":"inv","op":"put","clave":"pruebas","valor":"C2_104","n":104,"id":"C2","t":1820154624}
{"tipo_e":"res","op":"put","clave":"pruebas","valor":"C2_104","n":104,"id":"C2","t":1821871529}
{"tipo_e":"inv","op":"get","clave":"pruebas","valor":null,"n":100,"id":"C1","t":1828438882}
{"tipo_e":"res","op":"get","clave":"pruebas","valor":"C2_104","n":100,"id":"C1","t":1830037597}
{"tipo_e":"inv","op":"put","clave":"pruebas","valor":"C2_105","n":105,"id":"C2","t":1830407063}
{"tipo_e":"res","op":"put","clave":"pruebas","valor":"C2_105","n":105,"id":"C2","t":1831836719}
{"tipo_e":"inv","op":"put","clave":"pruebas","valor":"C1_101","n":101,"id":"C1","t":1837833976}
{"tipo_e":"res","op":"put","clave":"pruebas","valor":"C1_101","n":101,"id":"C1","t":1839521525}
{"tipo_e":"inv","op":"get","clave":"pruebas","valor":null,"n":106,"id":"C2","t":1839696608}
{"tipo_e":"res","op":"get","clave":"pruebas","valor":"C1_101","n":106,"id":"C2","t":1841050557}
{"tipo_e":"inv","op":"get","clave":"pruebas","valor":null,"n":102,"id":"C1","t":1848442083}
{"tipo_e":"inv","op":"get","clave":"pruebas","valor":null,"n":107,"id":"C2","t":1849632433}
{"tipo_e":"res","op":"get","clave":"pruebas","valor":"C1_101","n":102,"id":"C1","t":1849949374}
{"tipo_e":"res","op":"get","clave":"pruebas","valor":"C1_101","n":107,"id":"C2","t":1851091853}
{"tipo_e":"inv","op":"put","clave":"pruebas","valor":"C1_103","n":103,"id":"C1","t":1858612272}
{"tipo_e":"inv","op":"get","clave":"pruebas","valor":null,"n":108,"id":"C2","t":1859657662}
{"tipo_e":"res","op":"put","clave":"pruebas","valor":"C1_103","n":103,"id":"C1","t":1860291539}
{"tipo_e":"res","op":"get","clave":"pruebas","valor":"C1_103","n":108,"id":"C2","t":1861417524}
{"tipo_e":"inv","op":"put","clave":"pruebas","valor":"C1_104","n":104,"id":"C1","t":1869001506}
{"tipo_e":"inv","op":"get","clave":"pruebas","valor":null,"n":109,"id":"C2","t":1869913002}
{"tipo_e":"res","op":"put","clave":"pruebas","valor":"C1_104","n":104,"id":"C1","t":1870462509}
{"tipo_e":"res","op":"get","clave":"pruebas","valor":"C1_104","n":109,"id":"C2","t":1872675316}
{"tipo_e":"inv","op":"get","clave":"pruebas","valor":null,"n":105,"id":"C1","t":1879232588}
{"tipo_e":"inv","op":"get","clave":"pruebas","valor":null,"n":110,"id":"C2","t":1880186809}
{"tipo_e":"res","op":"get","clave":"pruebas","valor":"C1_104","n":105,"id":"C1","t":1880830229}
{"tipo_e":"res","op":"get","clave":"pruebas","valor":"C1_104","n":110,"id":"C2","t":1881964265}
{"tipo_e":"inv","op":"put","clave":"pruebas","valor":"C1_106","n":106,"id":"C1","t":1889430054}
{"tipo_e":"inv","op":"put","clave":"pruebas","valor":"C2_111","n":111,"id":"C2","t":1890484554}
{"tipo_e":"res","op":"put","clave":"pruebas","valor":"C1_106","n":106,"id":"C1","t":1891116900}
{"tipo_e":"res","op":"put","clave":"pruebas","valor":"C2_111","n":111,"id":"C2","t":1892119801}
{"tipo_e":"inv","op":"get","clave":"pruebas","valor":null,"n":107,"id":"C1","t":1899044671}
{"tipo_e":"inv","op":"put","clave":"pruebas","valor":"C2_112","n":112,"id":"C2","t":1900658254}
{"tipo_e":"res","op":"get","clave":"pruebas","valor":"C2_111","n":107,"id":"C1","t":1900754846}
{"tipo_e":"res","op":"put","clave":"pruebas","valor":"C2_112","n":112,"id":"C2","t":1902047056}
{"tipo_e":"inv","op":"get","clave":"pruebas","valor":null,"n":108,"id":"C1","t":1909326895}
{"tipo_e":"inv","op":"put","clave":"pruebas","valor":"C2_113","n":113,"id":"C2","t":1910598894}
{"tipo_e":"res","op":"get","clave":"pruebas","valor":"C2_112","n":108,"id":"C1","t":1912236886}
{"tipo_e":"res","op":"put","clave":"pruebas","valor":"C2_113","n":113,"id":"C2","t":1912601411}
{"tipo_e":"inv","op":"put","clave":"pruebas","valor":"C1_109","n":109,"id":"C1","t":1918937459}
{"tipo_e":"res","op":"put","clave":"pruebas","valor":"C1_109","n":109,"id":"C1","t":1920643931}
{"tipo_e":"inv","op":"get","clave":"pruebas","valor":null,"n":114,"id":"C2","t":1921077125}
{"tipo_e":"res","op":"get","clave":"pruebas","valor":"C1_109","n":114,"id":"C2","t":1922384155}
{"tipo_e":"inv","op":"put","clave":"pruebas","valor":"C1_110","n":110,"id":"C1","t":1929223223}
{"tipo_e":"res","op":"put","clave":"pruebas","valor":"C1_110","n":110,"id":"C1","t":1930622874}
{"tipo_e":"inv","op":"put","clave":"pruebas","valor":"C2_115","n":115,"id":"C2","t":1930900932}
{"tipo_e":"res","op":"put","clave":"pruebas","valor":"C2_115","n":115,"id":"C2","t":1932086846}
{"tipo_e":"inv","op":"put","clave":"pruebas","valor":"C1_111","n":111,"id":"C1","t":1939425468}
{"tipo_e":"inv","op":"get","clave":"pruebas","valor":null,"n":116,"id":"C2","t":1940688600}
{"tipo_e":"res","op":"put","clave":"pruebas","valor":"C1_111","n":111,"id":"C1","t":1941704897}
{"tipo_e":"res","op":"get","clave":"pruebas","valor":"C1_111","n":116,"id":"C2","t":1942032807}
{"tipo_e":"inv","op":"put","clave":"pruebas","valor":"C1_112","n":112,"id":"C1","t":1949318205}
{"tipo_e":"inv","op":"get","clave":"pruebas","valor":null,"n":117,"id":"C2","t":1950585101}
{"tipo_e":"res","op":"put","clave":"pruebas","valor":"C1_112","n":112,"id":"C1","t":1950869020}
{"tipo_e":"res","op":"get","clave":"pruebas","valor":"C1_112","n":117,"id":"C2","t":1952016426}
{"tipo_e":"inv","op":"put","clave":"pruebas","valor":"C1_113","n":113,"id":"C1","t":1959405237}
{"tipo_e":"inv","op":"get","clave":"pruebas","valor":null,"n":118,"id":"C2","t":1959653623}
{"tipo_e":"res","op":"put","clave":"pruebas","valor":"C1_113","n":113,"id":"C1","t":1961289237}
{"tipo_e":"res","op":"get","clave":"pruebas","valor":"C1_113","n":118,"id":"C2","t":1961484375}
{"tipo_e":"inv","op":"put","clave":"pruebas","valor":"C1_114","n":114,"id":"C1","t":1968935018}
{"tipo_e":"inv","op":"get","clave":"pruebas","valor":null,"n":119,"id":"C2","t":1970075250}
{"tipo_e":"res","op":"put","clave":"pruebas","valor":"C1_114","n":114,"id":"C1","t":1970598090}
{"tipo_e":"res","op":"get","clave":"pruebas","valor":"C1_114","n":119,"id":"C2","t":1971500159}
{"tipo_e":"inv","op":"get","clave":"pruebas","valor":null,"n":115,"id":"C1","t":1979349360}
{"tipo_e":"inv","op":"put","clave":"pruebas","valor":"C2_120","n":120,"id":"C2","t":1980079292}
{"tipo_e":"res","op":"get","clave":"pruebas","valor":"C1_114","n":115,"id":"C1","t":1981197315}
{"tipo_e":"res","op":"put","clave":"pruebas","valor":"C2_120","n":120,"id":"C2","t":1981790240}
{"tipo_e":"inv","op":"get","clave":"pruebas","valor":null,"n":116,"id":"C1","t":1989016002}
{"tipo_e":"inv","op":"get","clave":"pruebas","valor":null,"n":121,"id":"C2","t":1990440079}
{"tipo_e":"res","op":"get","clave":"pruebas","valor":"C2_120","n":116,"id":"C1","t":1991075519}
{"tipo_e":"res","op":"get","clave":"pruebas","valor":"C2_120","n":121,"id":"C2","t":1991928289}
{"tipo_e":"inv","op":"get","clave":"pruebas","valor":null,"n":117,"id":"C1","t":1998749867}
{"tipo_e":"inv","op":"get","clave":"pruebas","valor":null,"n":122,"id":"C2","t":2000469465}
{"tipo_e":"res","op":"get","clave":"pruebas","valor":"C2_120","n":117,"id":"C1","t":2000579667}
{"tipo_e":"res","op":"get","clave":"pruebas","valor":"C2_120","n":122,"id":"C2","t":2001996807}
{"tipo_e":"inv","op":"put","clave":"pruebas","valor":"C1_118","n":118,"id":"C1","t":2009131774}
{"tipo_e":"inv","op":"get","clave":"pruebas","valor":null,"n":123,"id":"C2","t":2010684338}
{"tipo_e":"res","op":"put","clave":"pruebas","valor":"C1_118","n":118,"id":"C1","t":2010971713}
{"tipo_e":"res","op":"get","clave":"pruebas","valor":"C1_118","n":123,"id":"C2","t":2012189456}
{"tipo_e":"inv","op":"put","clave":"pruebas","valor":"C1_119","n":119,"id":"C1","t":2020562522}
{"tipo_e":"res","op":"put","clave":"pruebas","valor":"C1_119","n":119,"id":"C1","t":2022097473}
{"tipo_e":"inv","op":"get","clave":"pruebas","valor":null,"n":120,"id":"C1","t":2030947692}
{"tipo_e":"res","op":"get","clave":"pruebas","valor":"C1_119","n":120,"id":"C1","t":2032653091}
{"tipo_e":"inv","op":"put","clave":"pruebas","valor":"C1_121","n":121,"id":"C1","t":2042238609}
{"tipo_e":"res","op":"put","clave":"pruebas","valor":"C1_121","n":121,"id":"C1","t":2043967861}
{"tipo_e":"inv","op":"get","clave":"pruebas","valor":null,"n":122,"id":"C1","t":2053765348}
{"tipo_e":"res","op":"get","clave":"pruebas","valor":"C1_121","n":122,"id":"C1","t":2055076945}
{"tipo_e":"inv","op":"get","clave":"pruebas","valor":null,"n":124,"id":"C2","t":2060497426}
{"tipo_e":"res","op":"get","clave":"pruebas","valor":"C1_121","n":124,"id":"C2","t":2061902748}
{"tipo_e":"inv","op":"get","clave":"pruebas","valor":null,"n":123,"id":"C1","t":2063718178}
{"tipo_e":"res","op":"get","clave":"pruebas","valor":"C1_121","n":123,"id":"C1","t":2065431347}
{"tipo_e":"inv","op":"get","clave":"pruebas","valor":null,"n":125,"id":"C2","t":2072508138}
{"tipo_e":"res","op":"get","clave":"pruebas","valor":"C1_121","n":125,"id":"C2","t":2074142022}
{"tipo_e":"inv","op":"get","clave":"pruebas","valor":null,"n":124,"id":"C1","t":2075069955}
{"tipo_e":"res","op":"get","clave":"pruebas","valor":"C1_121","n":124,"id":"C1","t":2076627311}
{"tipo_e":"inv","op":"put","clave":"pruebas","valor":"C2_126","n":126,"id":"C2","t":2082783889}
{"tipo_e":"res","op":"put","clave":"pruebas","valor":"C2_126","n":126,"id":"C2","t":2084365466}
{"tipo_e":"inv","op":"put","clave":"pruebas","valor":"C1_125","n":125,"id":"C1","t":2085157580}
{"tipo_e":"res","op":"put","clave":"pruebas","valor":"C1_125","n":125,"id":"C1","t":2086586279}
{"tipo_e":"inv","op":"put","clave":"pruebas","valor":"C2_127","n":127,"id":"C2","t":2093063643}
{"tipo_e":"res","op":"put","clave":"pruebas","valor":"C2_127","n":127,"id":"C2","t":2094408568}
{"tipo_e":"inv","op":"put","clave":"pruebas","valor":"C1_126","n":126,"id":"C1","t":2096389793}
{"tipo_e":"res","op":"put","clave":"pruebas","valor":"C1_126","n":126,"id":"C1","t":2098073964}
{"tipo_e":"inv","op":"put","clave":"pruebas","valor":"C2_128","n":128,"id":"C2","t":2104020237}
{"tipo_e":"inv","op":"get","clave":"pruebas","valor":null,"n":127,"id":"C1","t":2105692394}
{"tipo_e":"res","op":"put","clave":"pruebas","valor":"C2_128","n":128,"id":"C2","t":2106605261}
{"tipo_e":"res","op":"get","clave":"pruebas","valor":"C2_128","n":127,"id":"C1","t":2107479513}
{"tipo_e":"inv","op":"put","clave":"pruebas","valor":"C2_129","n":129,"id":"C2","t":2114416527}
{"tipo_e":"res","op":"put","clave":"pruebas","valor":"C2_129","n":129,"id":"C2","t":2116059186}
{"tipo_e":"inv","op":"get","clave":"pruebas","valor":null,"n":128,"id":"C1","t":2116197581}
{"tipo_e":"res","op":"get","clave":"pruebas","valor":"C2_129","n":128,"id":"C1","t":2117879037}
{"tipo_e":"inv","op":"get","clave":"pruebas","valor":null,"n":130,"id":"C2","t":2123772136}
{"tipo_e":"inv","op":"put","clave":"pruebas","valor":"C1_129","n":129,"id":"C1","t":2125522550}
{"tipo_e":"res","op":"get","clave":"pruebas","valor":"C2_129","n":130,"id":"C2","t":2125773152}
{"tipo_e":"res","op":"put","clave":"pruebas","valor":"C1_129","n":129,"id":"C1","t":2127228381}
{"tipo_e":"inv","op":"get","clave":"pruebas","valor":null,"n":131,"id":"C2","t":2134792653}
{"tipo_e":"res","op":"get","clave":"pruebas","valor":"C1_129","n":131,"id":"C2","t":2136387424}
{"tipo_e":"inv","op":"put","clave":"pruebas","valor":"C1_130","n":130,"id":"C1","t":2136822011}
{"tipo_e":"res","op":"put","clave":"pruebas","valor":"C1_130","n":130,"id":"C1","t":2138201540}
{"tipo_e":"inv","op":"get","clave":"pruebas","valor":null,"n":132,"id":"C2","t":2146153665}
{"tipo_e":"inv","op":"get","clave":"pruebas","valor":null,"n":131,"id":"C1","t":2147766247}
{"tipo_e":"res","op":"get","clave":"pruebas","valor":"C1_130","n":132,"id":"C2","t":2147871477}
{"tipo_e":"res","op":"get","clave":"pruebas","valor":"C1_130","n":131,"id":"C1","t":2149233763}
{"tipo_e":"inv","op":"get","clave":"pruebas","valor":null,"n":133,"id":"C2","t":2157600784}
{"tipo_e":"inv","op":"get","clave":"pruebas","valor":null,"n":132,"id":"C1","t":2158866908}
{"tipo_e":"res","op":"get","clave":"pruebas","valor":"C1_130","n":133,"id":"C2","t":2159085371}
{"tipo_e":"res","op":"get","clave":"pruebas","valor":"C1_130","n":132,"id":"C1","t":2160513185}
{"tipo_e":"inv","op":"put","clave":"pruebas","valor":"C2_134","n":134,"id":"C2","t":2167798829}
{"tipo_e":"inv","op":"put","clave":"pruebas","valor":"C1_133","n":133,"id":"C1","t":2168152302}
{"tipo_e":"res","op":"put","clave":"pruebas","valor":"C2_134","n":134,"id":"C2","t":2169659475}
{"tipo_e":"res","op":"put","clave":"pruebas","valor":"C1_133","n":133,"id":"C1","t":2169933182}
{"tipo_e":"inv","op":"get","clave":"pruebas","valor":null,"n":135,"id":"C2","t":2179319326}
{"tipo_e":"res","op":"get","clave":"pruebas","valor":"C1_133","n":135,"id":"C2","t":2185766309}
{"tipo_e":"inv","op":"put","clave":"pruebas","valor":"C2_136","n":136,"id":"C2","t":2190699766}
{"tipo_e":"res","op":"put","clave":"pruebas","valor":"C2_136","n":136,"id":"C2","t":2192428594}
{"tipo_e":"inv","op":"put","clave":"pruebas","valor":"C2_137","n":137,"id":"C2","t":2201213593}
{"tipo_e":"res","op":"put","clave":"pruebas","valor":"C2_137","n":137,"id":"C2","t":2202691864}
{"tipo_e":"inv","op":"put","clave":"pruebas","valor":"C2_138","n":138,"id":"C2","t":2211308449}
{"tipo_e":"res","op":"put","clave":"pruebas","valor":"C2_138","n":138,"id":"C2","t":2212769816}
{"tipo_e":"inv","op":"put","clave":"pruebas","valor":"C1_134","n":134,"id":"C1","t":2220080920}
{"tipo_e":"res","op":"put","clave":"pruebas","valor":"C1_134","n":134,"id":"C1","t":2221684882}
{"tipo_e":"inv","op":"get","clave":"pruebas","valor":null,"n":135,"id":"C1","t":2222148322}
{"tipo_e":"inv","op":"put","clave":"pruebas","valor":"C2_139","n":139,"id":"C2","t":2222211219}
{"tipo_e":"res","op":"get","clave":"pruebas","valor":"C1_134","n":135,"id":"C1","t":2223828928}
{"tipo_e":"res","op":"put","clave":"pruebas","valor":"C2_139","n":139,"id":"C2","t":2224038060}
{"tipo_e":"inv","op":"get","clave":"pruebas","valor":null,"n":140,"id":"C2","t":2231883905}
{"tipo_e":"res","op":"get","clave":"pruebas","valor":"C2_139","n":140,"id":"C2","t":2233299761}
{"tipo_e":"inv","op":"get","clave":"pruebas","valor":null,"n":136,"id":"C1","t":2233392133}
{"tipo_e":"res","op":"get","clave":"pruebas","valor":"C2_139","n":136,"id":"C1","t":2234722607}
{"tipo_e":"inv","op":"put","clave":"pruebas","valor":"C2_141","n":141,"id":"C2","t":2243231689}
{"tipo_e":"inv","op":"put","clave":"pruebas","valor":"C1_137","n":137,"id":"C1","t":2244222024}
{"tipo_e":"res","op":"put","clave":"pruebas","valor":"C2_141","n":141,"id":"C2","t":2245048098}
{"tipo_e":"res","op":"put","clave":"pruebas","valor":"C1_137","n":137,"id":"C1","t":2246071306}
{"tipo_e":"inv","op":"put","clave":"pruebas","valor":"C2_142","n":142,"id":"C2","t":2253791514}
{"tipo_e":"inv","op":"put","clave":"pruebas","valor":"C1_138","n":138,"id":"C1","t":2255070990}
{"tipo_e":"res","op":"put","clave":"pruebas","valor":"C2_142","n":142,"id":"C2","t":2255467996}
{"tipo_e":"res","op":"put","clave":"pruebas","valor":"C1_138","n":138,"id":"C1","t":2257176181}
{"tipo_e":"inv","op":"put","clave":"pruebas","valor":"C2_143","n":143,"id":"C2","t":2263143110}
{"tipo_e":"inv","op":"get","clave":"pruebas","valor":null,"n":139,"id":"C1","t":2264731601}
{"tipo_e":"res","op":"put","clave":"pruebas","valor":"C2_143","n":143,"id":"C2","t":2265031806}
{"tipo_e":"res","op":"get","clave":"pruebas","valor":"C2_143","n":139,"id":"C1","t":2266242534}
{"tipo_e":"inv","op":"get","clave":"pruebas","valor":null,"n":144,"id":"C2","t":2273712776}
{"tipo_e":"inv","op":"put","clave":"pruebas","valor":"C1_140","n":140,"id":"C1","t":2274883201}
{"tipo_e":"res","op":"get","clave":"pruebas","valor":"C2_143","n":144,"id":"C2","t":2275340009}
{"tipo_e":"res","op":"put","clave":"pruebas","valor":"C1_140","n":140,"id":"C1","t":2276811582}
{"tipo_e":"inv","op":"put","clave":"pruebas","valor":"C2_145","n":145,"id":"C2","t":2284053806}
{"tipo_e":"inv","op":"put","clave":"pruebas","valor":"C1_141","n":141,"id":"C1","t":2285510966}
{"tipo_e":"res","op":"put","clave":"pruebas","valor":"C2_145","n":145,"id":"C2","t":2285902360}
{"tipo_e":"res","op":"put","clave":"pruebas","valor":"C1_141","n":141,"id":"C1","t":2287437765}
{"tipo_e":"inv","op":"put","clave":"pruebas","valor":"C1_142","n":142,"id":"C1","t":2295081367}
{"tipo_e":"inv","op":"put","clave":"pruebas","valor":"C2_146","n":146,"id":"C2","t":2295467675}
{"tipo_e":"res","op":"put","clave":"pruebas","valor":"C1_142","n":142,"id":"C1","t":2296974930}
{"tipo_e":"res","op":"put","clave":"pruebas","valor":"C2_146","n":146,"id":"C2","t":2297228221}
{"tipo_e":"inv","op":"get","clave":"pruebas","valor":null,"n":143,"id":"C1","t":2304512019}
{"tipo_e":"inv","op":"get","clave":"pruebas","valor":null,"n":147,"id":"C2","t":2305776480}
{"tipo_e":"res","op":"get","clave":"pruebas","valor":"C2_146","n":143,"id":"C1","t":2306211441}
{"tipo_e":"res","op":"get","clave":"pruebas","valor":"C2_146","n":147,"id":"C2","t":2307292073}
{"tipo_e":"inv","op":"get","clave":"pruebas","valor":null,"n":144,"id":"C1","t":2315134309}
{"tipo_e":"inv","op":"get","clave":"pruebas","valor":null,"n":148,"id":"C2","t":2315808647}
{"tipo_e":"res","op":"get","clave":"pruebas","valor":"C2_146","n":144,"id":"C1","t":2316824679}
{"tipo_e":"res","op":"get","clave":"pruebas","valor":"C2_146","n":148,"id":"C2","t":2317655908}
{"tipo_e":"inv","op":"put","clave":"pruebas","valor":"C1_145","n":145,"id":"C1","t":2326582157}
{"tipo_e":"inv","op":"get","clave":"pruebas","valor":null,"n":149,"id":"C2","t":2327449951}
{"tipo_e":"res","op":"put","clave":"pruebas","valor":"C1_145","n":145,"id":"C1","t":2328648668}
{"tipo_e":"res","op":"get","clave":"pruebas","valor":"C1_145","n":149,"id":"C2","t":2329092864}
{"tipo_e":"inv","op":"get","clave":"pruebas","valor":null,"n":146,"id":"C1","t":2336318099}
{"tipo_e":"inv","op":"put","clave":"pruebas","valor":"C2_150","n":150,"id":"C2","t":2336672658}
{"tipo_e":"res","op":"get","clave":"pruebas","valor":"C1_145","n":146,"id":"C1","t":2338027226}
{"tipo_e":"res","op":"put","clave":"pruebas","valor":"C2_150","n":150,"id":"C2","t":2338246193}
{"tipo_e":"inv","op":"put","clave":"pruebas","valor":"C1_147","n":147,"id":"C1","t":2346710096}
{"tipo_e":"res","op":"put","clave":"pruebas","valor":"C1_147","n":147,"id":"C1","t":2348344651}
{"tipo_e":"inv","op":"put","clave":"pruebas","valor":"C2_151","n":151,"id":"C2","t":2387743561}
{"tipo_e":"res","op":"put","clave":"pruebas","valor":"C2_151","n":151,"id":"C2","t":2389330733}
{"tipo_e":"inv","op":"put","clave":"pruebas","valor":"C1_148","n":148,"id":"C1","t":2397880332}
{"tipo_e":"res","op":"put","clave":"pruebas","valor":"C1_148","n":148,"id":"C1","t":2399326070}
{"tipo_e":"inv","op":"put","clave":"pruebas","valor":"C1_149","n":149,"id":"C1","t":2409103191}
{"tipo_e":"res","op":"put","clave":"pruebas","valor":"C1_149","n":149,"id":"C1","t":2410363937}
{"tipo_e":"inv","op":"get","clave":"pruebas","valor":null,"n":150,"id":"C1","t":2420065690}
{"tipo_e":"res","op":"get","clave":"pruebas","valor":"C1_149","n":150,"id":"C1","t":2421803444}
{"tipo_e":"inv","op":"put","clave":"pruebas","valor":"C1_151","n":151,"id":"C1","t":2431517541}
{"tipo_e":"res","op":"put","clave":"pruebas","valor":"C1_151","n":151,"id":"C1","t":2433131745}
{"tipo_e":"inv","op":"get","clave":"pruebas","valor":null,"n":152,"id":"C2","t":2438767371}
{"tipo_e":"res","op":"get","clave":"pruebas","valor":"C1_151","n":152,"id":"C2","t":2440231015}
{"tipo_e":"inv","op":"get","clave":"pruebas","valor":null,"n":152,"id":"C1","t":2441789822}
{"tipo_e":"res","op":"get","clave":"pruebas","valor":"C1_151","n":152,"id":"C1","t":2443134504}
{"tipo_e":"inv","op":"get","clave":"pruebas","valor":null,"n":153,"id":"C2","t":2449905359}
{"tipo_e":"res","op":"get","clave":"pruebas","valor":"C1_151","n":153,"id":"C2","t":2451325455}
{"tipo_e":"inv","op":"put","clave":"pruebas","valor":"C1_153","n":153,"id":"C1","t":2452784498}
{"tipo_e":"res","op":"put","clave":"pruebas","valor":"C1_153","n":153,"id":"C1","t":2454201368}
{"tipo_e":"inv","op":"get","clave":"pruebas","valor":null,"n":154,"id":"C2","t":2460952100}
{"tipo_e":"res","op":"get","clave":"pruebas","valor":"C1_153","n":154,"id":"C2","t":2462435263}
{"tipo_e":"inv","op":"put","clave":"pruebas","valor":"C1_154","n":154,"id":"C1","t":2462750006}
{"tipo_e":"res","op":"put","clave":"pruebas","valor":"C1_154","n":154,"id":"C1","t":2464670991}
{"tipo_e":"inv","op":"put","clave":"pruebas","valor":"C2_155","n":155,"id":"C2","t":2471115371}
{"tipo_e":"res","op":"put","clave":"pruebas","valor":"C2_155","n":155,"id":"C2","t":2472801797}
{"tipo_e":"inv","op":"get","clave":"pruebas","valor":null,"n":155,"id":"C1","t":2474223816}
{"tipo_e":"res","op":"get","clave":"pruebas","valor":"C2_155","n":155,"id":"C1","t":2475641317}
{"tipo_e":"inv","op":"put","clave":"pruebas","valor":"C2_156","n":156,"id":"C2","t":2482662630}
{"tipo_e":"inv","op":"get","clave":"pruebas","valor":null,"n":156,"id":"C1","t":2484143594}
{"tipo_e":"res","op":"put","clave":"pruebas","valor":"C2_156","n":156,"id":"C2","t":2484672930}
{"tipo_e":"res","op":"get","clave":"pruebas","valor":"C2_156","n":156,"id":"C1","t":2485566805}
{"tipo_e":"inv","op":"put","clave":"pruebas","valor":"C2_157","n":157,"id":"C2","t":2493359399}
{"tipo_e":"inv","op":"put","clave":"pruebas","valor":"C1_157","n":157,"id":"C1","t":2494053820}
{"tipo_e":"res","op":"put","clave":"pruebas","valor":"C2_157","n":157,"id":"C2","t":2494858781}
{"tipo_e":"res","op":"put","clave":"pruebas","valor":"C1_157","n":157,"id":"C1","t":2495698597}
{"tipo_e":"inv","op":"get","clave":"pruebas","valor":null,"n":158,"id":"C2","t":2504521245}
{"tipo_e":"inv","op":"put","clave":"pruebas","valor":"C1_158","n":158,"id":"C1","t":2505187720}
{"tipo_e":"res","op":"get","clave":"pruebas","valor":"C1_157","n":158,"id":"C2","t":2506146634}
{"tipo_e":"res","op":"put","clave":"pruebas","valor":"C1_158","n":158,"id":"C1","t":2506776539}
{"tipo_e":"inv","op":"get","clave":"pruebas","valor":null,"n":159,"id":"C2","t":2513832288}
{"tipo_e":"inv","op":"get","clave":"pruebas","valor":null,"n":159,"id":"C1","t":2514312614}
{"tipo_e":"res","op":"get","clave":"pruebas","valor":"C1_158","n":159,"id":"C2","t":2515232569}
{"tipo_e":"res","op":"get","clave":"pruebas","valor":"C1_158","n":159,"id":"C1","t":2515827595}
{"tipo_e":"inv","op":"put","clave":"pruebas","valor":"C2_160","n":160,"id":"C2","t":2523899254}
{"tipo_e":"inv","op":"get","clave":"pruebas","valor":null,"n":160,"id":"C1","t":2524469228}
{"tipo_e":"res","op":"put","clave":"pruebas","valor":"C2_160","n":160,"id":"C2","t":2526331261}
{"tipo_e":"res","op":"get","clave":"pruebas","valor":"C2_160","n":160,"id":"C1","t":2526637535}
{"tipo_e":"inv","op":"get","clave":"pruebas","valor":null,"n":161,"id":"C2","t":2535072924}
{"tipo_e":"inv","op":"get","clave":"pruebas","valor":null,"n":161,"id":"C1","t":2535237858}
{"tipo_e":"res","op":"get","clave":"pruebas","valor":"C2_160","n":161,"id":"C2","t":2536643640}
{"tipo_e":"res","op":"get","clave":"pruebas","valor":"C2_160","n":161,"id":"C1","t":2536932716}
{"tipo_e":"inv","op":"put","clave":"pruebas","valor":"C1_162","n":162,"id":"C1","t":2545472492}
{"tipo_e":"res","op":"put","clave":"pruebas","valor":"C1_162","n":162,"id":"C1","t":2547549020}
{"tipo_e":"inv","op":"get","clave":"pruebas","valor":null,"n":163,"id":"C1","t":2555433574}
{"tipo_e":"res","op":"get","clave":"pruebas","valor":"C1_162","n":163,"id":"C1","t":2556851797}
{"tipo_e":"inv","op":"put","clave":"pruebas","valor":"C1_164","n":164,"id":"C1","t":2565468410}
{"tipo_e":"res","op":"put","clave":"pruebas","valor":"C1_164","n":164,"id":"C1","t":2567039587}
{"tipo_e":"inv","op":"get","clave":"pruebas","valor":null,"n":165,"id":"C1","t":2574872098}
{"tipo_e":"res","op":"get","clave":"pruebas","valor":"C1_164","n":165,"id":"C1","t":2576377530}
{"tipo_e":"inv","op":"get","clave":"pruebas","valor":null,"n":162,"id":"C2","t":2625658057}
{"tipo_e":"res","op":"get","clave":"pruebas","valor":"C1_164","n":162,"id":"C2","t":2627451426}
{"tipo_e":"inv","op":"get","clave":"pruebas","valor":null,"n":166,"id":"C1","t":2665651850}
{"tipo_e":"res","op":"get","clave":"pruebas","valor":"C1_164","n":166,"id":"C1","t":2666950188}
{"tipo_e":"inv","op":"put","clave":"pruebas","valor":"C2_163","n":163,"id":"C2","t":2668615145}
{"tipo_e":"inv","op":"get","clave":"pruebas","valor":null,"n":167,"id":"C1","t":2669535458}
{"tipo_e":"res","op":"put","clave":"pruebas","valor":"C2_163","n":163,"id":"C2","t":2670732880}
{"tipo_e":"res","op":"get","clave":"pruebas","valor":"C2_163","n":167,"id":"C1","t":2671577488}
{"tipo_e":"inv","op":"get","clave":"pruebas","valor":null,"n":168,"id":"C1","t":2679192297}
{"tipo_e":"res","op":"get","clave":"pruebas","valor":"C2_163","n":168,"id":"C1","t":2680741236}
