{"tipo_e":"inv","op":"put","clave":"pruebas","valor":"C2_1","n":1,"id":"C2","t":428065858}
{"tipo_e":"res","op":"put","clave":"pruebas","valor":"C2_1","n":1,"id":"C2","t":491327863}
{"tipo_e":"inv","op":"get","clave":"pruebas","valor":null,"n":1,"id":"C1","t":529655035}
{"tipo_e":"res","op":"get","clave":"pruebas","valor":"C2_1","n":1,"id":"C1","t":532129468}
{"tipo_e":"inv","op":"get","clave":"pruebas","valor":null,"n":2,"id":"C1","t":542135953}
{"tipo_e":"res","op":"get","clave":"pruebas","valor":"C2_1","n":2,"id":"C1","t":544940799}
{"tipo_e":"inv","op":"get","clave":"pruebas","valor":null,"n":3,"id":"C1","t":551759804}
{"tipo_e":"res","op":"get","clave":"pruebas","valor":"C2_1","n":3,"id":"C1","t":554510654}
{"tipo_e":"inv","op":"get","clave":"pruebas","valor":null,"n":4,"id":"C1","t":562490576}
{"tipo_e":"res","op":"get","clave":"pruebas","valor":"C2_1","n":4,"id":"C1","t":564560883}
{"tipo_e":"inv","op":"get","clave":"pruebas","valor":null,"n":5,"id":"C1","t":572647465}
{"tipo_e":"res","op":"get","clave":"pruebas","valor":"C2_1","n":5,"id":"C1","t":575317050}
{"tipo_e":"inv","op":"get","clave":"pruebas","valor":null,"n":6,"id":"C1","t":582380124}
{"tipo_e":"res","op":"get","clave":"pruebas","valor":"C2_1","n":6,"id":"C1","t":584272566}
{"tipo_e":"inv","op":"get","clave":"pruebas","valor":null,"n":7,"id":"C1","t":592158934}
{"tipo_e":"res","op":"get","clave":"pruebas","valor":"C2_1","n":7,"id":"C1","t":594177739}
{"tipo_e":"inv","op":"put","clave":"pruebas","valor":"C2_2","n":2,"id":"C2","t":600832542}
{"tipo_e":"inv","op":"get","clave":"pruebas","valor":null,"n":8,"id":"C1","t":601968374}
{"tipo_e":"res","op":"put","clave":"pruebas","valor":"C2_2","n":2,"id":"C2","t":603516251}
{"tipo_e":"res","op":"get","clave":"pruebas","valor":"C2_2","n":8,"id":"C1","t":604175142}
{"tipo_e":"inv","op":"get","clave":"pruebas","valor":null,"n":3,"id":"C2","t":611519615}
{"tipo_e":"inv","op":"get","clave":"pruebas","valor":null,"n":9,"id":"C1","t":612041447}
{"tipo_e":"res","op":"get","clave":"pruebas","valor":"C2_2","n":3,"id":"C2","t":613999310}
{"tipo_e":"res","op":"get","clave":"pruebas","valor":"C2_2","n":9,"id":"C1","t":614239363}
{"tipo_e":"inv","op":"get","clave":"pruebas","valor":null,"n":4,"id":"C2","t":620982732}
{"tipo_e":"inv","op":"put","clave":"pruebas","valor":"C1_10","n":10,"id":"C1","t":622080502}
{"tipo_e":"res","op":"get","clave":"pruebas","valor":"C2_2","n":4,"id":"C2","t":623002536}
{"tipo_e":"res","op":"put","clave":"pruebas","valor":"C1_10","n":10,"id":"C1","t":624135844}
{"tipo_e":"inv","op":"get","clave":"pruebas","valor":null,"n":5,"id":"C2","t":630841800}
{"tipo_e":"inv","op":"get","clave":"pruebas","valor":null,"n":11,"id":"C1","t":632084918}
{"tipo_e":"res","op":"get","clave":"pruebas","valor":"C1_10","n":5,"id":"C2","t":632701333}
{"tipo_e":"res","op":"get","clave":"pruebas","valor":"C1_10","n":11,"id":"C1","t":634041878}
{"tipo_e":"inv","op":"put","clave":"pruebas","valor":"C2_6","n":6,"id":"C2","t":641629129}
{"tipo_e":"res","op":"put","clave":"pruebas","valor":"C2_6","n":6,"id":"C2","t":643671858}
{"tipo_e":"inv","op":"get","clave":"pruebas","valor":null,"n":7,"id":"C2","t":651468852}
{"tipo_e":"res","op":"get","clave":"pruebas","valor":"C1_12","n":7,"id":"C2","t":652942912}
{"tipo_e":"inv","op":"put","clave":"pruebas","valor":"C2_8","n":8,"id":"C2","t":660744382}
{"tipo_e":"res","op":"put","clave":"pruebas","valor":"C2_8","n":8,"id":"C2","t":662409263}
{"tipo_e":"inv","op":"put","clave":"pruebas","valor":"C2_9","n":9,"id":"C2","t":671472492}
{"tipo_e":"res","op":"put","clave":"pruebas","valor":"C2_9","n":9,"id":"C2","t":673720673}
{"tipo_e":"inv","op":"put","clave":"pruebas","valor":"C2_10","n":10,"id":"C2","t":681567221}
{"tipo_e":"res","op":"put","clave":"pruebas","valor":"C2_10","n":10,"id":"C2","t":683528239}
{"tipo_e":"inv","op":"get","clave":"pruebas","valor":null,"n":11,"id":"C2","t":691575381}
{"tipo_e":"res","op":"get","clave":"pruebas","valor":"C2_10","n":11,"id":"C2","t":693387891}
{"tipo_e":"inv","op":"get","clave":"pruebas","valor":null,"n":12,"id":"C2","t":701187211}
{"tipo_e":"res","op":"get","clave":"pruebas","valor":"C2_10","n":12,"id":"C2","t":703296583}
{"tipo_e":"inv","op":"get","clave":"pruebas","valor":null,"n":13,"id":"C2","t":711102129}
{"tipo_e":"res","op":"get","clave":"pruebas","valor":"C2_10","n":13,"id":"C2","t":712804922}
{"tipo_e":"inv","op":"get","clave":"pruebas","valor":null,"n":14,"id":"C2","t":721289574}
{"tipo_e":"res","op":"get","clave":"pruebas","valor":"C2_10","n":14,"id":"C2","t":723675356}
{"tipo_e":"inv","op":"put","clave":"pruebas","valor":"C2_15","n":15,"id":"C2","t":731405789}
{"tipo_e":"res","op":"put","clave":"pruebas","valor":"C2_15","n":15,"id":"C2","t":733469059}
{"tipo_e":"inv","op":"get","clave":"pruebas","valor":null,"n":16,"id":"C2","t":741196555}
{"tipo_e":"inv","op":"put","clave":"pruebas","valor":"C1_12","n":12,"id":"C1","t":742156417}
{"tipo_e":"res","op":"get","clave":"pruebas","valor":"C2_15","n":16,"id":"C2","t":744968664}
{"tipo_e":"res","op":"put","clave":"pruebas","valor":"C1_12","n":12,"id":"C1","t":746139771}
{"tipo_e":"inv","op":"put","clave":"pruebas","valor":"C2_17","n":17,"id":"C2","t":751025281}
{"tipo_e":"inv","op":"get","clave":"pruebas","valor":null,"n":13,"id":"C1","t":753048634}
{"tipo_e":"res","op":"put","clave":"pruebas","valor":"C2_17","n":17,"id":"C2","t":753239024}
{"tipo_e":"res","op":"get","clave":"pruebas","valor":"C2_17","n":13,"id":"C1","t":754773211}
{"tipo_e":"inv","op":"get","clave":"pruebas","valor":null,"n":18,"id":"C2","t":760984277}
{"tipo_e":"res","op":"get","clave":"pruebas","valor":"C2_17","n":18,"id":"C2","t":763444200}
{"tipo_e":"inv","op":"get","clave":"pruebas","valor":null,"n":14,"id":"C1","t":763556071}
{"tipo_e":"res","op":"get","clave":"pruebas","valor":"C2_17","n":14,"id":"C1","t":766119945}
{"tipo_e":"inv","op":"put","clave":"pruebas","valor":"C2_19","n":19,"id":"C2","t":771475888}
{"tipo_e":"inv","op":"put","clave":"pruebas","valor":"C1_15","n":15,"id":"C1","t":773185915}
{"tipo_e":"res","op":"put","clave":"pruebas","valor":"C2_19","n":19,"id":"C2","t":774085333}
{"tipo_e":"res","op":"put","clave":"pruebas","valor":"C1_15","n":15,"id":"C1","t":775530849}
{"tipo_e":"inv","op":"get","clave":"pruebas","valor":null,"n":20,"id":"C2","t":781086508}
{"tipo_e":"inv","op":"get","clave":"pruebas","valor":null,"n":16,"id":"C1","t":783435927}
{"tipo_e":"res","op":"get","clave":"pruebas","valor":"C1_15","n":20,"id":"C2","t":784540609}
{"tipo_e":"res","op":"get","clave":"pruebas","valor":"C1_15","n":16,"id":"C1","t":786085144}
{"tipo_e":"inv","op":"get","clave":"pruebas","valor":null,"n":21,"id":"C2","t":791786746}
{"tipo_e":"inv","op":"put","clave":"pruebas","valor":"C1_17","n":17,"id":"C1","t":792869451}
{"tipo_e":"res","op":"get","clave":"pruebas","valor":"C1_15","n":21,"id":"C2","t":794517495}
{"tipo_e":"res","op":"put","clave":"pruebas","valor":"C1_17","n":17,"id":"C1","t":795313954}
{"tipo_e":"inv","op":"get","clave":"pruebas","valor":null,"n":22,"id":"C2","t":801251016}
{"tipo_e":"inv","op":"get","clave":"pruebas","valor":null,"n":18,"id":"C1","t":803164163}
{"tipo_e":"res","op":"get","clave":"pruebas","valor":"C1_17","n":22,"id":"C2","t":803430783}
{"tipo_e":"res","op":"get","clave":"pruebas","valor":"C1_17","n":18,"id":"C1","t":804891490}
{"tipo_e":"inv","op":"put","clave":"pruebas","valor":"C2_23","n":23,"id":"C2","t":811191162}
{"tipo_e":"inv","op":"put","clave":"pruebas","valor":"C1_19","n":19,"id":"C1","t":813571898}
{"tipo_e":"res","op":"put","clave":"pruebas","valor":"C2_23","n":23,"id":"C2","t":813701616}
{"tipo_e":"res","op":"put","clave":"pruebas","valor":"C1_19","n":19,"id":"C1","t":815677348}
{"tipo_e":"inv","op":"get","clave":"pruebas","valor":null,"n":24,"id":"C2","t":820708942}
{"tipo_e":"res","op":"get","clave":"pruebas","valor":"C1_19","n":24,"id":"C2","t":822699855}
{"tipo_e":"inv","op":"put","clave":"pruebas","valor":"C1_20","n":20,"id":"C1","t":824314487}
{"tipo_e":"res","op":"put","clave":"pruebas","valor":"C1_20","n":20,"id":"C1","t":826216695}
{"tipo_e":"inv","op":"get","clave":"pruebas","valor":null,"n":25,"id":"C2","t":831367653}
{"tipo_e":"res","op":"get","clave":"pruebas","valor":"C1_20","n":25,"id":"C2","t":832966133}
{"tipo_e":"inv","op":"get","clave":"pruebas","valor":null,"n":21,"id":"C1","t":833900653}
{"tipo_e":"res","op":"get","clave":"pruebas","valor":"C1_20","n":21,"id":"C1","t":835437700}
{"tipo_e":"inv","op":"get","clave":"pruebas","valor":null,"n":26,"id":"C2","t":841648186}
{"tipo_e":"inv","op":"get","clave":"pruebas","valor":null,"n":22,"id":"C1","t":844080364}
{"tipo_e":"res","op":"get","clave":"pruebas","valor":"C1_20","n":26,"id":"C2","t":844414717}
{"tipo_e":"res","op":"get","clave":"pruebas","valor":"C1_20","n":22,"id":"C1","t":845792258}
{"tipo_e":"inv","op":"get","clave":"pruebas","valor":null,"n":27,"id":"C2","t":852060343}
{"tipo_e":"res","op":"get","clave":"pruebas","valor":"C1_20","n":27,"id":"C2","t":853750737}
{"tipo_e":"inv","op":"put","clave":"pruebas","valor":"C1_23","n":23,"id":"C1","t":854379636}
{"tipo_e":"res","op":"put","clave":"pruebas","valor":"C1_23","n":23,"id":"C1","t":856243288}
{"tipo_e":"inv","op":"put","clave":"pruebas","valor":"C2_28","n":28,"id":"C2","t":862403383}
{"tipo_e":"inv","op":"get","clave":"pruebas","valor":null,"n":24,"id":"C1","t":864153442}
{"tipo_e":"res","op":"put","clave":"pruebas","valor":"C2_28","n":28,"id":"C2","t":864719413}
{"tipo_e":"res","op":"get","clave":"pruebas","valor":"C2_28","n":24,"id":"C1","t":866530967}
{"tipo_e":"inv","op":"put","clave":"pruebas","valor":"C2_29","n":29,"id":"C2","t":872039576}
{"tipo_e":"res","op":"put","clave":"pruebas","valor":"C2_29","n":29,"id":"C2","t":873694664}
{"tipo_e":"inv","op":"put","clave":"pruebas","valor":"C1_25","n":25,"id":"C1","t":874146915}
{"tipo_e":"res","op":"put","clave":"pruebas","valor":"C1_25","n":25,"id":"C1","t":875597178}
{"tipo_e":"inv","op":"put","clave":"pruebas","valor":"C2_30","n":30,"id":"C2","t":882402400}
{"tipo_e":"res","op":"put","clave":"pruebas","valor":"C2_30","n":30,"id":"C2","t":884136352}
{"tipo_e":"inv","op":"put","clave":"pruebas","valor":"C1_26","n":26,"id":"C1","t":884225877}
{"tipo_e":"res","op":"put","clave":"pruebas","valor":"C1_26","n":26,"id":"C1","t":886102187}
{"tipo_e":"inv","op":"get","clave":"pruebas","valor":null,"n":31,"id":"C2","t":891942330}
{"tipo_e":"inv","op":"put","clave":"pruebas","valor":"C1_27","n":27,"id":"C1","t":893714673}
{"tipo_e":"res","op":"get","clave":"pruebas","valor":"C1_26","n":31,"id":"C2","t":893842284}
{"tipo_e":"res","op":"put","clave":"pruebas","valor":"C1_27","n":27,"id":"C1","t":895394979}
{"tipo_e":"inv","op":"put","clave":"pruebas","valor":"C2_32","n":32,"id":"C2","t":902641518}
{"tipo_e":"inv","op":"get","clave":"pruebas","valor":null,"n":28,"id":"C1","t":904136691}
{"tipo_e":"res","op":"put","clave":"pruebas","valor":"C2_32","n":32,"id":"C2","t":904824643}
{"tipo_e":"res","op":"get","clave":"pruebas","valor":"C2_32","n":28,"id":"C1","t":906178045}
{"tipo_e":"inv","op":"put","clave":"pruebas","valor":"C2_33","n":33,"id":"C2","t":912489955}
{"tipo_e":"inv","op":"get","clave":"pruebas","valor":null,"n":29,"id":"C1","t":914164803}
{"tipo_e":"res","op":"put","clave":"pruebas","valor":"C2_33","n":33,"id":"C2","t":915455187}
{"tipo_e":"res","op":"get","clave":"pruebas","valor":"C2_33","n":29,"id":"C1","t":916321543}
{"tipo_e":"inv","op":"get","clave":"pruebas","valor":null,"n":34,"id":"C2","t":922259624}
{"tipo_e":"res","op":"get","clave":"pruebas","valor":"C2_33","n":34,"id":"C2","t":923946931}
{"tipo_e":"inv","op":"get","clave":"pruebas","valor":null,"n":30,"id":"C1","t":924047904}
{"tipo_e":"res","op":"get","clave":"pruebas","valor":"C2_33","n":30,"id":"C1","t":926330257}
{"tipo_e":"inv","op":"get","clave":"pruebas","valor":null,"n":35,"id":"C2","t":932705771}
{"tipo_e":"inv","op":"get","clave":"pruebas","valor":null,"n":31,"id":"C1","t":934678957}
{"tipo_e":"res","op":"get","clave":"pruebas","valor":"C2_33","n":35,"id":"C2","t":936223819}
{"tipo_e":"res","op":"get","clave":"pruebas","valor":"C2_33","n":31,"id":"C1","t":937172644}
{"tipo_e":"inv","op":"get","clave":"pruebas","valor":null,"n":36,"id":"C2","t":943195832}
{"tipo_e":"inv","op":"get","clave":"pruebas","valor":null,"n":32,"id":"C1","t":944886970}
{"tipo_e":"res","op":"get","clave":"pruebas","valor":"C2_33","n":36,"id":"C2","t":947579038}
{"tipo_e":"res","op":"get","clave":"pruebas","valor":"C2_33","n":32,"id":"C1","t":947795717}
{"tipo_e":"inv","op":"get","clave":"pruebas","valor":null,"n":37,"id":"C2","t":953276553}
{"tipo_e":"res","op":"get","clave":"pruebas","valor":"C2_33","n":37,"id":"C2","t":955492295}
{"tipo_e":"inv","op":"get","clave":"pruebas","valor":null,"n":33,"id":"C1","t":955632186}
{"tipo_e":"res","op":"get","clave":"pruebas","valor":"C2_33","n":33,"id":"C1","t":957555178}
{"tipo_e":"inv","op":"get","clave":"pruebas","valor":null,"n":38,"id":"C2","t":963142350}
{"tipo_e":"inv","op":"put","clave":"pruebas","valor":"C1_34","n":34,"id":"C1","t":965484286}
{"tipo_e":"res","op":"get","clave":"pruebas","valor":"C2_33","n":38,"id":"C2","t":966497569}
{"tipo_e":"res","op":"put","clave":"pruebas","valor":"C1_34","n":34,"id":"C1","t":968756572}
{"tipo_e":"inv","op":"put","clave":"pruebas","valor":"C2_39","n":39,"id":"C2","t":973256212}
{"tipo_e":"res","op":"put","clave":"pruebas","valor":"C2_39","n":39,"id":"C2","t":975221184}
{"tipo_e":"inv","op":"get","clave":"pruebas","valor":null,"n":35,"id":"C1","t":975318185}
{"tipo_e":"res","op":"get","clave":"pruebas","valor":"C2_39","n":35,"id":"C1","t":977192700}
{"tipo_e":"inv","op":"get","clave":"pruebas","valor":null,"n":40,"id":"C2","t":982875439}
{"tipo_e":"inv","op":"put","clave":"pruebas","valor":"C1_36","n":36,"id":"C1","t":984977310}
{"tipo_e":"res","op":"get","clave":"pruebas","valor":"C2_39","n":40,"id":"C2","t":985075755}
{"tipo_e":"res","op":"put","clave":"pruebas","valor":"C1_36","n":36,"id":"C1","t":986716646}
{"tipo_e":"inv","op":"put","clave":"pruebas","valor":"C2_41","n":41,"id":"C2","t":992868125}
{"tipo_e":"res","op":"put","clave":"pruebas","valor":"C2_41","n":41,"id":"C2","t":994622201}
{"tipo_e":"inv","op":"put","clave":"pruebas","valor":"C1_37","n":37,"id":"C1","t":995242657}
{"tipo_e":"res","op":"put","clave":"pruebas","valor":"C1_37","n":37,"id":"C1","t":996760545}
{"tipo_e":"inv","op":"get","clave":"pruebas","valor":null,"n":42,"id":"C2","t":1003484614}
{"tipo_e":"inv","op":"get","clave":"pruebas","valor":null,"n":38,"id":"C1","t":1005243683}
{"tipo_e":"res","op":"get","clave":"pruebas","valor":"C1_37","n":42,"id":"C2","t":1005328142}
{"tipo_e":"res","op":"get","clave":"pruebas","valor":"C1_37","n":38,"id":"C1","t":1006724470}
{"tipo_e":"inv","op":"get","clave":"pruebas","valor":null,"n":43,"id":"C2","t":1012968213}
{"tipo_e":"res","op":"get","clave":"pruebas","valor":"C1_37","n":43,"id":"C2","t":1014732948}
{"tipo_e":"inv","op":"put","clave":"pruebas","valor":"C1_39","n":39,"id":"C1","t":1015246753}
{"tipo_e":"res","op":"put","clave":"pruebas","valor":"C1_39","n":39,"id":"C1","t":1017084185}
{"tipo_e":"inv","op":"put","clave":"pruebas","valor":"C2_44","n":44,"id":"C2","t":1023331894}
{"tipo_e":"inv","op":"put","clave":"pruebas","valor":"C1_40","n":40,"id":"C1","t":1024735377}
{"tipo_e":"res","op":"put","clave":"pruebas","valor":"C2_44","n":44,"id":"C2","t":1025133015}
{"tipo_e":"res","op":"put","clave":"pruebas","valor":"C1_40","n":40,"id":"C1","t":1026504931}
{"tipo_e":"inv","op":"put","clave":"pruebas","valor":"C2_45","n":45,"id":"C2","t":1033290750}
{"tipo_e":"inv","op":"put","clave":"pruebas","valor":"C1_41","n":41,"id":"C1","t":1035087002}
{"tipo_e":"res","op":"put","clave":"pruebas","valor":"C2_45","n":45,"id":"C2","t":1035892545}
{"tipo_e":"res","op":"put","clave":"pruebas","valor":"C1_41","n":41,"id":"C1","t":1037076858}
{"tipo_e":"inv","op":"get","clave":"pruebas","valor":null,"n":46,"id":"C2","t":1043582943}
{"tipo_e":"inv","op":"get","clave":"pruebas","valor":null,"n":42,"id":"C1","t":1044777979}
{"tipo_e":"res","op":"get","clave":"pruebas","valor":"C1_41","n":46,"id":"C2","t":1045752492}
{"tipo_e":"res","op":"get","clave":"pruebas","valor":"C1_41","n":42,"id":"C1","t":1046687459}
{"tipo_e":"inv","op":"put","clave":"pruebas","valor":"C2_47","n":47,"id":"C2","t":1054409838}
{"tipo_e":"inv","op":"get","clave":"pruebas","valor":null,"n":43,"id":"C1","t":1055273582}
{"tipo_e":"res","op":"put","clave":"pruebas","valor":"C2_47","n":47,"id":"C2","t":1056662434}
{"tipo_e":"res","op":"get","clave":"pruebas","valor":"C2_47","n":43,"id":"C1","t":1057541089}
{"tipo_e":"inv","op":"put","clave":"pruebas","valor":"C2_48","n":48,"id":"C2","t":1064420215}
{"tipo_e":"inv","op":"put","clave":"pruebas","valor":"C1_44","n":44,"id":"C1","t":1065138281}
{"tipo_e":"res","op":"put","clave":"pruebas","valor":"C2_48","n":48,"id":"C2","t":1066749866}
{"tipo_e":"res","op":"put","clave":"pruebas","valor":"C1_44","n":44,"id":"C1","t":1067707786}
{"tipo_e":"inv","op":"put","clave":"pruebas","valor":"C2_49","n":49,"id":"C2","t":1074573912}
{"tipo_e":"inv","op":"get","clave":"pruebas","valor":null,"n":45,"id":"C1","t":1075277611}
{"tipo_e":"res","op":"put","clave":"pruebas","valor":"C2_49","n":49,"id":"C2","t":1076522911}
{"tipo_e":"res","op":"get","clave":"pruebas","valor":"C2_49","n":45,"id":"C1","t":1077237242}
{"tipo_e":"inv","op":"get","clave":"pruebas","valor":null,"n":50,"id":"C2","t":1084190177}
{"tipo_e":"inv","op":"put","clave":"pruebas","valor":"C1_46","n":46,"id":"C1","t":1084865286}
{"tipo_e":"res","op":"get","clave":"pruebas","valor":"C2_49","n":50,"id":"C2","t":1086226270}
{"tipo_e":"res","op":"put","clave":"pruebas","valor":"C1_46","n":46,"id":"C1","t":1086611592}
{"tipo_e":"inv","op":"put","clave":"pruebas","valor":"C2_51","n":51,"id":"C2","t":1094138605}
{"tipo_e":"inv","op":"put","clave":"pruebas","valor":"C1_47","n":47,"id":"C1","t":1095214325}
{"tipo_e":"res","op":"put","clave":"pruebas","valor":"C2_51","n":51,"id":"C2","t":1095943102}
{"tipo_e":"res","op":"put","clave":"pruebas","valor":"C1_47","n":47,"id":"C1","t":1097400364}
{"tipo_e":"inv","op":"get","clave":"pruebas","valor":null,"n":52,"id":"C2","t":1104573986}
{"tipo_e":"inv","op":"get","clave":"pruebas","valor":null,"n":48,"id":"C1","t":1104970361}
{"tipo_e":"res","op":"get","clave":"pruebas","valor":"C1_47","n":52,"id":"C2","t":1106434044}
{"tipo_e":"res","op":"get","clave":"pruebas","valor":"C1_47","n":48,"id":"C1","t":1106744711}
{"tipo_e":"inv","op":"put","clave":"pruebas","valor":"C2_53","n":53,"id":"C2","t":1115053295}
{"tipo_e":"res","op":"put","clave":"pruebas","valor":"C2_53","n":53,"id":"C2","t":1116865769}
{"tipo_e":"inv","op":"get","clave":"pruebas","valor":null,"n":54,"id":"C2","t":1125536117}
{"tipo_e":"res","op":"get","clave":"pruebas","valor":"C2_53","n":54,"id":"C2","t":1127490440}
{"tipo_e":"inv","op":"get","clave":"pruebas","valor":null,"n":55,"id":"C2","t":1135196169}
{"tipo_e":"res","op":"get","clave":"pruebas","valor":"C2_53","n":55,"id":"C2","t":1136803300}
{"tipo_e":"inv","op":"put","clave":"pruebas","valor":"C2_56","n":56,"id":"C2","t":1145498125}
{"tipo_e":"res","op":"put","clave":"pruebas","valor":"C2_56","n":56,"id":"C2","t":1147300489}
{"tipo_e":"inv","op":"get","clave":"pruebas","valor":null,"n":57,"id":"C2","t":1154950733}
{"tipo_e":"res","op":"get","clave":"pruebas","valor":"C2_56","n":57,"id":"C2","t":1156691955}
{"tipo_e":"inv","op":"put","clave":"pruebas","valor":"C2_58","n":58,"id":"C2","t":1165505723}
{"tipo_e":"res","op":"put","clave":"pruebas","valor":"C2_58","n":58,"id":"C2","t":1167033876}
{"tipo_e":"inv","op":"get","clave":"pruebas","valor":null,"n":59,"id":"C2","t":1175576073}
{"tipo_e":"res","op":"get","clave":"pruebas","valor":"C2_58","n":59,"id":"C2","t":1177034819}
{"tipo_e":"inv","op":"put","clave":"pruebas","valor":"C2_60","n":60,"id":"C2","t":1186598524}
{"tipo_e":"res","op":"put","clave":"pruebas","valor":"C2_60","n":60,"id":"C2","t":1188158507}
{"tipo_e":"inv","op":"get","clave":"pruebas","valor":null,"n":61,"id":"C2","t":1197067378}
{"tipo_e":"res","op":"get","clave":"pruebas","valor":"C2_60","n":61,"id":"C2","t":1198720910}
{"tipo_e":"inv","op":"put","clave":"pruebas","valor":"C2_62","n":62,"id":"C2","t":1207651637}
{"tipo_e":"res","op":"put","clave":"pruebas","valor":"C2_62","n":62,"id":"C2","t":1209483100}
{"tipo_e":"inv","op":"put","clave":"pruebas","valor":"C1_49","n":49,"id":"C1","t":1215624910}
{"tipo_e":"inv","op":"get","clave":"pruebas","valor":null,"n":63,"id":"C2","t":1217052963}
{"tipo_e":"res","op":"put","clave":"pruebas","valor":"C1_49","n":49,"id":"C1","t":1217744874}
{"tipo_e":"res","op":"get","clave":"pruebas","valor":"C1_49","n":63,"id":"C2","t":1218708758}
{"tipo_e":"inv","op":"put","clave":"pruebas","valor":"C1_50","n":50,"id":"C1","t":1225700086}
{"tipo_e":"inv","op":"put","clave":"pruebas","valor":"C2_64","n":64,"id":"C2","t":1227229240}
{"tipo_e":"res","op":"put","clave":"pruebas","valor":"C1_50","n":50,"id":"C1","t":1227419506}
{"tipo_e":"res","op":"put","clave":"pruebas","valor":"C2_64","n":64,"id":"C2","t":1229033527}
{"tipo_e":"inv","op":"get","clave":"pruebas","valor":null,"n":51,"id":"C1","t":1236227679}
{"tipo_e":"inv","op":"put","clave":"pruebas","valor":"C2_65","n":65,"id":"C2","t":1237655770}
{"tipo_e":"res","op":"get","clave":"pruebas","valor":"C2_64","n":51,"id":"C1","t":1240103518}
{"tipo_e":"res","op":"put","clave":"pruebas","valor":"C2_65","n":65,"id":"C2","t":1240297969}
{"tipo_e":"inv","op":"get","clave":"pruebas","valor":null,"n":52,"id":"C1","t":1245884705}
{"tipo_e":"inv","op":"put","clave":"pruebas","valor":"C2_66","n":66,"id":"C2","t":1246836434}
{"tipo_e":"res","op":"get","clave":"pruebas","valor":"C2_65","n":52,"id":"C1","t":1247848553}
{"tipo_e":"res","op":"put","clave":"pruebas","valor":"C2_66","n":66,"id":"C2","t":1248907017}
{"tipo_e":"inv","op":"get","clave":"pruebas","valor":null,"n":53,"id":"C1","t":1256512052}
{"tipo_e":"inv","op":"get","clave":"pruebas","valor":null,"n":67,"id":"C2","t":1257574543}
{"tipo_e":"res","op":"get","clave":"pruebas","valor":"C2_66","n":53,"id":"C1","t":1258086885}
{"tipo_e":"res","op":"get","clave":"pruebas","valor":"C2_66","n":67,"id":"C2","t":1259070995}
{"tipo_e":"inv","op":"get","clave":"pruebas","valor":null,"n":54,"id":"C1","t":1265749787}
{"tipo_e":"res","op":"get","clave":"pruebas","valor":"C2_66","n":54,"id":"C1","t":1267199636}
{"tipo_e":"inv","op":"put","clave":"pruebas","valor":"C2_68","n":68,"id":"C2","t":1267580769}
{"tipo_e":"res","op":"put","clave":"pruebas","valor":"C2_68","n":68,"id":"C2","t":1269068046}
{"tipo_e":"inv","op":"get","clave":"pruebas","valor":null,"n":55,"id":"C1","t":1275791074}
{"tipo_e":"res","op":"get","clave":"pruebas","valor":"C2_68","n":55,"id":"C1","t":1277469712}
{"tipo_e":"inv","op":"get","clave":"pruebas","valor":null,"n":69,"id":"C2","t":1277563134}
{"tipo_e":"res","op":"get","clave":"pruebas","valor":"C2_68","n":69,"id":"C2","t":1278963747}
{"tipo_e":"inv","op":"put","clave":"pruebas","valor":"C1_56","n":56,"id":"C1","t":1286277109}
{"tipo_e":"res","op":"put","clave":"pruebas","valor":"C1_56","n":56,"id":"C1","t":1288122483}
{"tipo_e":"inv","op":"get","clave":"pruebas","valor":null,"n":70,"id":"C2","t":1288437021}
{"tipo_e":"res","op":"get","clave":"pruebas","valor":"C1_56","n":70,"id":"C2","t":1289880588}
{"tipo_e":"inv","op":"get","clave":"pruebas","valor":null,"n":57,"id":"C1","t":1295822224}
{"tipo_e":"res","op":"get","clave":"pruebas","valor":"C1_56","n":57,"id":"C1","t":1297464068}
{"tipo_e":"inv","op":"get","clave":"pruebas","valor":null,"n":71,"id":"C2","t":1298696380}
{"tipo_e":"res","op":"get","clave":"pruebas","valor":"C1_56","n":71,"id":"C2","t":1300130484}
{"tipo_e":"inv","op":"get","clave":"pruebas","valor":null,"n":58,"id":"C1","t":1306291826}
{"tipo_e":"inv","op":"get","clave":"pruebas","valor":null,"n":72,"id":"C2","t":1307715204}
{"tipo_e":"res","op":"get","clave":"pruebas","valor":"C1_56","n":58,"id":"C1","t":1307977213}
{"tipo_e":"res","op":"get","clave":"pruebas","valor":"C1_56","n":72,"id":"C2","t":1309201783}
{"tipo_e":"inv","op":"get","clave":"pruebas","valor":null,"n":59,"id":"C1","t":1316653546}
{"tipo_e":"inv","op":"get","clave":"pruebas","valor":null,"n":73,"id":"C2","t":1317896590}
{"tipo_e":"res","op":"get","clave":"pruebas","valor":"C1_56","n":59,"id":"C1","t":1318859651}
{"tipo_e":"res","op":"get","clave":"pruebas","valor":"C1_56","n":73,"id":"C2","t":1319439886}
{"tipo_e":"inv","op":"put","clave":"pruebas","valor":"C1_60","n":60,"id":"C1","t":1327514159}
{"tipo_e":"inv","op":"get","clave":"pruebas","valor":null,"n":74,"id":"C2","t":1328043471}
{"tipo_e":"res","op":"put","clave":"pruebas","valor":"C1_60","n":60,"id":"C1","t":1329706093}
{"tipo_e":"res","op":"get","clave":"pruebas","valor":"C1_60","n":74,"id":"C2","t":1330846208}
{"tipo_e":"inv","op":"get","clave":"pruebas","valor":null,"n":61,"id":"C1","t":1337395010}
{"tipo_e":"inv","op":"put","clave":"pruebas","valor":"C2_75","n":75,"id":"C2","t":1338515387}
{"tipo_e":"res","op":"get","clave":"pruebas","valor":"C1_60","n":61,"id":"C1","t":1339569558}
{"tipo_e":"res","op":"put","clave":"pruebas","valor":"C2_75","n":75,"id":"C2","t":1340412267}
{"tipo_e":"inv","op":"get","clave":"pruebas","valor":null,"n":62,"id":"C1","t":1347322852}
{"tipo_e":"inv","op":"put","clave":"pruebas","valor":"C2_76","n":76,"id":"C2","t":1348213498}
{"tipo_e":"res","op":"get","clave":"pruebas","valor":"C2_75","n":62,"id":"C1","t":1350142273}
{"tipo_e":"res","op":"put","clave":"pruebas","valor":"C2_76","n":76,"id":"C2","t":1350392613}
{"tipo_e":"inv","op":"put","clave":"pruebas","valor":"C1_63","n":63,"id":"C1","t":1356861385}
{"tipo_e":"inv","op":"put","clave":"pruebas","valor":"C2_77","n":77,"id":"C2","t":1358078963}
{"tipo_e":"res","op":"put","clave":"pruebas","valor":"C1_63","n":63,"id":"C1","t":1358838718}
{"tipo_e":"res","op":"put","clave":"pruebas","valor":"C2_77","n":77,"id":"C2","t":1359964555}
{"tipo_e":"inv","op":"put","clave":"pruebas","valor":"C1_64","n":64,"id":"C1","t":1367552452}
{"tipo_e":"inv","op":"get","clave":"pruebas","valor":null,"n":78,"id":"C2","t":1368579855}
{"tipo_e":"res","op":"put","clave":"pruebas","valor":"C1_64","n":64,"id":"C1","t":1370109101}
{"tipo_e":"res","op":"get","clave":"pruebas","valor":"C1_64","n":78,"id":"C2","t":1371291485}
{"tipo_e":"inv","op":"put","clave":"pruebas","valor":"C1_65","n":65,"id":"C1","t":1376972383}
{"tipo_e":"res","op":"put","clave":"pruebas","valor":"C1_65","n":65,"id":"C1","t":1378713376}
{"tipo_e":"inv","op":"get","clave":"pruebas","valor":null,"n":79,"id":"C2","t":1378843132}
{"tipo_e":"res","op":"get","clave":"pruebas","valor":"C1_65","n":79,"id":"C2","t":1380290615}
{"tipo_e":"inv","op":"put","clave":"pruebas","valor":"C1_66","n":66,"id":"C1","t":1387438467}
{"tipo_e":"inv","op":"get","clave":"pruebas","valor":null,"n":80,"id":"C2","t":1388929489}
{"tipo_e":"res","op":"put","clave":"pruebas","valor":"C1_66","n":66,"id":"C1","t":1389219317}
{"tipo_e":"res","op":"get","clave":"pruebas","valor":"C1_66","n":80,"id":"C2","t":1390533015}
{"tipo_e":"inv","op":"get","clave":"pruebas","valor":null,"n":67,"id":"C1","t":1396841036}
{"tipo_e":"res","op":"get","clave":"pruebas","valor":"C1_66","n":67,"id":"C1","t":1398418896}
{"tipo_e":"inv","op":"put","clave":"pruebas","valor":"C2_81","n":81,"id":"C2","t":1399103109}
{"tipo_e":"res","op":"put","clave":"pruebas","valor":"C2_81","n":81,"id":"C2","t":1400745795}
{"tipo_e":"inv","op":"get","clave":"pruebas","valor":null,"n":68,"id":"C1","t":1407112624}
{"tipo_e":"res","op":"get","clave":"pruebas","valor":"C2_81","n":68,"id":"C1","t":1408935307}
{"tipo_e":"inv","op":"put","clave":"pruebas","valor":"C2_82","n":82,"id":"C2","t":1409345416}
{"tipo_e":"res","op":"put","clave":"pruebas","valor":"C2_82","n":82,"id":"C2","t":1410941566}
{"tipo_e":"inv","op":"put","clave":"pruebas","valor":"C1_69","n":69,"id":"C1","t":1417654818}
{"tipo_e":"res","op":"put","clave":"pruebas","valor":"C1_69","n":69,"id":"C1","t":1419321021}
{"tipo_e":"inv","op":"put","clave":"pruebas","valor":"C2_83","n":83,"id":"C2","t":1419464669}
{"tipo_e":"res","op":"put","clave":"pruebas","valor":"C2_83","n":83,"id":"C2","t":1422079466}
{"tipo_e":"inv","op":"put","clave":"pruebas","valor":"C1_70","n":70,"id":"C1","t":1426978528}
{"tipo_e":"res","op":"put","clave":"pruebas","valor":"C1_70","n":70,"id":"C1","t":1428560754}
{"tipo_e":"inv","op":"get","clave":"pruebas","valor":null,"n":84,"id":"C2","t":1428724104}
{"tipo_e":"res","op":"get","clave":"pruebas","valor":"C1_70","n":84,"id":"C2","t":1430055494}
{"tipo_e":"inv","op":"put","clave":"pruebas","valor":"C1_71","n":71,"id":"C1","t":1437449687}
{"tipo_e":"inv","op":"put","clave":"pruebas","valor":"C2_85","n":85,"id":"C2","t":1438803234}
{"tipo_e":"res","op":"put","clave":"pruebas","valor":"C1_71","n":71,"id":"C1","t":1439834420}
{"tipo_e":"res","op":"put","clave":"pruebas","valor":"C2_85","n":85,"id":"C2","t":1440843279}
{"tipo_e":"inv","op":"get","clave":"pruebas","valor":null,"n":72,"id":"C1","t":1447424719}
{"tipo_e":"res","op":"get","clave":"pruebas","valor":"C2_85","n":72,"id":"C1","t":1448917386}
{"tipo_e":"inv","op":"put","clave":"pruebas","valor":"C2_86","n":86,"id":"C2","t":1449405518}
{"tipo_e":"res","op":"put","clave":"pruebas","valor":"C2_86","n":86,"id":"C2","t":1451091770}
{"tipo_e":"inv","op":"get","clave":"pruebas","valor":null,"n":73,"id":"C1","t":1457739626}
{"tipo_e":"inv","op":"put","clave":"pruebas","valor":"C2_87","n":87,"id":"C2","t":1458739744}
{"tipo_e":"res","op":"get","clave":"pruebas","valor":"C2_86","n":73,"id":"C1","t":1459616892}
{"tipo_e":"res","op":"put","clave":"pruebas","valor":"C2_87","n":87,"id":"C2","t":1461495880}
{"tipo_e":"inv","op":"get","clave":"pruebas","valor":null,"n":74,"id":"C1","t":1467504315}
{"tipo_e":"res","op":"get","clave":"pruebas","valor":"C2_87","n":74,"id":"C1","t":1468956369}
{"tipo_e":"inv","op":"get","clave":"pruebas","valor":null,"n":88,"id":"C2","t":1469070958}
{"tipo_e":"res","op":"get","clave":"pruebas","valor":"C2_87","n":88,"id":"C2","t":1471979707}
{"tipo_e":"inv","op":"get","clave":"pruebas","valor":null,"n":75,"id":"C1","t":1477693891}
{"tipo_e":"res","op":"get","clave":"pruebas","valor":"C2_87","n":75,"id":"C1","t":1479166260}
{"tipo_e":"inv","op":"get","clave":"pruebas","valor":null,"n":89,"id":"C2","t":1479522002}
{"tipo_e":"res","op":"get","clave":"pruebas","valor":"C2_87","n":89,"id":"C2","t":1481152029}
{"tipo_e":"inv","op":"get","clave":"pruebas","valor":null,"n":76,"id":"C1","t":1487898161}
{"tipo_e":"inv","op":"get","clave":"pruebas","valor":null,"n":90,"id":"C2","t":1488726354}
{"tipo_e":"res","op":"get","clave":"pruebas","valor":"C2_87","n":76,"id":"C1","t":1489603480}
{"tipo_e":"res","op":"get","clave":"pruebas","valor":"C2_87","n":90,"id":"C2","t":1490285008}
{"tipo_e":"inv","op":"get","clave":"pruebas","valor":null,"n":77,"id":"C1","t":1498230744}
{"tipo_e":"inv","op":"put","clave":"pruebas","valor":"C2_91","n":91,"id":"C2","t":1498965189}
{"tipo_e":"res","op":"get","clave":"pruebas","valor":"C2_87","n":77,"id":"C1","t":1500277988}
{"tipo_e":"res","op":"put","clave":"pruebas","valor":"C2_91","n":91,"id":"C2","t":1501059812}
{"tipo_e":"inv","op":"get","clave":"pruebas","valor":null,"n":78,"id":"C1","t":1507883162}
{"tipo_e":"res","op":"get","clave":"pruebas","valor":"C2_91","n":78,"id":"C1","t":1509501036}
{"tipo_e":"inv","op":"put","clave":"pruebas","valor":"C2_92","n":92,"id":"C2","t":1509601288}
{"tipo_e":"res","op":"put","clave":"pruebas","valor":"C2_92","n":92,"id":"C2","t":1511078647}
{"tipo_e":"inv","op":"put","clave":"pruebas","valor":"C1_79","n":79,"id":"C1","t":1518188053}
{"tipo_e":"res","op":"put","clave":"pruebas","valor":"C1_79","n":79,"id":"C1","t":1519603115}
{"tipo_e":"inv","op":"get","clave":"pruebas","valor":null,"n":93,"id":"C2","t":1520564575}
{"tipo_e":"res","op":"get","clave":"pruebas","valor":"C1_79","n":93,"id":"C2","t":1522589787}
{"tipo_e":"inv","op":"get","clave":"pruebas","valor":null,"n":80,"id":"C1","t":1528262235}
{"tipo_e":"res","op":"get","clave":"pruebas","valor":"C1_79","n":80,"id":"C1","t":1529870317}
{"tipo_e":"inv","op":"get","clave":"pruebas","valor":null,"n":94,"id":"C2","t":1531313737}
{"tipo_e":"res","op":"get","clave":"pruebas","valor":"C1_79","n":94,"id":"C2","t":1533097190}
{"tipo_e":"inv","op":"get","clave":"pruebas","valor":null,"n":81,"id":"C1","t":1538487096}
{"tipo_e":"res","op":"get","clave":"pruebas","valor":"C1_79","n":81,"id":"C1","t":1540396820}
{"tipo_e":"inv","op":"get","clave":"pruebas","valor":null,"n":95,"id":"C2","t":1541537992}
{"tipo_e":"res","op":"get","clave":"pruebas","valor":"C1_79","n":95,"id":"C2","t":1543134702}
{"tipo_e":"inv","op":"get","clave":"pruebas","valor":null,"n":82,"id":"C1","t":1548040372}
{"tipo_e":"res","op":"get","clave":"pruebas","valor":"C1_79","n":82,"id":"C1","t":1549499160}
{"tipo_e":"inv","op":"get","clave":"pruebas","valor":null,"n":96,"id":"C2","t":1550655111}
{"tipo_e":"res","op":"get","clave":"pruebas","valor":"C1_79","n":96,"id":"C2","t":1552205510}
{"tipo_e":"inv","op":"put","clave":"pruebas","valor":"C1_83","n":83,"id":"C1","t":1558101656}
{"tipo_e":"res","op":"put","clave":"pruebas","valor":"C1_83","n":83,"id":"C1","t":1559773754}
{"tipo_e":"inv","op":"put","clave":"pruebas","valor":"C2_97","n":97,"id":"C2","t":1560832108}
{"tipo_e":"res","op":"put","clave":"pruebas","valor":"C2_97","n":97,"id":"C2","t":1562574320}
{"tipo_e":"inv","op":"get","clave":"pruebas","valor":null,"n":84,"id":"C1","t":1568462579}
{"tipo_e":"res","op":"get","clave":"pruebas","valor":"C2_97","n":84,"id":"C1","t":1570105302}
{"tipo_e":"inv","op":"put","clave":"pruebas","valor":"C2_98","n":98,"id":"C2","t":1571122504}
{"tipo_e":"res","op":"put","clave":"pruebas","valor":"C2_98","n":98,"id":"C2","t":1572489271}
{"tipo_e":"inv","op":"get","clave":"pruebas","valor":null,"n":85,"id":"C1","t":1577689095}
{"tipo_e":"res","op":"get","clave":"pruebas","valor":"C2_98","n":85,"id":"C1","t":1579292286}
{"tipo_e":"inv","op":"get","clave":"pruebas","valor":null,"n":99,"id":"C2","t":1581067823}
{"tipo_e":"res","op":"get","clave":"pruebas","valor":"C2_98","n":99,"id":"C2","t":1582973736}
{"tipo_e":"inv","op":"get","clave":"pruebas","valor":null,"n":86,"id":"C1","t":1587850778}
{"tipo_e":"res","op":"get","clave":"pruebas","valor":"C2_98","n":86,"id":"C1","t":1589270749}
{"tipo_e":"inv","op":"put","clave":"pruebas","valor":"C2_100","n":100,"id":"C2","t":1591538679}
{"tipo_e":"res","op":"put","clave":"pruebas","valor":"C2_100","n":100,"id":"C2","t":1593112216}
{"tipo_e":"inv","op":"get","clave":"pruebas","valor":null,"n":87,"id":"C1","t":1597887375}
{"tipo_e":"res","op":"get","clave":"pruebas","valor":"C2_100","n":87,"id":"C1","t":1599444134}
{"tipo_e":"inv","op":"put","clave":"pruebas","valor":"C2_101","n":101,"id":"C2","t":1600811724}
{"tipo_e":"res","op":"put","clave":"pruebas","valor":"C2_101","n":101,"id":"C2","t":1602851466}
{"tipo_e":"inv","op":"get","clave":"pruebas","valor":null,"n":88,"id":"C1","t":1608043807}
{"tipo_e":"res","op":"get","clave":"pruebas","valor":"C2_101","n":88,"id":"C1","t":1609773649}
{"tipo_e":"inv","op":"get","clave":"pruebas","valor":null,"n":102,"id":"C2","t":1611517157}
{"tipo_e":"res","op":"get","clave":"pruebas","valor":"C2_101","n":102,"id":"C2","t":1613142275}
{"tipo_e":"inv","op":"get","clave":"pruebas","valor":null,"n":89,"id":"C1","t":1618517273}
{"tipo_e":"res","op":"get","clave":"pruebas","valor":"C2_101","n":89,"id":"C1","t":1620189430}
{"tipo_e":"inv","op":"get","clave":"pruebas","valor":null,"n":103,"id":"C2","t":1620681040}
{"tipo_e":"res","op":"get","clave":"pruebas","valor":"C2_101","n":103,"id":"C2","t":1622165814}
{"tipo_e":"inv","op":"put","clave":"pruebas","valor":"C1_90","n":90,"id":"C1","t":1627759919}
{"tipo_e":"res","op":"put","clave":"pruebas","valor":"C1_90","n":90,"id":"C1","t":1629264208}
{"tipo_e":"inv","op":"get","clave":"pruebas","valor":null,"n":104,"id":"C2","t":1630706009}
{"tipo_e":"res","op":"get","clave":"pruebas","valor":"C1_90","n":104,"id":"C2","t":1632539399}
{"tipo_e":"inv","op":"put","clave":"pruebas","valor":"C1_91","n":91,"id":"C1","t":1638065788}
{"tipo_e":"res","op":"put","clave":"pruebas","valor":"C1_91","n":91,"id":"C1","t":1639601160}
{"tipo_e":"inv","op":"get","clave":"pruebas","valor":null,"n":105,"id":"C2","t":1641116777}
{"tipo_e":"res","op":"get","clave":"pruebas","valor":"C1_91","n":105,"id":"C2","t":1642627572}
{"tipo_e":"inv","op":"put","clave":"pruebas","valor":"C1_92","n":92,"id":"C1","t":1648260978}
{"tipo_e":"res","op":"put","clave":"pruebas","valor":"C1_92","n":92,"id":"C1","t":1649911743}
{"tipo_e":"inv","op":"get","clave":"pruebas","valor":null,"n":106,"id":"C2","t":1651380027}
{"tipo_e":"res","op":"get","clave":"pruebas","valor":"C1_92","n":106,"id":"C2","t":1652889899}
{"tipo_e":"inv","op":"put","clave":"pruebas","valor":"C1_93","n":93,"id":"C1","t":1658544554}
{"tipo_e":"inv","op":"put","clave":"pruebas","valor":"C2_107","n":107,"id":"C2","t":1660778740}
{"tipo_e":"res","op":"put","clave":"pruebas","valor":"C1_93","n":93,"id":"C1","t":1661270739}
{"tipo_e":"res","op":"put","clave":"pruebas","valor":"C2_107","n":107,"id":"C2","t":1662413378}
{"tipo_e":"inv","op":"get","clave":"pruebas","valor":null,"n":94,"id":"C1","t":1667899413}
{"tipo_e":"res","op":"get","clave":"pruebas","valor":"C2_107","n":94,"id":"C1","t":1669347134}
{"tipo_e":"inv","op":"get","clave":"pruebas","valor":null,"n":108,"id":"C2","t":1671028839}
{"tipo_e":"res","op":"get","clave":"pruebas","valor":"C2_107","n":108,"id":"C2","t":1672413338}
{"tipo_e":"inv","op":"put","clave":"pruebas","valor":"C1_95","n":95,"id":"C1","t":1678041829}
{"tipo_e":"res","op":"put","clave":"pruebas","valor":"C1_95","n":95,"id":"C1","t":1679617785}
{"tipo_e":"inv","op":"put","clave":"pruebas","valor":"C2_109","n":109,"id":"C2","t":1681005446}
{"tipo_e":"res","op":"put","clave":"pruebas","valor":"C2_109","n":109,"id":"C2","t":1682798159}
{"tipo_e":"inv","op":"put","clave":"pruebas","valor":"C1_96","n":96,"id":"C1","t":1688193932}
{"tipo_e":"res","op":"put","clave":"pruebas","valor":"C1_96","n":96,"id":"C1","t":1690105354}
{"tipo_e":"inv","op":"put","clave":"pruebas","valor":"C2_110","n":110,"id":"C2","t":1691312024}
{"tipo_e":"res","op":"put","clave":"pruebas","valor":"C2_110","n":110,"id":"C2","t":1693032393}
{"tipo_e":"inv","op":"put","clave":"pruebas","valor":"C1_97","n":97,"id":"C1","t":1697775179}
{"tipo_e":"res","op":"put","clave":"pruebas","valor":"C1_97","n":97,"id":"C1","t":1699497308}
{"tipo_e":"inv","op":"put","clave":"pruebas","valor":"C2_111","n":111,"id":"C2","t":1701589934}
{"tipo_e":"res","op":"put","clave":"pruebas","valor":"C2_111","n":111,"id":"C2","t":1703236786}
{"tipo_e":"inv","op":"put","clave":"pruebas","valor":"C1_98","n":98,"id":"C1","t":1708095326}
{"tipo_e":"res","op":"put","clave":"pruebas","valor":"C1_98","n":98,"id":"C1","t":1709755961}
{"tipo_e":"inv","op":"get","clave":"pruebas","valor":null,"n":112,"id":"C2","t":1711824429}
{"tipo_e":"res","op":"get","clave":"pruebas","valor":"C1_98","n":112,"id":"C2","t":1713419753}
{"tipo_e":"inv","op":"get","clave":"pruebas","valor":null,"n":99,"id":"C1","t":1718468314}
{"tipo_e":"res","op":"get","clave":"pruebas","valor":"C1_98","n":99,"id":"C1","t":1720129613}
{"tipo_e":"inv","op":"get","clave":"pruebas","valor":null,"n":113,"id":"C2","t":1721948330}
{"tipo_e":"res","op":"get","clave":"pruebas","valor":"C1_98","n":113,"id":"C2","t":1723558540}
{"tipo_e":"inv","op":"get","clave":"pruebas","valor":null,"n":100,"id":"C1","t":1727719847}
{"tipo_e":"res","op":"get","clave":"pruebas","valor":"C1_98","n":100,"id":"C1","t":1729413893}
{"tipo_e":"inv","op":"get","clave":"pruebas","valor":null,"n":114,"id":"C2","t":1732196848}
{"tipo_e":"res","op":"get","clave":"pruebas","valor":"C1_98","n":114,"id":"C2","t":1734246566}
{"tipo_e":"inv","op":"put","clave":"pruebas","valor":"C1_101","n":101,"id":"C1","t":1738035286}
{"tipo_e":"res","op":"put","clave":"pruebas","valor":"C1_101","n":101,"id":"C1","t":1739606158}
{"tipo_e":"inv","op":"get","clave":"pruebas","valor":null,"n":115,"id":"C2","t":1741902061}
{"tipo_e":"res","op":"get","clave":"pruebas","valor":"C1_101","n":115,"id":"C2","t":1743409412}
{"tipo_e":"inv","op":"get","clave":"pruebas","valor":null,"n":102,"id":"C1","t":1748246838}
{"tipo_e":"res","op":"get","clave":"pruebas","valor":"C1_101","n":102,"id":"C1","t":1750247666}
{"tipo_e":"inv","op":"put","clave":"pruebas","valor":"C2_116","n":116,"id":"C2","t":1752001392}
{"tipo_e":"res","op":"put","clave":"pruebas","valor":"C2_116","n":116,"id":"C2","t":1753706146}
{"tipo_e":"inv","op":"put","clave":"pruebas","valor":"C1_103","n":103,"id":"C1","t":1757823244}
{"tipo_e":"res","op":"put","clave":"pruebas","valor":"C1_103","n":103,"id":"C1","t":1759412045}
{"tipo_e":"inv","op":"get","clave":"pruebas","valor":null,"n":117,"id":"C2","t":1762441954}
{"tipo_e":"res","op":"get","clave":"pruebas","valor":"C1_103","n":117,"id":"C2","t":1764415984}
{"tipo_e":"inv","op":"get","clave":"pruebas","valor":null,"n":104,"id":"C1","t":1768004751}
{"tipo_e":"res","op":"get","clave":"pruebas","valor":"C1_103","n":104,"id":"C1","t":1769691952}
{"tipo_e":"inv","op":"get","clave":"pruebas","valor":null,"n":118,"id":"C2","t":1772082526}
{"tipo_e":"res","op":"get","clave":"pruebas","valor":"C1_103","n":118,"id":"C2","t":1773768975}
{"tipo_e":"inv","op":"get","clave":"pruebas","valor":null,"n":105,"id":"C1","t":1778253639}
{"tipo_e":"res","op":"get","clave":"pruebas","valor":"C1_103","n":105,"id":"C1","t":1779975652}
{"tipo_e":"inv","op":"put","clave":"pruebas","valor":"C2_119","n":119,"id":"C2","t":1782334251}
{"tipo_e":"res","op":"put","clave":"pruebas","valor":"C2_119","n":119,"id":"C2","t":1784060646}
{"tipo_e":"inv","op":"put","clave":"pruebas","valor":"C1_106","n":106,"id":"C1","t":1788517672}
{"tipo_e":"res","op":"put","clave":"pruebas","valor":"C1_106","n":106,"id":"C1","t":1790138426}
{"tipo_e":"inv","op":"get","clave":"pruebas","valor":null,"n":120,"id":"C2","t":1792561134}
{"tipo_e":"res","op":"get","clave":"pruebas","valor":"C1_106","n":120,"id":"C2","t":1794072132}
{"tipo_e":"inv","op":"get","clave":"pruebas","valor":null,"n":107,"id":"C1","t":1797991298}
{"tipo_e":"res","op":"get","clave":"pruebas","valor":"C1_106","n":107,"id":"C1","t":1800782618}
{"tipo_e":"inv","op":"get","clave":"pruebas","valor":null,"n":121,"id":"C2","t":1803607931}
{"tipo_e":"res","op":"get","clave":"pruebas","valor":"C1_106","n":121,"id":"C2","t":1805289399}
{"tipo_e":"inv","op":"get","clave":"pruebas","valor":null,"n":108,"id":"C1","t":1808592327}
{"tipo_e":"res","op":"get","clave":"pruebas","valor":"C1_106","n":108,"id":"C1","t":1810242896}
{"tipo_e":"inv","op":"get","clave":"pruebas","valor":null,"n":122,"id":"C2","t":1814199151}
{"tipo_e":"res","op":"get","clave":"pruebas","valor":"C1_106","n":122,"id":"C2","t":1815702247}
{"tipo_e":"inv","op":"get","clave":"pruebas","valor":null,"n":109,"id":"C1","t":1817866954}
{"tipo_e":"res","op":"get","clave":"pruebas","valor":"C1_106","n":109,"id":"C1","t":1819402187}
{"tipo_e":"inv","op":"put","clave":"pruebas","valor":"C2_123","n":123,"id":"C2","t":1824267461}
{"tipo_e":"res","op":"put","clave":"pruebas","valor":"C2_123","n":123,"id":"C2","t":1825875317}
{"tipo_e":"inv","op":"put","clave":"pruebas","valor":"C1_110","n":110,"id":"C1","t":1828004391}
{"tipo_e":"res","op":"put","clave":"pruebas","valor":"C1_110","n":110,"id":"C1","t":1829486984}
{"tipo_e":"inv","op":"put","clave":"pruebas","valor":"C2_124","n":124,"id":"C2","t":1834433842}
{"tipo_e":"res","op":"put","clave":"pruebas","valor":"C2_124","n":124,"id":"C2","t":1836138654}
{"tipo_e":"inv","op":"get","clave":"pruebas","valor":null,"n":111,"id":"C1","t":1838056820}
{"tipo_e":"res","op":"get","clave":"pruebas","valor":"C2_124","n":111,"id":"C1","t":1839588209}
{"tipo_e":"inv","op":"get","clave":"pruebas","valor":null,"n":125,"id":"C2","t":1843738502}
{"tipo_e":"res","op":"get","clave":"pruebas","valor":"C2_124","n":125,"id":"C2","t":1845204939}
{"tipo_e":"inv","op":"get","clave":"pruebas","valor":null,"n":112,"id":"C1","t":1848185899}
{"tipo_e":"res","op":"get","clave":"pruebas","valor":"C2_124","n":112,"id":"C1","t":1849986697}
{"tipo_e":"inv","op":"put","clave":"pruebas","valor":"C2_126","n":126,"id":"C2","t":1853849279}
{"tipo_e":"res","op":"put","clave":"pruebas","valor":"C2_126","n":126,"id":"C2","t":1855503978}
{"tipo_e":"inv","op":"put","clave":"pruebas","valor":"C1_113","n":113,"id":"C1","t":1858552931}
{"tipo_e":"res","op":"put","clave":"pruebas","valor":"C1_113","n":113,"id":"C1","t":1860148330}
{"tipo_e":"inv","op":"get","clave":"pruebas","valor":null,"n":127,"id":"C2","t":1864110602}
{"tipo_e":"res","op":"get","clave":"pruebas","valor":"C1_113","n":127,"id":"C2","t":1865678643}
{"tipo_e":"inv","op":"put","clave":"pruebas","valor":"C1_114","n":114,"id":"C1","t":1867693814}
{"tipo_e":"res","op":"put","clave":"pruebas","valor":"C1_114","n":114,"id":"C1","t":1869573163}
{"tipo_e":"inv","op":"put","clave":"pruebas","valor":"C2_128","n":128,"id":"C2","t":1874280751}
{"tipo_e":"res","op":"put","clave":"pruebas","valor":"C2_128","n":128,"id":"C2","t":1876051822}
{"tipo_e":"inv","op":"get","clave":"pruebas","valor":null,"n":115,"id":"C1","t":1878162365}
{"tipo_e":"res","op":"get","clave":"pruebas","valor":"C2_128","n":115,"id":"C1","t":1879757608}
{"tipo_e":"inv","op":"put","clave":"pruebas","valor":"C2_129","n":129,"id":"C2","t":1884628611}
{"tipo_e":"res","op":"put","clave":"pruebas","valor":"C2_129","n":129,"id":"C2","t":1886205098}
{"tipo_e":"inv","op":"get","clave":"pruebas","valor":null,"n":116,"id":"C1","t":1888420354}
{"tipo_e":"res","op":"get","clave":"pruebas","valor":"C2_129","n":116,"id":"C1","t":1890089670}
{"tipo_e":"inv","op":"put","clave":"pruebas","valor":"C2_130","n":130,"id":"C2","t":1894761611}
{"tipo_e":"res","op":"put","clave":"pruebas","valor":"C2_130","n":130,"id":"C2","t":1896737234}
{"tipo_e":"inv","op":"get","clave":"pruebas","valor":null,"n":117,"id":"C1","t":1898562720}
{"tipo_e":"res","op":"get","clave":"pruebas","valor":"C2_130","n":117,"id":"C1","t":1900185575}
{"tipo_e":"inv","op":"put","clave":"pruebas","valor":"C2_131","n":131,"id":"C2","t":1905309745}
{"tipo_e":"res","op":"put","clave":"pruebas","valor":"C2_131","n":131,"id":"C2","t":1907326976}
{"tipo_e":"inv","op":"put","clave":"pruebas","valor":"C1_118","n":118,"id":"C1","t":1908781288}
{"tipo_e":"res","op":"put","clave":"pruebas","valor":"C1_118","n":118,"id":"C1","t":1910444124}
{"tipo_e":"inv","op":"put","clave":"pruebas","valor":"C2_132","n":132,"id":"C2","t":1915021603}
{"tipo_e":"res","op":"put","clave":"pruebas","valor":"C2_132","n":132,"id":"C2","t":1916616892}
{"tipo_e":"inv","op":"get","clave":"pruebas","valor":null,"n":119,"id":"C1","t":1919030258}
{"tipo_e":"res","op":"get","clave":"pruebas","valor":"C2_132","n":119,"id":"C1","t":1920430627}
{"tipo_e":"inv","op":"get","clave":"pruebas","valor":null,"n":133,"id":"C2","t":1925227025}
{"tipo_e":"res","op":"get","clave":"pruebas","valor":"C2_132","n":133,"id":"C2","t":1926673397}
{"tipo_e":"inv","op":"put","clave":"pruebas","valor":"C1_120","n":120,"id":"C1","t":1928990852}
{"tipo_e":"res","op":"put","clave":"pruebas","valor":"C1_120","n":120,"id":"C1","t":1930507043}
{"tipo_e":"inv","op":"get","clave":"pruebas","valor":null,"n":134,"id":"C2","t":1935258350}
{"tipo_e":"res","op":"get","clave":"pruebas","valor":"C1_120","n":134,"id":"C2","t":1936784311}
{"tipo_e":"inv","op":"put","clave":"pruebas","valor":"C1_121","n":121,"id":"C1","t":1939302073}
{"tipo_e":"res","op":"put","clave":"pruebas","valor":"C1_121","n":121,"id":"C1","t":1940715842}
{"tipo_e":"inv","op":"get","clave":"pruebas","valor":null,"n":135,"id":"C2","t":1945406119}
{"tipo_e":"res","op":"get","clave":"pruebas","valor":"C1_121","n":135,"id":"C2","t":1946804387}
{"tipo_e":"inv","op":"get","clave":"pruebas","valor":null,"n":122,"id":"C1","t":1949322903}
{"tipo_e":"res","op":"get","clave":"pruebas","valor":"C1_121","n":122,"id":"C1","t":1951591570}
{"tipo_e":"inv","op":"put","clave":"pruebas","valor":"C2_136","n":136,"id":"C2","t":1955423657}
{"tipo_e":"res","op":"put","clave":"pruebas","valor":"C2_136","n":136,"id":"C2","t":1956985888}
{"tipo_e":"inv","op":"put","clave":"pruebas","valor":"C1_123","n":123,"id":"C1","t":1959156923}
{"tipo_e":"res","op":"put","clave":"pruebas","valor":"C1_123","n":123,"id":"C1","t":1961616885}
{"tipo_e":"inv","op":"get","clave":"pruebas","valor":null,"n":137,"id":"C2","t":1965549923}
{"tipo_e":"res","op":"get","clave":"pruebas","valor":"C1_123","n":137,"id":"C2","t":1967036324}
{"tipo_e":"inv","op":"get","clave":"pruebas","valor":null,"n":124,"id":"C1","t":1969214086}
{"tipo_e":"res","op":"get","clave":"pruebas","valor":"C1_123","n":124,"id":"C1","t":1970853179}
{"tipo_e":"inv","op":"put","clave":"pruebas","valor":"C2_138","n":138,"id":"C2","t":1976743437}
{"tipo_e":"res","op":"put","clave":"pruebas","valor":"C2_138","n":138,"id":"C2","t":1978256651}
{"tipo_e":"inv","op":"put","clave":"pruebas","valor":"C1_125","n":125,"id":"C1","t":1979474729}
{"tipo_e":"res","op":"put","clave":"pruebas","valor":"C1_125","n":125,"id":"C1","t":1980972130}
{"tipo_e":"inv","op":"put","clave":"pruebas","valor":"C2_139","n":139,"id":"C2","t":1986950295}
{"tipo_e":"res","op":"put","clave":"pruebas","valor":"C2_139","n":139,"id":"C2","t":1988537919}
{"tipo_e":"inv","op":"get","clave":"pruebas","valor":null,"n":126,"id":"C1","t":1989511028}
{"tipo_e":"res","op":"get","clave":"pruebas","valor":"C2_139","n":126,"id":"C1","t":1991045272}
{"tipo_e":"inv","op":"put","clave":"pruebas","valor":"C2_140","n":140,"id":"C2","t":1997101024}
{"tipo_e":"res","op":"put","clave":"pruebas","valor":"C2_140","n":140,"id":"C2","t":1998682162}
{"tipo_e":"inv","op":"get","clave":"pruebas","valor":null,"n":127,"id":"C1","t":1999536742}
{"tipo_e":"res","op":"get","clave":"pruebas","valor":"C2_140","n":127,"id":"C1","t":2000958911}
{"tipo_e":"inv","op":"get","clave":"pruebas","valor":null,"n":141,"id":"C2","t":2007439961}
{"tipo_e":"res","op":"get","clave":"pruebas","valor":"C2_140","n":141,"id":"C2","t":2009482308}
{"tipo_e":"inv","op":"put","clave":"pruebas","valor":"C1_128","n":128,"id":"C1","t":2010665934}
{"tipo_e":"res","op":"put","clave":"pruebas","valor":"C1_128","n":128,"id":"C1","t":2012073087}
{"tipo_e":"inv","op":"put","clave":"pruebas","valor":"C2_142","n":142,"id":"C2","t":2017072148}
{"tipo_e":"res","op":"put","clave":"pruebas","valor":"C2_142","n":142,"id":"C2","t":2018616764}
{"tipo_e":"inv","op":"put","clave":"pruebas","valor":"C1_129","n":129,"id":"C1","t":2019868126}
{"tipo_e":"res","op":"put","clave":"pruebas","valor":"C1_129","n":129,"id":"C1","t":2021876830}
{"tipo_e":"inv","op":"put","clave":"pruebas","valor":"C2_143","n":143,"id":"C2","t":2027489303}
{"tipo_e":"res","op":"put","clave":"pruebas","valor":"C2_143","n":143,"id":"C2","t":2028960946}
{"tipo_e":"inv","op":"put","clave":"pruebas","valor":"C1_130","n":130,"id":"C1","t":2030604617}
{"tipo_e":"res","op":"put","clave":"pruebas","valor":"C1_130","n":130,"id":"C1","t":2032059126}
{"tipo_e":"inv","op":"get","clave":"pruebas","valor":null,"n":144,"id":"C2","t":2037580719}
{"tipo_e":"res","op":"get","clave":"pruebas","valor":"C1_130","n":144,"id":"C2","t":2039214186}
{"tipo_e":"inv","op":"put","clave":"pruebas","valor":"C1_131","n":131,"id":"C1","t":2041554130}
{"tipo_e":"res","op":"put","clave":"pruebas","valor":"C1_131","n":131,"id":"C1","t":2043152101}
{"tipo_e":"inv","op":"get","clave":"pruebas","valor":null,"n":145,"id":"C2","t":2047998446}
{"tipo_e":"res","op":"get","clave":"pruebas","valor":"C1_131","n":145,"id":"C2","t":2049421634}
{"tipo_e":"inv","op":"get","clave":"pruebas","valor":null,"n":132,"id":"C1","t":2051733851}
{"tipo_e":"res","op":"get","clave":"pruebas","valor":"C1_131","n":132,"id":"C1","t":2053232872}
{"tipo_e":"inv","op":"put","clave":"pruebas","valor":"C2_146","n":146,"id":"C2","t":2058014177}
{"tipo_e":"res","op":"put","clave":"pruebas","valor":"C2_146","n":146,"id":"C2","t":2059577012}
{"tipo_e":"inv","op":"get","clave":"pruebas","valor":null,"n":133,"id":"C1","t":2061765626}
{"tipo_e":"res","op":"get","clave":"pruebas","valor":"C2_146","n":133,"id":"C1","t":2063653665}
{"tipo_e":"inv","op":"put","clave":"pruebas","valor":"C2_147","n":147,"id":"C2","t":2068222690}
{"tipo_e":"res","op":"put","clave":"pruebas","valor":"C2_147","n":147,"id":"C2","t":2070045917}
{"tipo_e":"inv","op":"get","clave":"pruebas","valor":null,"n":134,"id":"C1","t":2072497968}
{"tipo_e":"res","op":"get","clave":"pruebas","valor":"C2_147","n":134,"id":"C1","t":2074249180}
{"tipo_e":"inv","op":"get","clave":"pruebas","valor":null,"n":148,"id":"C2","t":2077692376}
{"tipo_e":"res","op":"get","clave":"pruebas","valor":"C2_147","n":148,"id":"C2","t":2079195908}
{"tipo_e":"inv","op":"get","clave":"pruebas","valor":null,"n":135,"id":"C1","t":2082028714}
{"tipo_e":"res","op":"get","clave":"pruebas","valor":"C2_147","n":135,"id":"C1","t":2083590196}
{"tipo_e":"inv","op":"put","clave":"pruebas","valor":"C2_149","n":149,"id":"C2","t":2087868903}
{"tipo_e":"inv","op":"put","clave":"pruebas","valor":"C1_136","n":136,"id":"C1","t":2092230968}
{"tipo_e":"res","op":"put","clave":"pruebas","valor":"C2_149","n":149,"id":"C2","t":2095606673}
{"tipo_e":"res","op":"put","clave":"pruebas","valor":"C1_136","n":136,"id":"C1","t":2095702824}
{"tipo_e":"inv","op":"get","clave":"pruebas","valor":null,"n":150,"id":"C2","t":2098237155}
{"tipo_e":"res","op":"get","clave":"pruebas","valor":"C1_136","n":150,"id":"C2","t":2099761681}
{"tipo_e":"inv","op":"put","clave":"pruebas","valor":"C1_137","n":137,"id":"C1","t":2102283866}
{"tipo_e":"res","op":"put","clave":"pruebas","valor":"C1_137","n":137,"id":"C1","t":2104029984}
{"tipo_e":"inv","op":"put","clave":"pruebas","valor":"C2_151","n":151,"id":"C2","t":2108398940}
{"tipo_e":"res","op":"put","clave":"pruebas","valor":"C2_151","n":151,"id":"C2","t":2110461160}
{"tipo_e":"inv","op":"put","clave":"pruebas","valor":"C1_138","n":138,"id":"C1","t":2111732595}
{"tipo_e":"res","op":"put","clave":"pruebas","valor":"C1_138","n":138,"id":"C1","t":2113606137}
{"tipo_e":"inv","op":"get","clave":"pruebas","valor":null,"n":152,"id":"C2","t":2118193515}
{"tipo_e":"res","op":"get","clave":"pruebas","valor":"C1_138","n":152,"id":"C2","t":2119868559}
{"tipo_e":"inv","op":"get","clave":"pruebas","valor":null,"n":139,"id":"C1","t":2122448876}
{"tipo_e":"res","op":"get","clave":"pruebas","valor":"C1_138","n":139,"id":"C1","t":2125192742}
{"tipo_e":"inv","op":"put","clave":"pruebas","valor":"C2_153","n":153,"id":"C2","t":2128532008}
{"tipo_e":"res","op":"put","clave":"pruebas","valor":"C2_153","n":153,"id":"C2","t":2129940477}
{"tipo_e":"inv","op":"get","clave":"pruebas","valor":null,"n":140,"id":"C1","t":2131979311}
{"tipo_e":"res","op":"get","clave":"pruebas","valor":"C2_153","n":140,"id":"C1","t":2133704976}
{"tipo_e":"inv","op":"put","clave":"pruebas","valor":"C2_154","n":154,"id":"C2","t":2138743319}
{"tipo_e":"res","op":"put","clave":"pruebas","valor":"C2_154","n":154,"id":"C2","t":2140312886}
{"tipo_e":"inv","op":"put","clave":"pruebas","valor":"C1_141","n":141,"id":"C1","t":2142271553}
{"tipo_e":"res","op":"put","clave":"pruebas","valor":"C1_141","n":141,"id":"C1","t":2143854871}
{"tipo_e":"inv","op":"get","clave":"pruebas","valor":null,"n":155,"id":"C2","t":2147977118}
{"tipo_e":"res","op":"get","clave":"pruebas","valor":"C1_141","n":155,"id":"C2","t":2149593492}
{"tipo_e":"inv","op":"put","clave":"pruebas","valor":"C1_142","n":142,"id":"C1","t":2152450402}
{"tipo_e":"res","op":"put","clave":"pruebas","valor":"C1_142","n":142,"id":"C1","t":2156219794}
{"tipo_e":"inv","op":"get","clave":"pruebas","valor":null,"n":156,"id":"C2","t":2158237307}
{"tipo_e":"res","op":"get","clave":"pruebas","valor":"C1_142","n":156,"id":"C2","t":2159848105}
{"tipo_e":"inv","op":"get","clave":"pruebas","valor":null,"n":143,"id":"C1","t":2162032865}
{"tipo_e":"res","op":"get","clave":"pruebas","valor":"C1_142","n":143,"id":"C1","t":2163835133}
{"tipo_e":"inv","op":"get","clave":"pruebas","valor":null,"n":157,"id":"C2","t":2168476461}
{"tipo_e":"res","op":"get","clave":"pruebas","valor":"C1_142","n":157,"id":"C2","t":2170095953}
{"tipo_e":"inv","op":"put","clave":"pruebas","valor":"C1_144","n":144,"id":"C1","t":2172411659}
{"tipo_e":"res","op":"put","clave":"pruebas","valor":"C1_144","n":144,"id":"C1","t":2173994320}
{"tipo_e":"inv","op":"put","clave":"pruebas","valor":"C2_158","n":158,"id":"C2","t":2177720777}
{"tipo_e":"res","op":"put","clave":"pruebas","valor":"C2_158","n":158,"id":"C2","t":2179163077}
{"tipo_e":"inv","op":"get","clave":"pruebas","valor":null,"n":145,"id":"C1","t":2182747610}
{"tipo_e":"res","op":"get","clave":"pruebas","valor":"C2_158","n":145,"id":"C1","t":2184192122}
{"tipo_e":"inv","op":"put","clave":"pruebas","valor":"C2_159","n":159,"id":"C2","t":2187735544}
{"tipo_e":"res","op":"put","clave":"pruebas","valor":"C2_159","n":159,"id":"C2","t":2189497260}
{"tipo_e":"inv","op":"put","clave":"pruebas","valor":"C1_146","n":146,"id":"C1","t":2192795000}
{"tipo_e":"res","op":"put","clave":"pruebas","valor":"C1_146","n":146,"id":"C1","t":2194676372}
{"tipo_e":"inv","op":"get","clave":"pruebas","valor":null,"n":160,"id":"C2","t":2198090725}
{"tipo_e":"res","op":"get","clave":"pruebas","valor":"C1_146","n":160,"id":"C2","t":2199724718}
{"tipo_e":"inv","op":"get","clave":"pruebas","valor":null,"n":147,"id":"C1","t":2203243626}
{"tipo_e":"res","op":"get","clave":"pruebas","valor":"C1_146","n":147,"id":"C1","t":2204793842}
{"tipo_e":"inv","op":"put","clave":"pruebas","valor":"C2_161","n":161,"id":"C2","t":2208291161}
{"tipo_e":"res","op":"put","clave":"pruebas","valor":"C2_161","n":161,"id":"C2","t":2209854719}
{"tipo_e":"inv","op":"put","clave":"pruebas","valor":"C1_148","n":148,"id":"C1","t":2213435454}
{"tipo_e":"res","op":"put","clave":"pruebas","valor":"C1_148","n":148,"id":"C1","t":2214817176}
{"tipo_e":"inv","op":"get","clave":"pruebas","valor":null,"n":162,"id":"C2","t":2218444711}
{"tipo_e":"res","op":"get","clave":"pruebas","valor":"C1_148","n":162,"id":"C2","t":2220043187}
{"tipo_e":"inv","op":"get","clave":"pruebas","valor":null,"n":149,"id":"C1","t":2223471086}
{"tipo_e":"res","op":"get","clave":"pruebas","valor":"C1_148","n":149,"id":"C1","t":2225005739}
{"tipo_e":"inv","op":"get","clave":"pruebas","valor":null,"n":163,"id":"C2","t":2228586764}
{"tipo_e":"res","op":"get","clave":"pruebas","valor":"C1_148","n":163,"id":"C2","t":2230138272}
{"tipo_e":"inv","op":"put","clave":"pruebas","valor":"C1_150","n":150,"id":"C1","t":2233727623}
{"tipo_e":"res","op":"put","clave":"pruebas","valor":"C1_150","n":150,"id":"C1","t":2235228401}
{"tipo_e":"inv","op":"get","clave":"pruebas","valor":null,"n":164,"id":"C2","t":2238700358}
{"tipo_e":"res","op":"get","clave":"pruebas","valor":"C1_150","n":164,"id":"C2","t":2240068922}
{"tipo_e":"inv","op":"get","clave":"pruebas","valor":null,"n":151,"id":"C1","t":2243933272}
{"tipo_e":"res","op":"get","clave":"pruebas","valor":"C1_150","n":151,"id":"C1","t":2245546674}
{"tipo_e":"inv","op":"get","clave":"pruebas","valor":null,"n":165,"id":"C2","t":2248708446}
{"tipo_e":"res","op":"get","clave":"pruebas","valor":"C1_150","n":165,"id":"C2","t":2250083643}
{"tipo_e":"inv","op":"put","clave":"pruebas","valor":"C1_152","n":152,"id":"C1","t":2254173651}
{"tipo_e":"res","op":"put","clave":"pruebas","valor":"C1_152","n":152,"id":"C1","t":2255861237}
{"tipo_e":"inv","op":"put","clave":"pruebas","valor":"C2_166","n":166,"id":"C2","t":2258680377}
{"tipo_e":"res","op":"put","clave":"pruebas","valor":"C2_166","n":166,"id":"C2","t":2260306087}
{"tipo_e":"inv","op":"get","clave":"pruebas","valor":null,"n":153,"id":"C1","t":2264428994}
{"tipo_e":"res","op":"get","clave":"pruebas","valor":"C2_166","n":153,"id":"C1","t":2265923878}
{"tipo_e":"inv","op":"put","clave":"pruebas","valor":"C2_167","n":167,"id":"C2","t":2269153524}
{"tipo_e":"res","op":"put","clave":"pruebas","valor":"C2_167","n":167,"id":"C2","t":2270572897}
{"tipo_e":"inv","op":"get","clave":"pruebas","valor":null,"n":154,"id":"C1","t":2274718818}
{"tipo_e":"res","op":"get","clave":"pruebas","valor":"C2_167","n":154,"id":"C1","t":2276366078}
{"tipo_e":"inv","op":"get","clave":"pruebas","valor":null,"n":168,"id":"C2","t":2279194103}
{"tipo_e":"res","op":"get","clave":"pruebas","valor":"C2_167","n":168,"id":"C2","t":2280687549}
{"tipo_e":"inv","op":"put","clave":"pruebas","valor":"C1_155","n":155,"id":"C1","t":2285218795}
{"tipo_e":"res","op":"put","clave":"pruebas","valor":"C1_155","n":155,"id":"C1","t":2286793101}
{"tipo_e":"inv","op":"get","clave":"pruebas","valor":null,"n":169,"id":"C2","t":2289274105}
{"tipo_e":"res","op":"get","clave":"pruebas","valor":"C1_155","n":169,"id":"C2","t":2290858670}
{"tipo_e":"inv","op":"get","clave":"pruebas","valor":null,"n":156,"id":"C1","t":2295410048}
{"tipo_e":"res","op":"get","clave":"pruebas","valor":"C1_155","n":156,"id":"C1","t":2296946242}
{"tipo_e":"inv","op":"put","clave":"pruebas","valor":"C2_170","n":170,"id":"C2","t":2299558567}
{"tipo_e":"res","op":"put","clave":"pruebas","valor":"C2_170","n":170,"id":"C2","t":2301106549}
{"tipo_e":"inv","op":"put","clave":"pruebas","valor":"C1_157","n":157,"id":"C1","t":2305533477}
{"tipo_e":"res","op":"put","clave":"pruebas","valor":"C1_157","n":157,"id":"C1","t":2307238474}
{"tipo_e":"inv","op":"put","clave":"pruebas","valor":"C2_171","n":171,"id":"C2","t":2308731956}
{"tipo_e":"res","op":"put","clave":"pruebas","valor":"C2_171","n":171,"id":"C2","t":2310205124}
{"tipo_e":"inv","op":"put","clave":"pruebas","valor":"C1_158","n":158,"id":"C1","t":2314888806}
{"tipo_e":"res","op":"put","clave":"pruebas","valor":"C1_158","n":158,"id":"C1","t":2316645138}
{"tipo_e":"inv","op":"put","clave":"pruebas","valor":"C2_172","n":172,"id":"C2","t":2318915446}
{"tipo_e":"res","op":"put","clave":"pruebas","valor":"C2_172","n":172,"id":"C2","t":2320530157}
{"tipo_e":"inv","op":"put","clave":"pruebas","valor":"C1_159","n":159,"id":"C1","t":2325291426}
{"tipo_e":"res","op":"put","clave":"pruebas","valor":"C1_159","n":159,"id":"C1","t":2326847292}
{"tipo_e":"inv","op":"get","clave":"pruebas","valor":null,"n":173,"id":"C2","t":2329182529}
{"tipo_e":"res","op":"get","clave":"pruebas","valor":"C1_159","n":173,"id":"C2","t":2330524978}
{"tipo_e":"inv","op":"get","clave":"pruebas","valor":null,"n":160,"id":"C1","t":2335699902}
{"tipo_e":"res","op":"get","clave":"pruebas","valor":"C1_159","n":160,"id":"C1","t":2337284026}
{"tipo_e":"inv","op":"put","clave":"pruebas","valor":"C2_174","n":174,"id":"C2","t":2339142471}
{"tipo_e":"res","op":"put","clave":"pruebas","valor":"C2_174","n":174,"id":"C2","t":2340553295}
{"tipo_e":"inv","op":"put","clave":"pruebas","valor":"C1_161","n":161,"id":"C1","t":2344941640}
{"tipo_e":"res","op":"put","clave":"pruebas","valor":"C1_161","n":161,"id":"C1","t":2346378289}
{"tipo_e":"inv","op":"put","clave":"pruebas","valor":"C2_175","n":175,"id":"C2","t":2349184724}
{"tipo_e":"res","op":"put","clave":"pruebas","valor":"C2_175","n":175,"id":"C2","t":2350711683}
{"tipo_e":"inv","op":"get","clave":"pruebas","valor":null,"n":162,"id":"C1","t":2354963764}
{"tipo_e":"res","op":"get","clave":"pruebas","valor":"C2_175","n":162,"id":"C1","t":2356496493}
{"tipo_e":"inv","op":"put","clave":"pruebas","valor":"C2_176","n":176,"id":"C2","t":2359492534}
{"tipo_e":"res","op":"put","clave":"pruebas","valor":"C2_176","n":176,"id":"C2","t":2361101407}
{"tipo_e":"inv","op":"put","clave":"pruebas","valor":"C1_163","n":163,"id":"C1","t":2365095428}
{"tipo_e":"res","op":"put","clave":"pruebas","valor":"C1_163","n":163,"id":"C1","t":2366563413}
{"tipo_e":"inv","op":"put","clave":"pruebas","valor":"C2_177","n":177,"id":"C2","t":2368699743}
{"tipo_e":"res","op":"put","clave":"pruebas","valor":"C2_177","n":177,"id":"C2","t":2370130743}
{"tipo_e":"inv","op":"get","clave":"pruebas","valor":null,"n":164,"id":"C1","t":2375221498}
{"tipo_e":"res","op":"get","clave":"pruebas","valor":"C2_177","n":164,"id":"C1","t":2376733812}
{"tipo_e":"inv","op":"get","clave":"pruebas","valor":null,"n":178,"id":"C2","t":2378844424}
{"tipo_e":"res","op":"get","clave":"pruebas","valor":"C2_177","n":178,"id":"C2","t":2380134048}
{"tipo_e":"inv","op":"put","clave":"pruebas","valor":"C1_165","n":165,"id":"C1","t":2385439684}
{"tipo_e":"res","op":"put","clave":"pruebas","valor":"C1_165","n":165,"id":"C1","t":2387138723}
{"tipo_e":"inv","op":"put","clave":"pruebas","valor":"C2_179","n":179,"id":"C2","t":2389158289}
{"tipo_e":"res","op":"put","clave":"pruebas","valor":"C2_179","n":179,"id":"C2","t":2391180837}
{"tipo_e":"inv","op":"put","clave":"pruebas","valor":"C1_166","n":166,"id":"C1","t":2394846560}
{"tipo_e":"res","op":"put","clave":"pruebas","valor":"C1_166","n":166,"id":"C1","t":2396277691}
{"tipo_e":"inv","op":"get","clave":"pruebas","valor":null,"n":180,"id":"C2","t":2398812250}
{"tipo_e":"res","op":"get","clave":"pruebas","valor":"C1_166","n":180,"id":"C2","t":2400315347}
{"tipo_e":"inv","op":"get","clave":"pruebas","valor":null,"n":167,"id":"C1","t":2404972050}
{"tipo_e":"res","op":"get","clave":"pruebas","valor":"C1_166","n":167,"id":"C1","t":2406431210}
{"tipo_e":"inv","op":"put","clave":"pruebas","valor":"C2_181","n":181,"id":"C2","t":2408915449}
{"tipo_e":"res","op":"put","clave":"pruebas","valor":"C2_181","n":181,"id":"C2","t":2410415095}
{"tipo_e":"inv","op":"get","clave":"pruebas","valor":null,"n":168,"id":"C1","t":2415165232}
{"tipo_e":"res","op":"get","clave":"pruebas","valor":"C2_181","n":168,"id":"C1","t":2416879722}
{"tipo_e":"inv","op":"get","clave":"pruebas","valor":null,"n":182,"id":"C2","t":2419203068}
{"tipo_e":"res","op":"get","clave":"pruebas","valor":"C2_181","n":182,"id":"C2","t":2420754977}
{"tipo_e":"inv","op":"put","clave":"pruebas","valor":"C1_169","n":169,"id":"C1","t":2425705069}
{"tipo_e":"res","op":"put","clave":"pruebas","valor":"C1_169","n":169,"id":"C1","t":2427266457}
{"tipo_e":"inv","op":"put","clave":"pruebas","valor":"C2_183","n":183,"id":"C2","t":2429368500}
{"tipo_e":"res","op":"put","clave":"pruebas","valor":"C2_183","n":183,"id":"C2","t":2430880768}
{"tipo_e":"inv","op":"get","clave":"pruebas","valor":null,"n":170,"id":"C1","t":2434998289}
{"tipo_e":"res","op":"get","clave":"pruebas","valor":"C2_183","n":170,"id":"C1","t":2436643573}
{"tipo_e":"inv","op":"get","clave":"pruebas","valor":null,"n":184,"id":"C2","t":2439639189}
{"tipo_e":"res","op":"get","clave":"pruebas","valor":"C2_183","n":184,"id":"C2","t":2441212347}
{"tipo_e":"inv","op":"put","clave":"pruebas","valor":"C1_171","n":171,"id":"C1","t":2445274704}
{"tipo_e":"res","op":"put","clave":"pruebas","valor":"C1_171","n":171,"id":"C1","t":2446847423}
{"tipo_e":"inv","op":"put","clave":"pruebas","valor":"C2_185","n":185,"id":"C2","t":2448881275}
{"tipo_e":"res","op":"put","clave":"pruebas","valor":"C2_185","n":185,"id":"C2","t":2450541584}
{"tipo_e":"inv","op":"get","clave":"pruebas","valor":null,"n":172,"id":"C1","t":2455884748}
{"tipo_e":"res","op":"get","clave":"pruebas","valor":"C2_185","n":172,"id":"C1","t":2457442009}
{"tipo_e":"inv","op":"put","clave":"pruebas","valor":"C2_186","n":186,"id":"C2","t":2459207115}
{"tipo_e":"res","op":"put","clave":"pruebas","valor":"C2_186","n":186,"id":"C2","t":2460784122}
{"tipo_e":"inv","op":"get","clave":"pruebas","valor":null,"n":173,"id":"C1","t":2465176127}
{"tipo_e":"res","op":"get","clave":"pruebas","valor":"C2_186","n":173,"id":"C1","t":2466736112}
{"tipo_e":"inv","op":"put","clave":"pruebas","valor":"C2_187","n":187,"id":"C2","t":2469342743}
{"tipo_e":"res","op":"put","clave":"pruebas","valor":"C2_187","n":187,"id":"C2","t":2471083770}
{"tipo_e":"inv","op":"put","clave":"pruebas","valor":"C1_174","n":174,"id":"C1","t":2475323584}
{"tipo_e":"res","op":"put","clave":"pruebas","valor":"C1_174","n":174,"id":"C1","t":2476934706}
{"tipo_e":"inv","op":"get","clave":"pruebas","valor":null,"n":188,"id":"C2","t":2478704363}
{"tipo_e":"res","op":"get","clave":"pruebas","valor":"C1_174","n":188,"id":"C2","t":2480039793}
{"tipo_e":"inv","op":"get","clave":"pruebas","valor":null,"n":175,"id":"C1","t":2485546175}
{"tipo_e":"res","op":"get","clave":"pruebas","valor":"C1_174","n":175,"id":"C1","t":2487027213}
{"tipo_e":"inv","op":"put","clave":"pruebas","valor":"C2_189","n":189,"id":"C2","t":2489588164}
{"tipo_e":"res","op":"put","clave":"pruebas","valor":"C2_189","n":189,"id":"C2","t":2491372767}
{"tipo_e":"inv","op":"get","clave":"pruebas","valor":null,"n":176,"id":"C1","t":2494739294}
{"tipo_e":"res","op":"get","clave":"pruebas","valor":"C2_189","n":176,"id":"C1","t":2496149136}
{"tipo_e":"inv","op":"get","clave":"pruebas","valor":null,"n":190,"id":"C2","t":2499955659}
{"tipo_e":"res","op":"get","clave":"pruebas","valor":"C2_189","n":190,"id":"C2","t":2501317013}
{"tipo_e":"inv","op":"put","clave":"pruebas","valor":"C1_177","n":177,"id":"C1","t":2504781109}
{"tipo_e":"res","op":"put","clave":"pruebas","valor":"C1_177","n":177,"id":"C1","t":2506483273}
{"tipo_e":"inv","op":"put","clave":"pruebas","valor":"C2_191","n":191,"id":"C2","t":2510043691}
{"tipo_e":"res","op":"put","clave":"pruebas","valor":"C2_191","n":191,"id":"C2","t":2511551490}
{"tipo_e":"inv","op":"get","clave":"pruebas","valor":null,"n":178,"id":"C1","t":2515184996}
{"tipo_e":"res","op":"get","clave":"pruebas","valor":"C2_191","n":178,"id":"C1","t":2516599412}
{"tipo_e":"inv","op":"put","clave":"pruebas","valor":"C2_192","n":192,"id":"C2","t":2520172493}
{"tipo_e":"res","op":"put","clave":"pruebas","valor":"C2_192","n":192,"id":"C2","t":2522003328}
{"tipo_e":"inv","op":"get","clave":"pruebas","valor":null,"n":179,"id":"C1","t":2525577377}
{"tipo_e":"res","op":"get","clave":"pruebas","valor":"C2_192","n":179,"id":"C1","t":2527172271}
{"tipo_e":"inv","op":"put","clave":"pruebas","valor":"C2_193","n":193,"id":"C2","t":2530641581}
{"tipo_e":"res","op":"put","clave":"pruebas","valor":"C2_193","n":193,"id":"C2","t":2532063206}
{"tipo_e":"inv","op":"put","clave":"pruebas","valor":"C1_180","n":180,"id":"C1","t":2535873422}
{"tipo_e":"res","op":"put","clave":"pruebas","valor":"C1_180","n":180,"id":"C1","t":2537456127}
{"tipo_e":"inv","op":"get","clave":"pruebas","valor":null,"n":194,"id":"C2","t":2540919126}
{"tipo_e":"res","op":"get","clave":"pruebas","valor":"C1_180","n":194,"id":"C2","t":2542301886}
{"tipo_e":"inv","op":"get","clave":"pruebas","valor":null,"n":181,"id":"C1","t":2546102968}
{"tipo_e":"res","op":"get","clave":"pruebas","valor":"C1_180","n":181,"id":"C1","t":2547501551}
{"tipo_e":"inv","op":"get","clave":"pruebas","valor":null,"n":195,"id":"C2","t":2550983155}
{"tipo_e":"res","op":"get","clave":"pruebas","valor":"C1_180","n":195,"id":"C2","t":2552324353}
{"tipo_e":"inv","op":"get","clave":"pruebas","valor":null,"n":182,"id":"C1","t":2556157307}
{"tipo_e":"res","op":"get","clave":"pruebas","valor":"C1_180","n":182,"id":"C1","t":2557933021}
{"tipo_e":"inv","op":"get","clave":"pruebas","valor":null,"n":196,"id":"C2","t":2561183663}
{"tipo_e":"res","op":"get","clave":"pruebas","valor":"C1_180","n":196,"id":"C2","t":2562587690}
{"tipo_e":"inv","op":"get","clave":"pruebas","valor":null,"n":183,"id":"C1","t":2566508041}
{"tipo_e":"res","op":"get","clave":"pruebas","valor":"C1_180","n":183,"id":"C1","t":2568183954}
{"tipo_e":"inv","op":"get","clave":"pruebas","valor":null,"n":197,"id":"C2","t":2571173328}
{"tipo_e":"res","op":"get","clave":"pruebas","valor":"C1_180","n":197,"id":"C2","t":2572778863}
{"tipo_e":"inv","op":"put","clave":"pruebas","valor":"C1_184","n":184,"id":"C1","t":2576018513}
{"tipo_e":"res","op":"put","clave":"pruebas","valor":"C1_184","n":184,"id":"C1","t":2577520104}
{"tipo_e":"inv","op":"get","clave":"pruebas","valor":null,"n":198,"id":"C2","t":2581559258}
{"tipo_e":"res","op":"get","clave":"pruebas","valor":"C1_184","n":198,"id":"C2","t":2583114887}
{"tipo_e":"inv","op":"get","clave":"pruebas","valor":null,"n":185,"id":"C1","t":2586459643}
{"tipo_e":"res","op":"get","clave":"pruebas","valor":"C1_184","n":185,"id":"C1","t":2588057179}
{"tipo_e":"inv","op":"put","clave":"pruebas","valor":"C2_199","n":199,"id":"C2","t":2591747195}
{"tipo_e":"res","op":"put","clave":"pruebas","valor":"C2_199","n":199,"id":"C2","t":2593266288}
{"tipo_e":"inv","op":"get","clave":"pruebas","valor":null,"n":186,"id":"C1","t":2595780213}
{"tipo_e":"res","op":"get","clave":"pruebas","valor":"C2_199","n":186,"id":"C1","t":2597240348}
{"tipo_e":"inv","op":"get","clave":"pruebas","valor":null,"n":200,"id":"C2","t":2601933173}
{"tipo_e":"res","op":"get","clave":"pruebas","valor":"C2_199","n":200,"id":"C2","t":2603451143}
{"tipo_e":"inv","op":"get","clave":"pruebas","valor":null,"n":187,"id":"C1","t":2605932007}
{"tipo_e":"res","op":"get","clave":"pruebas","valor":"C2_199","n":187,"id":"C1","t":2608099841}
{"tipo_e":"inv","op":"get","clave":"pruebas","valor":null,"n":201,"id":"C2","t":2612187574}
{"tipo_e":"res","op":"get","clave":"pruebas","valor":"C2_199","n":201,"id":"C2","t":2613814330}
{"tipo_e":"inv","op":"put","clave":"pruebas","valor":"C1_188","n":188,"id":"C1","t":2615811187}
{"tipo_e":"res","op":"put","clave":"pruebas","valor":"C1_188","n":188,"id":"C1","t":2617417140}
{"tipo_e":"inv","op":"get","clave":"pruebas","valor":null,"n":202,"id":"C2","t":2622419700}
{"tipo_e":"res","op":"get","clave":"pruebas","valor":"C1_188","n":202,"id":"C2","t":2623867367}
{"tipo_e":"inv","op":"get","clave":"pruebas","valor":null,"n":189,"id":"C1","t":2626028204}
{"tipo_e":"res","op":"get","clave":"pruebas","valor":"C1_188","n":189,"id":"C1","t":2627301125}
{"tipo_e":"inv","op":"put","clave":"pruebas","valor":"C2_203","n":203,"id":"C2","t":2632575340}
{"tipo_e":"res","op":"put","clave":"pruebas","valor":"C2_203","n":203,"id":"C2","t":2634215252}
{"tipo_e":"inv","op":"put","clave":"pruebas","valor":"C1_190","n":190,"id":"C1","t":2635919599}
{"tipo_e":"res","op":"put","clave":"pruebas","valor":"C1_190","n":190,"id":"C1","t":2637530325}
{"tipo_e":"inv","op":"get","clave":"pruebas","valor":null,"n":204,"id":"C2","t":2641896335}
{"tipo_e":"res","op":"get","clave":"pruebas","valor":"C1_190","n":204,"id":"C2","t":2643864025}
{"tipo_e":"inv","op":"put","clave":"pruebas","valor":"C1_191","n":191,"id":"C1","t":2646248058}
{"tipo_e":"res","op":"put","clave":"pruebas","valor":"C1_191","n":191,"id":"C1","t":2648060144}
{"tipo_e":"inv","op":"get","clave":"pruebas","valor":null,"n":205,"id":"C2","t":2652481512}
{"tipo_e":"res","op":"get","clave":"pruebas","valor":"C1_191","n":205,"id":"C2","t":2653835746}
{"tipo_e":"inv","op":"get","clave":"pruebas","valor":null,"n":192,"id":"C1","t":2655689738}
{"tipo_e":"res","op":"get","clave":"pruebas","valor":"C1_191","n":192,"id":"C1","t":2656967055}
{"tipo_e":"inv","op":"put","clave":"pruebas","valor":"C2_206","n":206,"id":"C2","t":2662568074}
{"tipo_e":"res","op":"put","clave":"pruebas","valor":"C2_206","n":206,"id":"C2","t":2664543798}
{"tipo_e":"inv","op":"put","clave":"pruebas","valor":"C1_193","n":193,"id":"C1","t":2666508345}
{"tipo_e":"res","op":"put","clave":"pruebas","valor":"C1_193","n":193,"id":"C1","t":2667845151}
{"tipo_e":"inv","op":"put","clave":"pruebas","valor":"C2_207","n":207,"id":"C2","t":2672160680}
{"tipo_e":"res","op":"put","clave":"pruebas","valor":"C2_207","n":207,"id":"C2","t":2673757755}
{"tipo_e":"inv","op":"get","clave":"pruebas","valor":null,"n":194,"id":"C1","t":2676436381}
{"tipo_e":"res","op":"get","clave":"pruebas","valor":"C2_207","n":194,"id":"C1","t":2677771751}
